#
# There is insufficient memory for the Java Runtime Environment to continue.
# Native memory allocation (mmap) failed to map 60293120 bytes for committing reserved memory.
# Possible reasons:
#   The system is out of physical RAM or swap space
#   The process is running with CompressedOops enabled, and the Java Heap may be blocking the growth of the native heap
# Possible solutions:
#   Reduce memory load on the system
#   Increase physical memory or swap space
#   Check if swap backing store is full
#   Decrease Java heap size (-Xmx/-Xms)
#   Decrease number of Java threads
#   Decrease Java thread stack sizes (-Xss)
#   Set larger code cache with -XX:ReservedCodeCacheSize=
#   JVM is running with Unscaled Compressed Oops mode in which the Java heap is
#     placed in the first 4GB address space. The Java Heap base address is the
#     maximum limit for the native heap growth. Please use -XX:HeapBaseMinAddress
#     to set the Java Heap base and to place the Java Heap above 4GB virtual address.
# This output file may be truncated or incomplete.
#
#  Out of Memory Error (os_linux.cpp:2757), pid=24614, tid=0x00007ff8deaf2700
#
# JRE version: OpenJDK Runtime Environment (8.0_242-b08) (build 1.8.0_242-8u242-b08-0ubuntu3~18.04-b08)
# Java VM: OpenJDK 64-Bit Server VM (25.242-b08 mixed mode linux-amd64 compressed oops)
# Failed to write core dump. Core dumps have been disabled. To enable core dumping, try "ulimit -c unlimited" before starting Java again
#

---------------  T H R E A D  ---------------

Current thread (0x00007ff8f4079800):  VMThread [stack: 0x00007ff8de9f3000,0x00007ff8deaf3000] [id=24620]

Stack: [0x00007ff8de9f3000,0x00007ff8deaf3000],  sp=0x00007ff8deaf1460,  free space=1017k
Native frames: (J=compiled Java code, j=interpreted, Vv=VM code, C=native code)
V  [libjvm.so+0xabba52]
V  [libjvm.so+0x4de2e7]
V  [libjvm.so+0x8f59f0]
V  [libjvm.so+0x8ecabe]
V  [libjvm.so+0x970456]
V  [libjvm.so+0x95f0ba]
V  [libjvm.so+0x95f288]
V  [libjvm.so+0x95fe90]
V  [libjvm.so+0x96624c]
V  [libjvm.so+0x96e325]
V  [libjvm.so+0x91cc28]
V  [libjvm.so+0xabd792]
V  [libjvm.so+0xac2336]
V  [libjvm.so+0xac0635]
V  [libjvm.so+0xac0f0d]
V  [libjvm.so+0xac1318]
V  [libjvm.so+0x8f2d82]

VM_Operation (0x00007ff8f99d4380): ParallelGCFailedAllocation, mode: safepoint, requested by thread 0x00007ff8f400c000


---------------  P R O C E S S  ---------------

Java Threads: ( => current thread )
  0x00007ff8f40d4800 JavaThread "Service Thread" daemon [_thread_blocked, id=24627, stack(0x00007ff8d7afe000,0x00007ff8d7eff000)]
  0x00007ff8f40bf000 JavaThread "C1 CompilerThread2" daemon [_thread_blocked, id=24626, stack(0x00007ff8d7f00000,0x00007ff8d8000000)]
  0x00007ff8f40bd800 JavaThread "C2 CompilerThread1" daemon [_thread_blocked, id=24625, stack(0x00007ff8dc00b000,0x00007ff8dc10b000)]
  0x00007ff8f40ba800 JavaThread "C2 CompilerThread0" daemon [_thread_blocked, id=24624, stack(0x00007ff8dc10c000,0x00007ff8dc20c000)]
  0x00007ff8f40b6800 JavaThread "Signal Dispatcher" daemon [_thread_blocked, id=24623, stack(0x00007ff8dc20c000,0x00007ff8dc60d000)]
  0x00007ff8f4088000 JavaThread "Finalizer" daemon [_thread_blocked, id=24622, stack(0x00007ff8de1f0000,0x00007ff8de5f1000)]
  0x00007ff8f4083800 JavaThread "Reference Handler" daemon [_thread_blocked, id=24621, stack(0x00007ff8de5f1000,0x00007ff8de9f2000)]
  0x00007ff8f400c000 JavaThread "main" [_thread_blocked, id=24615, stack(0x00007ff8f95d8000,0x00007ff8f99d8000)]

Other Threads:
=>0x00007ff8f4079800 VMThread [stack: 0x00007ff8de9f3000,0x00007ff8deaf3000] [id=24620]
  0x00007ff8f40d7000 WatcherThread [stack: 0x00007ff8d79fe000,0x00007ff8d7afe000] [id=24628]

VM state:at safepoint (normal execution)

VM Mutex/Monitor currently owned by a thread:  ([mutex/lock_event])
[0x00007ff8f4007fd0] ExpandHeap_lock - owner thread: 0x00007ff8f4079800
[0x00007ff8f4008650] Threads_lock - owner thread: 0x00007ff8f4079800
[0x00007ff8f4008b50] Heap_lock - owner thread: 0x00007ff8f400c000

heap address: 0x00000000f0000000, size: 256 MB, Compressed Oops mode: 32-bit
Narrow klass base: 0x0000000000000000, Narrow klass shift: 3
Compressed class space size: 1073741824 Address: 0x0000000100000000

Heap:
 PSYoungGen      total 52224K, used 11770K [0x00000000fab00000, 0x0000000100000000, 0x0000000100000000)
  eden space 29696K, 0% used [0x00000000fab00000,0x00000000fab00000,0x00000000fc800000)
  from space 22528K, 52% used [0x00000000fea00000,0x00000000ff57e8f0,0x0000000100000000)
  to   space 28672K, 0% used [0x00000000fc800000,0x00000000fc800000,0x00000000fe400000)
 ParOldGen       total 116224K, used 115727K [0x00000000f0000000, 0x00000000f7180000, 0x00000000fab00000)
  object space 116224K, 99% used [0x00000000f0000000,0x00000000f7103f48,0x00000000f7180000)
 Metaspace       used 12451K, capacity 12580K, committed 12672K, reserved 1060864K
  class space    used 1327K, capacity 1368K, committed 1408K, reserved 1048576K

Card table byte_map: [0x00007ff8fc066000,0x00007ff8fc0e7000] byte_map_base: 0x00007ff8fb8e6000

Marking Bits: (ParMarkBitMap*) 0x00007ff8fb28a3e0
 Begin Bits: [0x00007ff8e45fe000, 0x00007ff8e49fe000)
 End Bits:   [0x00007ff8e49fe000, 0x00007ff8e4dfe000)

Polling page: 0x00007ff8fc10b000

CodeCache: size=245760Kb used=10489Kb max_used=10489Kb free=235270Kb
 bounds [0x00007ff8e5000000, 0x00007ff8e5a50000, 0x00007ff8f4000000]
 total_blobs=2548 nmethods=2204 adapters=257
 compilation: enabled

Compilation events (10 events):
Event: 35,212 Thread 0x00007ff8f40bf000 2542       3       com.sun.tools.javac.code.Types$15::visitClassType (37 bytes)
Event: 35,212 Thread 0x00007ff8f40bf000 nmethod 2542 0x00007ff8e5a44490 code [0x00007ff8e5a44640, 0x00007ff8e5a44ae8]
Event: 35,212 Thread 0x00007ff8f40bf000 2543       3       com.sun.tools.javac.tree.JCTree$JCTypeApply::accept (6 bytes)
Event: 35,212 Thread 0x00007ff8f40bf000 nmethod 2543 0x00007ff8e5a44cd0 code [0x00007ff8e5a44e40, 0x00007ff8e5a45068]
Event: 35,214 Thread 0x00007ff8f40bf000 2546       3       com.sun.tools.javac.code.Scope$StarImportScope::importAll (54 bytes)
Event: 35,216 Thread 0x00007ff8f40bf000 nmethod 2546 0x00007ff8e5a45150 code [0x00007ff8e5a45320, 0x00007ff8e5a45bb8]
Event: 35,216 Thread 0x00007ff8f40bf000 2547       3       com.sun.tools.javac.tree.JCTree$JCAnnotation::accept (6 bytes)
Event: 35,216 Thread 0x00007ff8f40bf000 nmethod 2547 0x00007ff8e5a45f90 code [0x00007ff8e5a46100, 0x00007ff8e5a46328]
Event: 35,216 Thread 0x00007ff8f40bf000 2548       3       com.sun.tools.javac.tree.TreeScanner::visitAnnotation (17 bytes)
Event: 35,216 Thread 0x00007ff8f40bf000 nmethod 2548 0x00007ff8e5a46410 code [0x00007ff8e5a465c0, 0x00007ff8e5a46c98]

GC Heap History (10 events):
Event: 27,023 GC heap after
Heap after GC invocations=22 (full 1):
 PSYoungGen      total 65024K, used 14611K [0x00000000fab00000, 0x0000000100000000, 0x0000000100000000)
  eden space 50176K, 0% used [0x00000000fab00000,0x00000000fab00000,0x00000000fdc00000)
  from space 14848K, 98% used [0x00000000fdc00000,0x00000000fea44ea0,0x00000000fea80000)
  to   space 20480K, 0% used [0x00000000fec00000,0x00000000fec00000,0x0000000100000000)
 ParOldGen       total 69120K, used 69061K [0x00000000f0000000, 0x00000000f4380000, 0x00000000fab00000)
  object space 69120K, 99% used [0x00000000f0000000,0x00000000f4371540,0x00000000f4380000)
 Metaspace       used 11899K, capacity 12036K, committed 12160K, reserved 1060864K
  class space    used 1307K, capacity 1336K, committed 1408K, reserved 1048576K
}
Event: 27,026 GC heap before
{Heap before GC invocations=23 (full 2):
 PSYoungGen      total 65024K, used 14611K [0x00000000fab00000, 0x0000000100000000, 0x0000000100000000)
  eden space 50176K, 0% used [0x00000000fab00000,0x00000000fab00000,0x00000000fdc00000)
  from space 14848K, 98% used [0x00000000fdc00000,0x00000000fea44ea0,0x00000000fea80000)
  to   space 20480K, 0% used [0x00000000fec00000,0x00000000fec00000,0x0000000100000000)
 ParOldGen       total 69120K, used 69061K [0x00000000f0000000, 0x00000000f4380000, 0x00000000fab00000)
  object space 69120K, 99% used [0x00000000f0000000,0x00000000f4371540,0x00000000f4380000)
 Metaspace       used 11899K, capacity 12036K, committed 12160K, reserved 1060864K
  class space    used 1307K, capacity 1336K, committed 1408K, reserved 1048576K
Event: 27,900 GC heap after
Heap after GC invocations=23 (full 2):
 PSYoungGen      total 65024K, used 13795K [0x00000000fab00000, 0x0000000100000000, 0x0000000100000000)
  eden space 50176K, 0% used [0x00000000fab00000,0x00000000fab00000,0x00000000fdc00000)
  from space 14848K, 92% used [0x00000000fdc00000,0x00000000fe978c60,0x00000000fea80000)
  to   space 20480K, 0% used [0x00000000fec00000,0x00000000fec00000,0x0000000100000000)
 ParOldGen       total 114688K, used 68932K [0x00000000f0000000, 0x00000000f7000000, 0x00000000fab00000)
  object space 114688K, 60% used [0x00000000f0000000,0x00000000f43513f8,0x00000000f7000000)
 Metaspace       used 11899K, capacity 12036K, committed 12160K, reserved 1060864K
  class space    used 1307K, capacity 1336K, committed 1408K, reserved 1048576K
}
Event: 28,887 GC heap before
{Heap before GC invocations=24 (full 2):
 PSYoungGen      total 65024K, used 63971K [0x00000000fab00000, 0x0000000100000000, 0x0000000100000000)
  eden space 50176K, 100% used [0x00000000fab00000,0x00000000fdc00000,0x00000000fdc00000)
  from space 14848K, 92% used [0x00000000fdc00000,0x00000000fe978c60,0x00000000fea80000)
  to   space 20480K, 0% used [0x00000000fec00000,0x00000000fec00000,0x0000000100000000)
 ParOldGen       total 114688K, used 68932K [0x00000000f0000000, 0x00000000f7000000, 0x00000000fab00000)
  object space 114688K, 60% used [0x00000000f0000000,0x00000000f43513f8,0x00000000f7000000)
 Metaspace       used 11905K, capacity 12036K, committed 12160K, reserved 1060864K
  class space    used 1308K, capacity 1336K, committed 1408K, reserved 1048576K
Event: 28,987 GC heap after
Heap after GC invocations=24 (full 2):
 PSYoungGen      total 62464K, used 17135K [0x00000000fab00000, 0x0000000100000000, 0x0000000100000000)
  eden space 41984K, 0% used [0x00000000fab00000,0x00000000fab00000,0x00000000fd400000)
  from space 20480K, 83% used [0x00000000fec00000,0x00000000ffcbbfd0,0x0000000100000000)
  to   space 22528K, 0% used [0x00000000fd400000,0x00000000fd400000,0x00000000fea00000)
 ParOldGen       total 114688K, used 82787K [0x00000000f0000000, 0x00000000f7000000, 0x00000000fab00000)
  object space 114688K, 72% used [0x00000000f0000000,0x00000000f50d8c50,0x00000000f7000000)
 Metaspace       used 11905K, capacity 12036K, committed 12160K, reserved 1060864K
  class space    used 1308K, capacity 1336K, committed 1408K, reserved 1048576K
}
Event: 30,897 GC heap before
{Heap before GC invocations=25 (full 2):
 PSYoungGen      total 62464K, used 59119K [0x00000000fab00000, 0x0000000100000000, 0x0000000100000000)
  eden space 41984K, 100% used [0x00000000fab00000,0x00000000fd400000,0x00000000fd400000)
  from space 20480K, 83% used [0x00000000fec00000,0x00000000ffcbbfd0,0x0000000100000000)
  to   space 22528K, 0% used [0x00000000fd400000,0x00000000fd400000,0x00000000fea00000)
 ParOldGen       total 114688K, used 82787K [0x00000000f0000000, 0x00000000f7000000, 0x00000000fab00000)
  object space 114688K, 72% used [0x00000000f0000000,0x00000000f50d8c50,0x00000000f7000000)
 Metaspace       used 11978K, capacity 12132K, committed 12416K, reserved 1060864K
  class space    used 1313K, capacity 1368K, committed 1408K, reserved 1048576K
Event: 30,967 GC heap after
Heap after GC invocations=25 (full 2):
 PSYoungGen      total 64512K, used 22514K [0x00000000fab00000, 0x0000000100000000, 0x0000000100000000)
  eden space 41984K, 0% used [0x00000000fab00000,0x00000000fab00000,0x00000000fd400000)
  from space 22528K, 99% used [0x00000000fd400000,0x00000000fe9fc880,0x00000000fea00000)
  to   space 22528K, 0% used [0x00000000fea00000,0x00000000fea00000,0x0000000100000000)
 ParOldGen       total 114688K, used 93376K [0x00000000f0000000, 0x00000000f7000000, 0x00000000fab00000)
  object space 114688K, 81% used [0x00000000f0000000,0x00000000f5b303e0,0x00000000f7000000)
 Metaspace       used 11978K, capacity 12132K, committed 12416K, reserved 1060864K
  class space    used 1313K, capacity 1368K, committed 1408K, reserved 1048576K
}
Event: 35,231 GC heap before
{Heap before GC invocations=26 (full 2):
 PSYoungGen      total 64512K, used 64498K [0x00000000fab00000, 0x0000000100000000, 0x0000000100000000)
  eden space 41984K, 100% used [0x00000000fab00000,0x00000000fd400000,0x00000000fd400000)
  from space 22528K, 99% used [0x00000000fd400000,0x00000000fe9fc880,0x00000000fea00000)
  to   space 22528K, 0% used [0x00000000fea00000,0x00000000fea00000,0x0000000100000000)
 ParOldGen       total 114688K, used 93376K [0x00000000f0000000, 0x00000000f7000000, 0x00000000fab00000)
  object space 114688K, 81% used [0x00000000f0000000,0x00000000f5b303e0,0x00000000f7000000)
 Metaspace       used 12451K, capacity 12580K, committed 12672K, reserved 1060864K
  class space    used 1327K, capacity 1368K, committed 1408K, reserved 1048576K
Event: 35,334 GC heap after
Heap after GC invocations=26 (full 2):
 PSYoungGen      total 52224K, used 12932K [0x00000000fab00000, 0x0000000100000000, 0x0000000100000000)
  eden space 29696K, 0% used [0x00000000fab00000,0x00000000fab00000,0x00000000fc800000)
  from space 22528K, 57% used [0x00000000fea00000,0x00000000ff6a1258,0x0000000100000000)
  to   space 28672K, 0% used [0x00000000fc800000,0x00000000fc800000,0x00000000fe400000)
 ParOldGen       total 116224K, used 115751K [0x00000000f0000000, 0x00000000f7180000, 0x00000000fab00000)
  object space 116224K, 99% used [0x00000000f0000000,0x00000000f7109d00,0x00000000f7180000)
 Metaspace       used 12451K, capacity 12580K, committed 12672K, reserved 1060864K
  class space    used 1327K, capacity 1368K, committed 1408K, reserved 1048576K
}
Event: 35,346 GC heap before
{Heap before GC invocations=27 (full 3):
 PSYoungGen      total 52224K, used 12932K [0x00000000fab00000, 0x0000000100000000, 0x0000000100000000)
  eden space 29696K, 0% used [0x00000000fab00000,0x00000000fab00000,0x00000000fc800000)
  from space 22528K, 57% used [0x00000000fea00000,0x00000000ff6a1258,0x0000000100000000)
  to   space 28672K, 0% used [0x00000000fc800000,0x00000000fc800000,0x00000000fe400000)
 ParOldGen       total 116224K, used 115751K [0x00000000f0000000, 0x00000000f7180000, 0x00000000fab00000)
  object space 116224K, 99% used [0x00000000f0000000,0x00000000f7109d00,0x00000000f7180000)
 Metaspace       used 12451K, capacity 12580K, committed 12672K, reserved 1060864K
  class space    used 1327K, capacity 1368K, committed 1408K, reserved 1048576K

Deoptimization events (10 events):
Event: 34,436 Thread 0x00007ff8f400c000 Uncommon trap: reason=class_check action=maybe_recompile pc=0x00007ff8e53ade3c method=com.sun.tools.javac.tree.JCTree$JCMethodDecl.accept(Lcom/sun/tools/javac/tree/JCTree$Visitor;)V @ 2
Event: 34,436 Thread 0x00007ff8f400c000 Uncommon trap: reason=class_check action=maybe_recompile pc=0x00007ff8e55b5e7c method=com.sun.tools.javac.tree.JCTree$JCVariableDecl.accept(Lcom/sun/tools/javac/tree/JCTree$Visitor;)V @ 2
Event: 34,436 Thread 0x00007ff8f400c000 Uncommon trap: reason=class_check action=maybe_recompile pc=0x00007ff8e55b5e7c method=com.sun.tools.javac.tree.JCTree$JCVariableDecl.accept(Lcom/sun/tools/javac/tree/JCTree$Visitor;)V @ 2
Event: 34,439 Thread 0x00007ff8f400c000 Uncommon trap: reason=class_check action=maybe_recompile pc=0x00007ff8e596df1c method=com.sun.tools.javac.util.List.prependList(Lcom/sun/tools/javac/util/List;)Lcom/sun/tools/javac/util/List; @ 1
Event: 34,445 Thread 0x00007ff8f400c000 Uncommon trap: reason=class_check action=maybe_recompile pc=0x00007ff8e596df1c method=com.sun.tools.javac.util.List.prependList(Lcom/sun/tools/javac/util/List;)Lcom/sun/tools/javac/util/List; @ 1
Event: 34,445 Thread 0x00007ff8f400c000 Uncommon trap: reason=class_check action=maybe_recompile pc=0x00007ff8e55b5e7c method=com.sun.tools.javac.tree.JCTree$JCVariableDecl.accept(Lcom/sun/tools/javac/tree/JCTree$Visitor;)V @ 2
Event: 34,446 Thread 0x00007ff8f400c000 Uncommon trap: reason=class_check action=maybe_recompile pc=0x00007ff8e55b5e7c method=com.sun.tools.javac.tree.JCTree$JCVariableDecl.accept(Lcom/sun/tools/javac/tree/JCTree$Visitor;)V @ 2
Event: 34,446 Thread 0x00007ff8f400c000 Uncommon trap: reason=class_check action=maybe_recompile pc=0x00007ff8e53ade3c method=com.sun.tools.javac.tree.JCTree$JCMethodDecl.accept(Lcom/sun/tools/javac/tree/JCTree$Visitor;)V @ 2
Event: 34,458 Thread 0x00007ff8f400c000 Uncommon trap: reason=class_check action=maybe_recompile pc=0x00007ff8e53ade3c method=com.sun.tools.javac.tree.JCTree$JCMethodDecl.accept(Lcom/sun/tools/javac/tree/JCTree$Visitor;)V @ 2
Event: 34,474 Thread 0x00007ff8f400c000 Uncommon trap: reason=class_check action=maybe_recompile pc=0x00007ff8e596df1c method=com.sun.tools.javac.util.List.prependList(Lcom/sun/tools/javac/util/List;)Lcom/sun/tools/javac/util/List; @ 1

Classes redefined (0 events):
No events

Internal exceptions (10 events):
Event: 0,266 Thread 0x00007ff8f400c000 Exception <a 'java/security/PrivilegedActionException'> (0x00000000fad0a3d0) thrown at [/build/openjdk-8-58sEEn/openjdk-8-8u242-b08/src/hotspot/src/share/vm/prims/jvm.cpp, line 1502]
Event: 0,266 Thread 0x00007ff8f400c000 Exception <a 'java/security/PrivilegedActionException'> (0x00000000fad0a5e0) thrown at [/build/openjdk-8-58sEEn/openjdk-8-8u242-b08/src/hotspot/src/share/vm/prims/jvm.cpp, line 1502]
Event: 0,267 Thread 0x00007ff8f400c000 Exception <a 'java/security/PrivilegedActionException'> (0x00000000fad0c850) thrown at [/build/openjdk-8-58sEEn/openjdk-8-8u242-b08/src/hotspot/src/share/vm/prims/jvm.cpp, line 1502]
Event: 0,267 Thread 0x00007ff8f400c000 Exception <a 'java/security/PrivilegedActionException'> (0x00000000fad0ca60) thrown at [/build/openjdk-8-58sEEn/openjdk-8-8u242-b08/src/hotspot/src/share/vm/prims/jvm.cpp, line 1502]
Event: 0,267 Thread 0x00007ff8f400c000 Exception <a 'java/security/PrivilegedActionException'> (0x00000000fad0d720) thrown at [/build/openjdk-8-58sEEn/openjdk-8-8u242-b08/src/hotspot/src/share/vm/prims/jvm.cpp, line 1502]
Event: 0,267 Thread 0x00007ff8f400c000 Exception <a 'java/security/PrivilegedActionException'> (0x00000000fad0d930) thrown at [/build/openjdk-8-58sEEn/openjdk-8-8u242-b08/src/hotspot/src/share/vm/prims/jvm.cpp, line 1502]
Event: 0,626 Thread 0x00007ff8f400c000 Exception <a 'java/lang/ClassNotFoundException': org/apache/tools/ant/helper/DefaultExecutor> (0x00000000fb56c3e0) thrown at [/build/openjdk-8-58sEEn/openjdk-8-8u242-b08/src/hotspot/src/share/vm/classfile/systemDictionary.cpp, line 210]
Event: 30,364 Thread 0x00007ff8f400c000 Exception <a 'java/io/FileNotFoundException'> (0x00000000fcf39e38) thrown at [/build/openjdk-8-58sEEn/openjdk-8-8u242-b08/src/hotspot/src/share/vm/prims/jni.cpp, line 710]
Event: 30,499 Thread 0x00007ff8f400c000 Exception <a 'java/io/FileNotFoundException'> (0x00000000fcf62180) thrown at [/build/openjdk-8-58sEEn/openjdk-8-8u242-b08/src/hotspot/src/share/vm/prims/jni.cpp, line 710]
Event: 30,503 Thread 0x00007ff8f400c000 Exception <a 'java/io/FileNotFoundException'> (0x00000000fcf62c60) thrown at [/build/openjdk-8-58sEEn/openjdk-8-8u242-b08/src/hotspot/src/share/vm/prims/jni.cpp, line 710]

Events (10 events):
Event: 34,463 loading class com/sun/tools/javac/code/TypeAnnotations$2
Event: 34,463 loading class com/sun/tools/javac/code/TypeAnnotations$2 done
Event: 34,474 Thread 0x00007ff8f400c000 Uncommon trap: trap_request=0xffffffde fr.pc=0x00007ff8e596df1c
Event: 34,474 Thread 0x00007ff8f400c000 DEOPT PACKING pc=0x00007ff8e596df1c sp=0x00007ff8f99d3e00
Event: 34,474 Thread 0x00007ff8f400c000 DEOPT UNPACKING pc=0x00007ff8e504547a sp=0x00007ff8f99d3dc0 mode 2
Event: 35,083 Executing VM operation: ForceSafepoint
Event: 35,083 Executing VM operation: ForceSafepoint done
Event: 35,100 loading class com/sun/tools/javac/jvm/ClassReader$AnnotationDefaultCompleter
Event: 35,100 loading class com/sun/tools/javac/jvm/ClassReader$AnnotationDefaultCompleter done
Event: 35,224 Executing VM operation: ParallelGCFailedAllocation


Dynamic libraries:
f0000000-f7180000 rw-p 00000000 00:00 0 
fab00000-100000000 rw-p 00000000 00:00 0 
100000000-100160000 rw-p 00000000 00:00 0 
100160000-140000000 ---p 00000000 00:00 0 
565532faf000-565532fb0000 r-xp 00000000 08:05 930592                     /usr/lib/jvm/java-8-openjdk-amd64/jre/bin/java
5655331af000-5655331b0000 r--p 00000000 08:05 930592                     /usr/lib/jvm/java-8-openjdk-amd64/jre/bin/java
5655331b0000-5655331b1000 rw-p 00001000 08:05 930592                     /usr/lib/jvm/java-8-openjdk-amd64/jre/bin/java
565533220000-565533241000 rw-p 00000000 00:00 0                          [heap]
7ff8a7c7d000-7ff8a7d7d000 rw-p 00000000 00:00 0 
7ff8a7d7d000-7ff8a7e7d000 ---p 00000000 00:00 0 
7ff8a7e7d000-7ff8a7ef7000 r--s 01103000 08:05 939675                     /usr/lib/jvm/java-8-openjdk-amd64/lib/tools.jar
7ff8a7ef7000-7ff8a7f05000 r--s 00092000 08:01 79413                      /media/sigit/Lain/PROJECT/simrs-web/lib/xwork-core-2.3.16.3.jar
7ff8a7f05000-7ff8a7f12000 r--s 00077000 08:01 79412                      /media/sigit/Lain/PROJECT/simrs-web/lib/xstream-1.4.8.jar
7ff8a7f12000-7ff8a7f1a000 r--s 00028000 08:01 79411                      /media/sigit/Lain/PROJECT/simrs-web/lib/xml-apis.jar
7ff8a7f1a000-7ff8a7f1f000 r--s 00010000 08:01 79410                      /media/sigit/Lain/PROJECT/simrs-web/lib/xml-apis-ext.jar
7ff8a7f1f000-7ff8a7f21000 r--s 00009000 08:01 79388                      /media/sigit/Lain/PROJECT/simrs-web/lib/tiles-jsp-2.0.6.jar
7ff8a7f21000-7ff8a7f25000 r--s 0001c000 08:01 79387                      /media/sigit/Lain/PROJECT/simrs-web/lib/tiles-core-2.0.6.jar
7ff8a7f25000-7ff8a7f27000 r--s 00003000 08:01 79384                      /media/sigit/Lain/PROJECT/simrs-web/lib/tiles-api-2.0.6.jar
7ff8a7f27000-7ff8a7f29000 r--s 00004000 08:01 79383                      /media/sigit/Lain/PROJECT/simrs-web/lib/struts2-tiles-plugin-2.3.16.3.jar
7ff8a7f29000-7ff8a7f2b000 r--s 00004000 08:01 79382                      /media/sigit/Lain/PROJECT/simrs-web/lib/struts2-spring-plugin-2.3.16.3.jar
7ff8a7f2b000-7ff8a7f2d000 r--s 00009000 08:01 79374                      /media/sigit/Lain/PROJECT/simrs-web/lib/struts2-rest-plugin-2.3.16.3.jar
7ff8a7f2d000-7ff8a7f2e000 r--s 00004000 08:01 79373                      /media/sigit/Lain/PROJECT/simrs-web/lib/struts2-junit-plugin-2.3.16.3.jar
7ff8a7f2e000-7ff8a7f30000 r--s 00010000 08:01 79371                      /media/sigit/Lain/PROJECT/simrs-web/lib/struts2-json-plugin-2.3.16.3.jar
7ff8a7f30000-7ff8a7f33000 r--s 00026000 08:01 79370                      /media/sigit/Lain/PROJECT/simrs-web/lib/struts2-jquery-tree-plugin-3.7.1.jar
7ff8a7f33000-7ff8a7f6c000 r--s 00302000 08:01 79369                      /media/sigit/Lain/PROJECT/simrs-web/lib/struts2-jquery-richtext-plugin-3.7.1.jar
7ff8a7f6c000-7ff8a7f85000 r--s 00274000 08:01 79368                      /media/sigit/Lain/PROJECT/simrs-web/lib/struts2-jquery-plugin-4.0.3.jar
7ff8a7f85000-7ff8a7f88000 r--s 0005c000 08:01 79366                      /media/sigit/Lain/PROJECT/simrs-web/lib/struts2-jquery-grid-plugin-3.7.1.jar
7ff8a7f88000-7ff8a7f8a000 r--s 0002a000 08:01 79365                      /media/sigit/Lain/PROJECT/simrs-web/lib/struts2-jquery-chart-plugin-3.7.1.jar
7ff8a7f8a000-7ff8a7f8c000 r--s 00005000 08:01 79362                      /media/sigit/Lain/PROJECT/simrs-web/lib/struts2-jasperreports-plugin-2.3.16.3u.jar
7ff8a7f8c000-7ff8a7f95000 r--s 0009d000 08:01 79361                      /media/sigit/Lain/PROJECT/simrs-web/lib/struts2-embeddedjsp-plugin-2.3.16.3.jar
7ff8a7f95000-7ff8a7faf000 r--s 0018d000 08:01 79349                      /media/sigit/Lain/PROJECT/simrs-web/lib/struts2-dojo-plugin-2.3.16.3.jar
7ff8a7faf000-7ff8a7fbf000 r--s 000b4000 08:01 79348                      /media/sigit/Lain/PROJECT/simrs-web/lib/struts2-core-2.3.16.3.jar
7ff8a7fbf000-7ff8a7fc1000 r--s 0000f000 08:01 79347                      /media/sigit/Lain/PROJECT/simrs-web/lib/struts2-convention-plugin-2.3.16.3.jar
7ff8a7fc1000-7ff8a7fc4000 r--s 00065000 08:01 79343                      /media/sigit/Lain/PROJECT/simrs-web/lib/struts2-bootstrap-plugin-2.5.2.jar
7ff8a7fc4000-7ff8a7fcf000 r--s 00072000 08:01 79340                      /media/sigit/Lain/PROJECT/simrs-web/lib/standard-1.0.6.jar
7ff8a7fcf000-7ff8a7fd3000 r--s 0002a000 08:01 79328                      /media/sigit/Lain/PROJECT/simrs-web/lib/spring-webmvc-portlet-3.2.8.RELEASE.jar
7ff8a7fd3000-7ff8a7fdf000 r--s 00090000 08:01 79327                      /media/sigit/Lain/PROJECT/simrs-web/lib/spring-webmvc-3.2.8.RELEASE.jar
7ff8a7fdf000-7ff8a7fed000 r--s 0008c000 08:01 79320                      /media/sigit/Lain/PROJECT/simrs-web/lib/spring-web-3.2.8.RELEASE.jar
7ff8a7fed000-7ff8a7ff5000 r--s 00034000 08:01 79319                      /media/sigit/Lain/PROJECT/simrs-web/lib/spring-tx-3.2.8.RELEASE.jar
7ff8a7ff5000-7ff8a8000000 r--s 00065000 08:01 79318                      /media/sigit/Lain/PROJECT/simrs-web/lib/spring-test-3.2.8.RELEASE.jar
7ff8a8000000-7ff8a8021000 rw-p 00000000 00:00 0 
7ff8a8021000-7ff8ac000000 ---p 00000000 00:00 0 
7ff8ac000000-7ff8ac021000 rw-p 00000000 00:00 0 
7ff8ac021000-7ff8b0000000 ---p 00000000 00:00 0 
7ff8b0000000-7ff8b1f9c000 rw-p 00000000 00:00 0 
7ff8b1f9c000-7ff8b4000000 ---p 00000000 00:00 0 
7ff8b4000000-7ff8b4fd7000 rw-p 00000000 00:00 0 
7ff8b4fd7000-7ff8b8000000 ---p 00000000 00:00 0 
7ff8b8000000-7ff8b8021000 rw-p 00000000 00:00 0 
7ff8b8021000-7ff8bc000000 ---p 00000000 00:00 0 
7ff8bc000000-7ff8be18a000 rw-p 00000000 00:00 0 
7ff8be18a000-7ff8c0000000 ---p 00000000 00:00 0 
7ff8c0000000-7ff8c0021000 rw-p 00000000 00:00 0 
7ff8c0021000-7ff8c4000000 ---p 00000000 00:00 0 
7ff8c4000000-7ff8c4021000 rw-p 00000000 00:00 0 
7ff8c4021000-7ff8c8000000 ---p 00000000 00:00 0 
7ff8c8000000-7ff8c8021000 rw-p 00000000 00:00 0 
7ff8c8021000-7ff8cc000000 ---p 00000000 00:00 0 
7ff8cc000000-7ff8cc023000 rw-p 00000000 00:00 0 
7ff8cc023000-7ff8d0000000 ---p 00000000 00:00 0 
7ff8d0000000-7ff8d0021000 rw-p 00000000 00:00 0 
7ff8d0021000-7ff8d4000000 ---p 00000000 00:00 0 
7ff8d4000000-7ff8d4001000 r--s 00002000 08:01 79358                      /media/sigit/Lain/PROJECT/simrs-web/lib/struts2-dwr-plugin-2.3.16.3.jar
7ff8d4001000-7ff8d4002000 r--s 0000a000 08:01 79346                      /media/sigit/Lain/PROJECT/simrs-web/lib/struts2-config-browser-plugin-2.3.16.3.jar
7ff8d4002000-7ff8d4003000 r--s 00008000 08:01 79317                      /media/sigit/Lain/PROJECT/simrs-web/lib/spring-struts-3.2.8.RELEASE.jar
7ff8d4003000-7ff8d400d000 r--s 0004a000 08:01 79316                      /media/sigit/Lain/PROJECT/simrs-web/lib/spring-security-web-3.2.3.RELEASE.jar
7ff8d400d000-7ff8d400e000 r--s 00005000 08:01 79315                      /media/sigit/Lain/PROJECT/simrs-web/lib/spring-security-taglibs-3.2.3.RELEASE.jar
7ff8d400e000-7ff8d4019000 r--s 0004d000 08:01 79306                      /media/sigit/Lain/PROJECT/simrs-web/lib/spring-security-core-3.2.3.RELEASE.jar
7ff8d4019000-7ff8d4021000 r--s 0005c000 08:01 79305                      /media/sigit/Lain/PROJECT/simrs-web/lib/spring-security-config-3.2.3.RELEASE.jar
7ff8d4021000-7ff8d4024000 r--s 00012000 08:01 79293                      /media/sigit/Lain/PROJECT/simrs-web/lib/spring-security-acl-3.2.3.RELEASE.jar
7ff8d4024000-7ff8d4026000 r--s 00011000 08:01 79292                      /media/sigit/Lain/PROJECT/simrs-web/lib/spring-oxm-3.2.8.RELEASE.jar
7ff8d4026000-7ff8d402f000 r--s 00056000 08:01 79291                      /media/sigit/Lain/PROJECT/simrs-web/lib/spring-orm-3.2.8.RELEASE.jar
7ff8d402f000-7ff8d4034000 r--s 0002e000 08:01 79287                      /media/sigit/Lain/PROJECT/simrs-web/lib/spring-jms-3.2.8.RELEASE.jar
7ff8d4034000-7ff8d403e000 r--s 0005a000 08:01 79286                      /media/sigit/Lain/PROJECT/simrs-web/lib/spring-jdbc-3.2.8.RELEASE.jar
7ff8d403e000-7ff8d403f000 r--s 00002000 08:01 79281                      /media/sigit/Lain/PROJECT/simrs-web/lib/spring-instrument-tomcat-3.2.8.RELEASE.jar
7ff8d403f000-7ff8d4040000 r--s 00001000 08:01 79275                      /media/sigit/Lain/PROJECT/simrs-web/lib/spring-instrument-3.2.8.RELEASE.jar
7ff8d4040000-7ff8d4044000 r--s 0002c000 08:01 79272                      /media/sigit/Lain/PROJECT/simrs-web/lib/spring-expression-3.2.8.RELEASE.jar
7ff8d4044000-7ff8d4056000 r--s 000c4000 08:01 79271                      /media/sigit/Lain/PROJECT/simrs-web/lib/spring-core-3.2.8.RELEASE.jar
7ff8d4056000-7ff8d405a000 r--s 0001c000 08:01 79270                      /media/sigit/Lain/PROJECT/simrs-web/lib/spring-context-support-3.2.8.RELEASE.jar
7ff8d405a000-7ff8d406f000 r--s 000bf000 08:01 79268                      /media/sigit/Lain/PROJECT/simrs-web/lib/spring-context-3.2.8.RELEASE.jar
7ff8d406f000-7ff8d407b000 r--s 0008a000 08:01 79267                      /media/sigit/Lain/PROJECT/simrs-web/lib/spring-beans-3.2.8.RELEASE.jar
7ff8d407b000-7ff8d407d000 r--s 0000b000 08:01 79264                      /media/sigit/Lain/PROJECT/simrs-web/lib/spring-aspects-3.2.8.RELEASE.jar
7ff8d407d000-7ff8d4086000 r--s 0004a000 08:01 79263                      /media/sigit/Lain/PROJECT/simrs-web/lib/spring-aop-3.2.8.RELEASE.jar
7ff8d4086000-7ff8d4087000 r--s 00002000 08:01 79260                      /media/sigit/Lain/PROJECT/simrs-web/lib/slf4j-log4j12-1.6.1.jar
7ff8d4087000-7ff8d4089000 r--s 00005000 08:01 79259                      /media/sigit/Lain/PROJECT/simrs-web/lib/slf4j-api-1.6.1.jar
7ff8d4089000-7ff8d408c000 r--s 00014000 08:01 79257                      /media/sigit/Lain/PROJECT/simrs-web/lib/retrofit-2.4.0.jar
7ff8d408c000-7ff8d4093000 r--s 0008a000 08:01 79254                      /media/sigit/Lain/PROJECT/simrs-web/lib/postgresql-9.3-1102.jdbc4.jar
7ff8d4093000-7ff8d4094000 r--s 00000000 08:01 79253                      /media/sigit/Lain/PROJECT/simrs-web/lib/postgis-stubs-1.3.3.jar
7ff8d4094000-7ff8d4096000 r--s 00011000 08:01 79238                      /media/sigit/Lain/PROJECT/simrs-web/lib/postgis-jdbc-1.3.3.jar
7ff8d4096000-7ff8d40b1000 r--s 00142000 08:01 79233                      /media/sigit/Lain/PROJECT/simrs-web/lib/poi-3.2-FINAL.jar
7ff8d40b1000-7ff8d40b2000 r--s 00014000 08:01 79231                      /media/sigit/Lain/PROJECT/simrs-web/lib/okio-1.14.0.jar
7ff8d40b2000-7ff8d40b7000 r--s 00060000 08:01 79230                      /media/sigit/Lain/PROJECT/simrs-web/lib/okhttp-3.10.0.jar
7ff8d40b7000-7ff8d40ba000 r--s 00035000 08:01 79218                      /media/sigit/Lain/PROJECT/simrs-web/lib/ognl-3.0.5.jar
7ff8d40ba000-7ff8d40c3000 r--s 0006d000 08:01 79217                      /media/sigit/Lain/PROJECT/simrs-web/lib/log4j-1.2.16.jar
7ff8d40c3000-7ff8d40d2000 r--s 0009f000 08:01 79214                      /media/sigit/Lain/PROJECT/simrs-web/lib/jts-1.11.jar
7ff8d40d2000-7ff8d40d3000 r--s 00003000 08:01 79208                      /media/sigit/Lain/PROJECT/simrs-web/lib/jta-1.1.jar
7ff8d40d3000-7ff8d40d5000 r--s 00004000 08:01 79207                      /media/sigit/Lain/PROJECT/simrs-web/lib/jstl-1.1.2.jar
7ff8d40d5000-7ff8d40d9000 r--s 00022000 08:01 79206                      /media/sigit/Lain/PROJECT/simrs-web/lib/json-lib-2.3-jdk15.jar
7ff8d40d9000-7ff8d40de000 r--s 000bc000 08:01 79205                      /media/sigit/Lain/PROJECT/simrs-web/lib/jrobin-1.5.9.jar
7ff8d40de000-7ff8d40ee000 r--s 00080000 08:01 79203                      /media/sigit/Lain/PROJECT/simrs-web/lib/joda-time-2.4.jar
7ff8d40ee000-7ff8d40fe000 r--s 0013f000 08:01 79202                      /media/sigit/Lain/PROJECT/simrs-web/lib/jfreechart-1.0.12.jar
7ff8d40fe000-7ff8d4108000 r--s 0011e000 08:01 79201                      /media/sigit/Lain/PROJECT/simrs-web/lib/jdt-compiler-3.1.1.jar
7ff8d4108000-7ff8d410e000 r--s 00046000 08:01 79200                      /media/sigit/Lain/PROJECT/simrs-web/lib/jcommon-1.0.15.jar
7ff8d410e000-7ff8d4110000 r--s 0000d000 08:01 79199                      /media/sigit/Lain/PROJECT/simrs-web/lib/jboss-logging-3.1.0.GA.jar
7ff8d4110000-7ff8d4118000 r--s 0008e000 08:01 79185                      /media/sigit/Lain/PROJECT/simrs-web/lib/javassist-3.11.0.GA.jar
7ff8d4118000-7ff8d4119000 r--s 00009000 08:01 79184                      /media/sigit/Lain/PROJECT/simrs-web/lib/javase-2.2.jar
7ff8d4119000-7ff8d412a000 r--s 00138000 08:01 79177                      /media/sigit/Lain/PROJECT/simrs-web/lib/javamelody-core-1.75.0.jar
7ff8d412a000-7ff8d412b000 r--s 00014000 08:01 79175                      /media/sigit/Lain/PROJECT/simrs-web/lib/java-json.jar
7ff8d412b000-7ff8d412e000 r--s 0000c000 08:01 79173                      /media/sigit/Lain/PROJECT/simrs-web/lib/jasperreports-wms-component-1.0.1.jar
7ff8d412e000-7ff8d4130000 r--s 0025c000 08:01 79172                      /media/sigit/Lain/PROJECT/simrs-web/lib/jasperreports-fonts-5.6.0.jar
7ff8d4130000-7ff8d4187000 r--s 0045f000 08:01 79170                      /media/sigit/Lain/PROJECT/simrs-web/lib/jasperreports-5.6.0.jar
7ff8d4187000-7ff8d4197000 r--s 0006e000 08:01 79169                      /media/sigit/Lain/PROJECT/simrs-web/lib/j2ee.jar
7ff8d4197000-7ff8d41a3000 r--s 00108000 08:01 79163                      /media/sigit/Lain/PROJECT/simrs-web/lib/iText-2.1.7.jar
7ff8d41a3000-7ff8d41eb000 r--s 003b1000 08:01 79158                      /media/sigit/Lain/PROJECT/simrs-web/lib/hibernate3.jar
7ff8d41eb000-7ff8d41ec000 r--s 00003000 08:01 79151                      /media/sigit/Lain/PROJECT/simrs-web/lib/hibernate-spatial-postgis-1.1.1.jar
7ff8d41ec000-7ff8d41ee000 r--s 00014000 08:01 79145                      /media/sigit/Lain/PROJECT/simrs-web/lib/hibernate-spatial-1.1.1.jar
7ff8d41ee000-7ff8d41f3000 r--s 00015000 08:01 79144                      /media/sigit/Lain/PROJECT/simrs-web/lib/hibernate-jpa-2.0-api-1.0.1.Final.jar
7ff8d41f3000-7ff8d41f8000 r--s 00036000 08:01 79135                      /media/sigit/Lain/PROJECT/simrs-web/lib/gson-2.8.5.jar
7ff8d41f8000-7ff8d41fd000 r--s 00034000 08:01 79134                      /media/sigit/Lain/PROJECT/simrs-web/lib/gson-2.8.2.jar
7ff8d41fd000-7ff8d4268000 r--s 00685000 08:01 79133                      /media/sigit/Lain/PROJECT/simrs-web/lib/groovy-all-2.3.6.jar
7ff8d4268000-7ff8d4269000 r--s 00003000 08:01 79132                      /media/sigit/Lain/PROJECT/simrs-web/lib/gpxparser-20130603.jar
7ff8d4269000-7ff8d427a000 r--s 000d3000 08:01 79131                      /media/sigit/Lain/PROJECT/simrs-web/lib/freemarker-2.3.19.jar
7ff8d427a000-7ff8d427d000 r--s 00013000 08:01 79124                      /media/sigit/Lain/PROJECT/simrs-web/lib/ezmorph-1.0.6.jar
7ff8d427d000-7ff8d427f000 r--s 00003000 08:01 79123                      /media/sigit/Lain/PROJECT/simrs-web/lib/expo-push-sdk-0.1.4.jar
7ff8d427f000-7ff8d4293000 r--s 0010f000 08:01 79122                      /media/sigit/Lain/PROJECT/simrs-web/lib/dwr.jar
7ff8d4293000-7ff8d4298000 r--s 00048000 08:01 79121                      /media/sigit/Lain/PROJECT/simrs-web/lib/dom4j-1.6.1.jar
7ff8d4298000-7ff8d429a000 r--s 00001000 08:01 79118                      /media/sigit/Lain/PROJECT/simrs-web/lib/displaytag-portlet-1.2.jar
7ff8d429a000-7ff8d429c000 r--s 00002000 08:01 79114                      /media/sigit/Lain/PROJECT/simrs-web/lib/displaytag-export-poi-1.2.jar
7ff8d429c000-7ff8d42a0000 r--s 00032000 08:01 79070                      /media/sigit/Lain/PROJECT/simrs-web/lib/displaytag-1.2.jar
7ff8d42a0000-7ff8d42a8000 r--s 00078000 08:01 79068                      /media/sigit/Lain/PROJECT/simrs-web/lib/core-2.2.jar
7ff8d42a8000-7ff8d42a9000 r--s 00001000 08:01 79067                      /media/sigit/Lain/PROJECT/simrs-web/lib/converter-gson-2.4.0.jar
7ff8d42a9000-7ff8d42ac000 r--s 0001f000 08:01 79059                      /media/sigit/Lain/PROJECT/simrs-web/lib/commons-validator-1.3.1.jar
7ff8d42ac000-7ff8d42ae000 r--s 0000d000 08:01 79040                      /media/sigit/Lain/PROJECT/simrs-web/lib/commons-logging-1.1.1.jar
7ff8d42ae000-7ff8d42b4000 r--s 00048000 08:01 79035                      /media/sigit/Lain/PROJECT/simrs-web/lib/commons-lang3-3.1.jar
7ff8d42b4000-7ff8d42b8000 r--s 00038000 08:01 79034                      /media/sigit/Lain/PROJECT/simrs-web/lib/commons-lang-2.3.jar
7ff8d42b8000-7ff8d42bb000 r--s 00024000 08:01 79033                      /media/sigit/Lain/PROJECT/simrs-web/lib/commons-io-2.0.1.jar
7ff8d42bb000-7ff8d42bd000 r--s 0000d000 08:01 79032                      /media/sigit/Lain/PROJECT/simrs-web/lib/commons-fileupload-1.2.2.jar
7ff8d42bd000-7ff8d42c1000 r--s 00021000 08:01 79031                      /media/sigit/Lain/PROJECT/simrs-web/lib/commons-digester-2.0.jar
7ff8d42c1000-7ff8d42ce000 r--s 0007c000 08:01 79019                      /media/sigit/Lain/PROJECT/simrs-web/lib/commons-collections-3.1.jar
7ff8d42ce000-7ff8d42d1000 r--s 00014000 08:01 79016                      /media/sigit/Lain/PROJECT/simrs-web/lib/commons-chain-1.2.jar
7ff8d42d1000-7ff8d42d6000 r--s 00034000 08:01 79015                      /media/sigit/Lain/PROJECT/simrs-web/lib/commons-beanutils-1.8.0.jar
7ff8d42d6000-7ff8d42d8000 r--s 00008000 08:01 79013                      /media/sigit/Lain/PROJECT/simrs-web/lib/classworlds-1.1.jar
7ff8d42d8000-7ff8d42df000 r--s 0003e000 08:01 79004                      /media/sigit/Lain/PROJECT/simrs-web/lib/cglib-2.2.jar
7ff8d42df000-7ff8d42e0000 r--s 00007000 08:01 79001                      /media/sigit/Lain/PROJECT/simrs-web/lib/batik-xml.jar
7ff8d42e0000-7ff8d42e3000 r--s 0001d000 08:01 79000                      /media/sigit/Lain/PROJECT/simrs-web/lib/batik-util.jar
7ff8d42e3000-7ff8d42f0000 r--s 00087000 08:01 78993                      /media/sigit/Lain/PROJECT/simrs-web/lib/batik-svg-dom.jar
7ff8d42f0000-7ff8d42f3000 r--s 0000d000 08:01 78992                      /media/sigit/Lain/PROJECT/simrs-web/lib/batik-script.jar
7ff8d42f3000-7ff8d42f5000 r--s 00010000 08:01 78977                      /media/sigit/Lain/PROJECT/simrs-web/lib/batik-parser.jar
7ff8d42f5000-7ff8d42f9000 r--s 00038000 08:01 78970                      /media/sigit/Lain/PROJECT/simrs-web/lib/batik-gvt.jar
7ff8d42f9000-7ff8d42fa000 r--s 00002000 08:01 78969                      /media/sigit/Lain/PROJECT/simrs-web/lib/batik-ext.jar
7ff8d42fa000-7ff8d42fe000 r--s 00027000 08:01 78968                      /media/sigit/Lain/PROJECT/simrs-web/lib/batik-dom.jar
7ff8d42fe000-7ff8d4306000 r--s 00045000 08:01 78965                      /media/sigit/Lain/PROJECT/simrs-web/lib/batik-css.jar
7ff8d4306000-7ff8d4310000 r--s 00080000 08:01 78955                      /media/sigit/Lain/PROJECT/simrs-web/lib/batik-bridge.jar
7ff8d4310000-7ff8d4317000 r--s 0005c000 08:01 78947                      /media/sigit/Lain/PROJECT/simrs-web/lib/batik-awt-util.jar
7ff8d4317000-7ff8d431a000 r--s 00015000 08:01 78939                      /media/sigit/Lain/PROJECT/simrs-web/lib/batik-anim.jar
7ff8d431a000-7ff8d431f000 r--s 0003e000 08:01 78938                      /media/sigit/Lain/PROJECT/simrs-web/lib/barcode4j-2.1.jar
7ff8d431f000-7ff8d4321000 r--s 00004000 08:01 78936                      /media/sigit/Lain/PROJECT/simrs-web/lib/asm-tree-3.3.jar
7ff8d4321000-7ff8d4323000 r--s 00008000 08:01 78935                      /media/sigit/Lain/PROJECT/simrs-web/lib/asm-commons-3.3.jar
7ff8d4323000-7ff8d4324000 r--s 0000a000 08:01 78928                      /media/sigit/Lain/PROJECT/simrs-web/lib/asm-3.3.jar
7ff8d4324000-7ff8d4326000 r--s 00000000 08:01 78926                      /media/sigit/Lain/PROJECT/simrs-web/lib/aopalliance-1.0.jar
7ff8d4326000-7ff8d432b000 r--s 00068000 08:01 78925                      /media/sigit/Lain/PROJECT/simrs-web/lib/antlr-2.7.7.jar
7ff8d432b000-7ff8d452b000 rw-p 00000000 00:00 0 
7ff8d452b000-7ff8d752c000 rw-p 00000000 00:00 0 
7ff8d752c000-7ff8d7543000 r-xp 00000000 08:05 930627                     /usr/lib/jvm/java-8-openjdk-amd64/jre/lib/amd64/libnet.so
7ff8d7543000-7ff8d7742000 ---p 00017000 08:05 930627                     /usr/lib/jvm/java-8-openjdk-amd64/jre/lib/amd64/libnet.so
7ff8d7742000-7ff8d7743000 r--p 00016000 08:05 930627                     /usr/lib/jvm/java-8-openjdk-amd64/jre/lib/amd64/libnet.so
7ff8d7743000-7ff8d7744000 rw-p 00017000 08:05 930627                     /usr/lib/jvm/java-8-openjdk-amd64/jre/lib/amd64/libnet.so
7ff8d7744000-7ff8d7755000 r-xp 00000000 08:05 930628                     /usr/lib/jvm/java-8-openjdk-amd64/jre/lib/amd64/libnio.so
7ff8d7755000-7ff8d7955000 ---p 00011000 08:05 930628                     /usr/lib/jvm/java-8-openjdk-amd64/jre/lib/amd64/libnio.so
7ff8d7955000-7ff8d7956000 r--p 00011000 08:05 930628                     /usr/lib/jvm/java-8-openjdk-amd64/jre/lib/amd64/libnio.so
7ff8d7956000-7ff8d7957000 rw-p 00012000 08:05 930628                     /usr/lib/jvm/java-8-openjdk-amd64/jre/lib/amd64/libnio.so
7ff8d7957000-7ff8d7959000 r--s 0001a000 08:05 2765555                    /opt/idea/lib/idea_rt.jar
7ff8d7959000-7ff8d79d3000 r--s 01103000 08:05 939675                     /usr/lib/jvm/java-8-openjdk-amd64/lib/tools.jar
7ff8d79d3000-7ff8d79d4000 r--s 00002000 08:05 2765476                    /opt/idea/lib/ant/lib/ant-apache-regexp.jar
7ff8d79d4000-7ff8d79d6000 r--s 00002000 08:05 2765492                    /opt/idea/lib/ant/lib/ant-jmf.jar
7ff8d79d6000-7ff8d79d8000 r--s 00001000 08:05 2765472                    /opt/idea/lib/ant/lib/ant-apache-log4j.jar
7ff8d79d8000-7ff8d79d9000 r--s 00003000 08:05 2765502                    /opt/idea/lib/ant/lib/ant-netrexx.jar
7ff8d79d9000-7ff8d79da000 r--s 00003000 08:05 2765488                    /opt/idea/lib/ant/lib/ant-javamail.jar
7ff8d79da000-7ff8d79db000 r--s 00004000 08:05 2765500                    /opt/idea/lib/ant/lib/ant-launcher.jar
7ff8d79db000-7ff8d79dc000 r--s 00002000 08:05 2765482                    /opt/idea/lib/ant/lib/ant-commons-logging.jar
7ff8d79dc000-7ff8d79df000 r--s 00014000 08:05 2765484                    /opt/idea/lib/ant/lib/ant-commons-net.jar
7ff8d79df000-7ff8d79fd000 r--s 001cf000 08:05 2765509                    /opt/idea/lib/ant/lib/ant.jar
7ff8d79fd000-7ff8d79fe000 ---p 00000000 00:00 0 
7ff8d79fe000-7ff8d7afe000 rw-p 00000000 00:00 0 
7ff8d7afe000-7ff8d7b01000 ---p 00000000 00:00 0 
7ff8d7b01000-7ff8d7eff000 rw-p 00000000 00:00 0 
7ff8d7eff000-7ff8d7f00000 ---p 00000000 00:00 0 
7ff8d7f00000-7ff8d7f03000 ---p 00000000 00:00 0 
7ff8d7f03000-7ff8d8000000 rw-p 00000000 00:00 0 
7ff8d8000000-7ff8d8021000 rw-p 00000000 00:00 0 
7ff8d8021000-7ff8dc000000 ---p 00000000 00:00 0 
7ff8dc000000-7ff8dc001000 r--s 00002000 08:05 2765478                    /opt/idea/lib/ant/lib/ant-apache-resolver.jar
7ff8dc001000-7ff8dc003000 r--s 00004000 08:05 2765507                    /opt/idea/lib/ant/lib/ant-testutil.jar
7ff8dc003000-7ff8dc004000 r--s 00003000 08:05 2765490                    /opt/idea/lib/ant/lib/ant-jdepend.jar
7ff8dc004000-7ff8dc006000 r--s 0000a000 08:05 2765494                    /opt/idea/lib/ant/lib/ant-jsch.jar
7ff8dc006000-7ff8dc008000 r--s 0001b000 08:05 2765496                    /opt/idea/lib/ant/lib/ant-junit.jar
7ff8dc008000-7ff8dc00a000 r--s 00002000 08:05 2765498                    /opt/idea/lib/ant/lib/ant-junit4.jar
7ff8dc00a000-7ff8dc00b000 ---p 00000000 00:00 0 
7ff8dc00b000-7ff8dc00e000 ---p 00000000 00:00 0 
7ff8dc00e000-7ff8dc10b000 rw-p 00000000 00:00 0 
7ff8dc10b000-7ff8dc10c000 ---p 00000000 00:00 0 
7ff8dc10c000-7ff8dc10f000 ---p 00000000 00:00 0 
7ff8dc10f000-7ff8dc20c000 rw-p 00000000 00:00 0 
7ff8dc20c000-7ff8dc20f000 ---p 00000000 00:00 0 
7ff8dc20f000-7ff8dc60d000 rw-p 00000000 00:00 0 
7ff8dc60d000-7ff8de1f0000 r--p 00000000 08:05 3150979                    /usr/lib/locale/locale-archive
7ff8de1f0000-7ff8de1f3000 ---p 00000000 00:00 0 
7ff8de1f3000-7ff8de5f1000 rw-p 00000000 00:00 0 
7ff8de5f1000-7ff8de5f4000 ---p 00000000 00:00 0 
7ff8de5f4000-7ff8de9f2000 rw-p 00000000 00:00 0 
7ff8de9f2000-7ff8de9f3000 ---p 00000000 00:00 0 
7ff8de9f3000-7ff8e0000000 rw-p 00000000 00:00 0 
7ff8e0000000-7ff8e0021000 rw-p 00000000 00:00 0 
7ff8e0021000-7ff8e4000000 ---p 00000000 00:00 0 
7ff8e4000000-7ff8e4001000 r--s 00002000 08:05 2765474                    /opt/idea/lib/ant/lib/ant-apache-oro.jar
7ff8e4001000-7ff8e4002000 r--s 00002000 08:05 2765470                    /opt/idea/lib/ant/lib/ant-apache-bsf.jar
7ff8e4002000-7ff8e4003000 r--s 00002000 08:05 2765466                    /opt/idea/lib/ant/lib/ant-antlr.jar
7ff8e4003000-7ff8e4004000 r--s 00003000 08:05 2765468                    /opt/idea/lib/ant/lib/ant-apache-bcel.jar
7ff8e4004000-7ff8e4005000 r--s 00003000 08:05 2765505                    /opt/idea/lib/ant/lib/ant-swing.jar
7ff8e4005000-7ff8e400a000 r--s 0003d000 08:05 936094                     /usr/lib/jvm/java-8-openjdk-amd64/jre/lib/ext/sunjce_provider.jar
7ff8e400a000-7ff8e4025000 r--s 001d6000 08:05 936091                     /usr/lib/jvm/java-8-openjdk-amd64/jre/lib/ext/nashorn.jar
7ff8e4025000-7ff8e4040000 r--s 00394000 08:05 930649                     /usr/lib/jvm/java-8-openjdk-amd64/jre/lib/ext/cldrdata.jar
7ff8e4040000-7ff8e4335000 rw-p 00000000 00:00 0 
7ff8e4335000-7ff8e4505000 r--s 03c68000 08:05 951724                     /usr/lib/jvm/java-8-openjdk-amd64/jre/lib/rt.jar
7ff8e4505000-7ff8e4dfe000 rw-p 00000000 00:00 0 
7ff8e4dfe000-7ff8e4dff000 ---p 00000000 00:00 0 
7ff8e4dff000-7ff8e4eff000 rw-p 00000000 00:00 0 
7ff8e4eff000-7ff8e4f00000 ---p 00000000 00:00 0 
7ff8e4f00000-7ff8e5000000 rw-p 00000000 00:00 0 
7ff8e5000000-7ff8e5a50000 rwxp 00000000 00:00 0 
7ff8e5a50000-7ff8f4000000 ---p 00000000 00:00 0 
7ff8f4000000-7ff8f4dbd000 rw-p 00000000 00:00 0 
7ff8f4dbd000-7ff8f8000000 ---p 00000000 00:00 0 
7ff8f8000000-7ff8f8001000 r--s 00001000 08:05 2765480                    /opt/idea/lib/ant/lib/ant-apache-xalan2.jar
7ff8f8001000-7ff8f8005000 r--s 0003a000 08:05 936095                     /usr/lib/jvm/java-8-openjdk-amd64/jre/lib/ext/sunpkcs11.jar
7ff8f8005000-7ff8f8085000 rw-p 00000000 00:00 0 
7ff8f8085000-7ff8f8086000 ---p 00000000 00:00 0 
7ff8f8086000-7ff8f81b0000 rw-p 00000000 00:00 0 
7ff8f81b0000-7ff8f8546000 ---p 00000000 00:00 0 
7ff8f8546000-7ff8f854e000 r-xp 00000000 08:05 930635                     /usr/lib/jvm/java-8-openjdk-amd64/jre/lib/amd64/libzip.so
7ff8f854e000-7ff8f874d000 ---p 00008000 08:05 930635                     /usr/lib/jvm/java-8-openjdk-amd64/jre/lib/amd64/libzip.so
7ff8f874d000-7ff8f874e000 r--p 00007000 08:05 930635                     /usr/lib/jvm/java-8-openjdk-amd64/jre/lib/amd64/libzip.so
7ff8f874e000-7ff8f874f000 rw-p 00008000 08:05 930635                     /usr/lib/jvm/java-8-openjdk-amd64/jre/lib/amd64/libzip.so
7ff8f874f000-7ff8f875a000 r-xp 00000000 08:05 2627007                    /lib/x86_64-linux-gnu/libnss_files-2.27.so
7ff8f875a000-7ff8f8959000 ---p 0000b000 08:05 2627007                    /lib/x86_64-linux-gnu/libnss_files-2.27.so
7ff8f8959000-7ff8f895a000 r--p 0000a000 08:05 2627007                    /lib/x86_64-linux-gnu/libnss_files-2.27.so
7ff8f895a000-7ff8f895b000 rw-p 0000b000 08:05 2627007                    /lib/x86_64-linux-gnu/libnss_files-2.27.so
7ff8f895b000-7ff8f8961000 rw-p 00000000 00:00 0 
7ff8f8961000-7ff8f8978000 r-xp 00000000 08:05 2627001                    /lib/x86_64-linux-gnu/libnsl-2.27.so
7ff8f8978000-7ff8f8b77000 ---p 00017000 08:05 2627001                    /lib/x86_64-linux-gnu/libnsl-2.27.so
7ff8f8b77000-7ff8f8b78000 r--p 00016000 08:05 2627001                    /lib/x86_64-linux-gnu/libnsl-2.27.so
7ff8f8b78000-7ff8f8b79000 rw-p 00017000 08:05 2627001                    /lib/x86_64-linux-gnu/libnsl-2.27.so
7ff8f8b79000-7ff8f8b7b000 rw-p 00000000 00:00 0 
7ff8f8b7b000-7ff8f8b86000 r-xp 00000000 08:05 2627017                    /lib/x86_64-linux-gnu/libnss_nis-2.27.so
7ff8f8b86000-7ff8f8d85000 ---p 0000b000 08:05 2627017                    /lib/x86_64-linux-gnu/libnss_nis-2.27.so
7ff8f8d85000-7ff8f8d86000 r--p 0000a000 08:05 2627017                    /lib/x86_64-linux-gnu/libnss_nis-2.27.so
7ff8f8d86000-7ff8f8d87000 rw-p 0000b000 08:05 2627017                    /lib/x86_64-linux-gnu/libnss_nis-2.27.so
7ff8f8d87000-7ff8f8d8f000 r-xp 00000000 08:05 2627003                    /lib/x86_64-linux-gnu/libnss_compat-2.27.so
7ff8f8d8f000-7ff8f8f8f000 ---p 00008000 08:05 2627003                    /lib/x86_64-linux-gnu/libnss_compat-2.27.so
7ff8f8f8f000-7ff8f8f90000 r--p 00008000 08:05 2627003                    /lib/x86_64-linux-gnu/libnss_compat-2.27.so
7ff8f8f90000-7ff8f8f91000 rw-p 00009000 08:05 2627003                    /lib/x86_64-linux-gnu/libnss_compat-2.27.so
7ff8f8f91000-7ff8f8fbb000 r-xp 00000000 08:05 930616                     /usr/lib/jvm/java-8-openjdk-amd64/jre/lib/amd64/libjava.so
7ff8f8fbb000-7ff8f91ba000 ---p 0002a000 08:05 930616                     /usr/lib/jvm/java-8-openjdk-amd64/jre/lib/amd64/libjava.so
7ff8f91ba000-7ff8f91bb000 r--p 00029000 08:05 930616                     /usr/lib/jvm/java-8-openjdk-amd64/jre/lib/amd64/libjava.so
7ff8f91bb000-7ff8f91bd000 rw-p 0002a000 08:05 930616                     /usr/lib/jvm/java-8-openjdk-amd64/jre/lib/amd64/libjava.so
7ff8f91bd000-7ff8f91cd000 r-xp 00000000 08:05 930634                     /usr/lib/jvm/java-8-openjdk-amd64/jre/lib/amd64/libverify.so
7ff8f91cd000-7ff8f93cc000 ---p 00010000 08:05 930634                     /usr/lib/jvm/java-8-openjdk-amd64/jre/lib/amd64/libverify.so
7ff8f93cc000-7ff8f93ce000 r--p 0000f000 08:05 930634                     /usr/lib/jvm/java-8-openjdk-amd64/jre/lib/amd64/libverify.so
7ff8f93ce000-7ff8f93cf000 rw-p 00011000 08:05 930634                     /usr/lib/jvm/java-8-openjdk-amd64/jre/lib/amd64/libverify.so
7ff8f93cf000-7ff8f93d6000 r-xp 00000000 08:05 2627057                    /lib/x86_64-linux-gnu/librt-2.27.so
7ff8f93d6000-7ff8f95d5000 ---p 00007000 08:05 2627057                    /lib/x86_64-linux-gnu/librt-2.27.so
7ff8f95d5000-7ff8f95d6000 r--p 00006000 08:05 2627057                    /lib/x86_64-linux-gnu/librt-2.27.so
7ff8f95d6000-7ff8f95d7000 rw-p 00007000 08:05 2627057                    /lib/x86_64-linux-gnu/librt-2.27.so
7ff8f95d7000-7ff8f95d8000 ---p 00000000 00:00 0 
7ff8f95d8000-7ff8f95db000 ---p 00000000 00:00 0 
7ff8f95db000-7ff8f99d8000 rw-p 00000000 00:00 0 
7ff8f99d8000-7ff8f99ef000 r-xp 00000000 08:05 2628058                    /lib/x86_64-linux-gnu/libgcc_s.so.1
7ff8f99ef000-7ff8f9bee000 ---p 00017000 08:05 2628058                    /lib/x86_64-linux-gnu/libgcc_s.so.1
7ff8f9bee000-7ff8f9bef000 r--p 00016000 08:05 2628058                    /lib/x86_64-linux-gnu/libgcc_s.so.1
7ff8f9bef000-7ff8f9bf0000 rw-p 00017000 08:05 2628058                    /lib/x86_64-linux-gnu/libgcc_s.so.1
7ff8f9bf0000-7ff8f9d8d000 r-xp 00000000 08:05 2626980                    /lib/x86_64-linux-gnu/libm-2.27.so
7ff8f9d8d000-7ff8f9f8c000 ---p 0019d000 08:05 2626980                    /lib/x86_64-linux-gnu/libm-2.27.so
7ff8f9f8c000-7ff8f9f8d000 r--p 0019c000 08:05 2626980                    /lib/x86_64-linux-gnu/libm-2.27.so
7ff8f9f8d000-7ff8f9f8e000 rw-p 0019d000 08:05 2626980                    /lib/x86_64-linux-gnu/libm-2.27.so
7ff8f9f8e000-7ff8fa107000 r-xp 00000000 08:05 3148350                    /usr/lib/x86_64-linux-gnu/libstdc++.so.6.0.25
7ff8fa107000-7ff8fa307000 ---p 00179000 08:05 3148350                    /usr/lib/x86_64-linux-gnu/libstdc++.so.6.0.25
7ff8fa307000-7ff8fa311000 r--p 00179000 08:05 3148350                    /usr/lib/x86_64-linux-gnu/libstdc++.so.6.0.25
7ff8fa311000-7ff8fa313000 rw-p 00183000 08:05 3148350                    /usr/lib/x86_64-linux-gnu/libstdc++.so.6.0.25
7ff8fa313000-7ff8fa317000 rw-p 00000000 00:00 0 
7ff8fa317000-7ff8fafba000 r-xp 00000000 08:05 930637                     /usr/lib/jvm/java-8-openjdk-amd64/jre/lib/amd64/server/libjvm.so
7ff8fafba000-7ff8fb1ba000 ---p 00ca3000 08:05 930637                     /usr/lib/jvm/java-8-openjdk-amd64/jre/lib/amd64/server/libjvm.so
7ff8fb1ba000-7ff8fb24e000 r--p 00ca3000 08:05 930637                     /usr/lib/jvm/java-8-openjdk-amd64/jre/lib/amd64/server/libjvm.so
7ff8fb24e000-7ff8fb277000 rw-p 00d37000 08:05 930637                     /usr/lib/jvm/java-8-openjdk-amd64/jre/lib/amd64/server/libjvm.so
7ff8fb277000-7ff8fb2a7000 rw-p 00000000 00:00 0 
7ff8fb2a7000-7ff8fb2c1000 r-xp 00000000 08:05 2627049                    /lib/x86_64-linux-gnu/libpthread-2.27.so
7ff8fb2c1000-7ff8fb4c0000 ---p 0001a000 08:05 2627049                    /lib/x86_64-linux-gnu/libpthread-2.27.so
7ff8fb4c0000-7ff8fb4c1000 r--p 00019000 08:05 2627049                    /lib/x86_64-linux-gnu/libpthread-2.27.so
7ff8fb4c1000-7ff8fb4c2000 rw-p 0001a000 08:05 2627049                    /lib/x86_64-linux-gnu/libpthread-2.27.so
7ff8fb4c2000-7ff8fb4c6000 rw-p 00000000 00:00 0 
7ff8fb4c6000-7ff8fb4c9000 r-xp 00000000 08:05 2626940                    /lib/x86_64-linux-gnu/libdl-2.27.so
7ff8fb4c9000-7ff8fb6c8000 ---p 00003000 08:05 2626940                    /lib/x86_64-linux-gnu/libdl-2.27.so
7ff8fb6c8000-7ff8fb6c9000 r--p 00002000 08:05 2626940                    /lib/x86_64-linux-gnu/libdl-2.27.so
7ff8fb6c9000-7ff8fb6ca000 rw-p 00003000 08:05 2626940                    /lib/x86_64-linux-gnu/libdl-2.27.so
7ff8fb6ca000-7ff8fb6e6000 r-xp 00000000 08:05 2627088                    /lib/x86_64-linux-gnu/libz.so.1.2.11
7ff8fb6e6000-7ff8fb8e5000 ---p 0001c000 08:05 2627088                    /lib/x86_64-linux-gnu/libz.so.1.2.11
7ff8fb8e5000-7ff8fb8e6000 r--p 0001b000 08:05 2627088                    /lib/x86_64-linux-gnu/libz.so.1.2.11
7ff8fb8e6000-7ff8fb8e7000 rw-p 0001c000 08:05 2627088                    /lib/x86_64-linux-gnu/libz.so.1.2.11
7ff8fb8e7000-7ff8fbace000 r-xp 00000000 08:05 2626917                    /lib/x86_64-linux-gnu/libc-2.27.so
7ff8fbace000-7ff8fbcce000 ---p 001e7000 08:05 2626917                    /lib/x86_64-linux-gnu/libc-2.27.so
7ff8fbcce000-7ff8fbcd2000 r--p 001e7000 08:05 2626917                    /lib/x86_64-linux-gnu/libc-2.27.so
7ff8fbcd2000-7ff8fbcd4000 rw-p 001eb000 08:05 2626917                    /lib/x86_64-linux-gnu/libc-2.27.so
7ff8fbcd4000-7ff8fbcd8000 rw-p 00000000 00:00 0 
7ff8fbcd8000-7ff8fbce6000 r-xp 00000000 08:05 930602                     /usr/lib/jvm/java-8-openjdk-amd64/jre/lib/amd64/jli/libjli.so
7ff8fbce6000-7ff8fbee5000 ---p 0000e000 08:05 930602                     /usr/lib/jvm/java-8-openjdk-amd64/jre/lib/amd64/jli/libjli.so
7ff8fbee5000-7ff8fbee6000 r--p 0000d000 08:05 930602                     /usr/lib/jvm/java-8-openjdk-amd64/jre/lib/amd64/jli/libjli.so
7ff8fbee6000-7ff8fbee7000 rw-p 0000e000 08:05 930602                     /usr/lib/jvm/java-8-openjdk-amd64/jre/lib/amd64/jli/libjli.so
7ff8fbee7000-7ff8fbf0e000 r-xp 00000000 08:05 2626889                    /lib/x86_64-linux-gnu/ld-2.27.so
7ff8fbf0e000-7ff8fbf0f000 r--s 00006000 08:05 2765486                    /opt/idea/lib/ant/lib/ant-jai.jar
7ff8fbf0f000-7ff8fbf10000 ---p 00000000 00:00 0 
7ff8fbf10000-7ff8fc049000 rw-p 00000000 00:00 0 
7ff8fc049000-7ff8fc066000 ---p 00000000 00:00 0 
7ff8fc066000-7ff8fc09f000 rw-p 00000000 00:00 0 
7ff8fc09f000-7ff8fc0bb000 ---p 00000000 00:00 0 
7ff8fc0bb000-7ff8fc0e6000 rw-p 00000000 00:00 0 
7ff8fc0e6000-7ff8fc0e9000 rw-p 00000000 00:00 0 
7ff8fc0e9000-7ff8fc0eb000 r--s 00001000 08:05 930651                     /usr/lib/jvm/java-8-openjdk-amd64/jre/lib/ext/dnsns.jar
7ff8fc0eb000-7ff8fc0ec000 r--s 0000d000 08:05 936093                     /usr/lib/jvm/java-8-openjdk-amd64/jre/lib/ext/sunec.jar
7ff8fc0ec000-7ff8fc0ef000 r--s 0000f000 08:05 933534                     /usr/lib/jvm/java-8-openjdk-amd64/jre/lib/ext/icedtea-sound.jar
7ff8fc0ef000-7ff8fc0f9000 r--s 00116000 08:05 933538                     /usr/lib/jvm/java-8-openjdk-amd64/jre/lib/ext/localedata.jar
7ff8fc0f9000-7ff8fc0fa000 r--s 00010000 08:05 936096                     /usr/lib/jvm/java-8-openjdk-amd64/jre/lib/ext/zipfs.jar
7ff8fc0fa000-7ff8fc0fb000 r--s 0000a000 08:05 933536                     /usr/lib/jvm/java-8-openjdk-amd64/jre/lib/ext/jaccess.jar
7ff8fc0fb000-7ff8fc0fd000 r--s 00007000 08:05 3422588                    /usr/share/java/java-atk-wrapper.jar
7ff8fc0fd000-7ff8fc102000 rw-p 00000000 00:00 0 
7ff8fc102000-7ff8fc10a000 rw-s 00000000 08:05 1067877                    /tmp/hsperfdata_sigit/24614
7ff8fc10a000-7ff8fc10b000 rw-p 00000000 00:00 0 
7ff8fc10b000-7ff8fc10c000 ---p 00000000 00:00 0 
7ff8fc10c000-7ff8fc10e000 rw-p 00000000 00:00 0 
7ff8fc10e000-7ff8fc10f000 r--p 00027000 08:05 2626889                    /lib/x86_64-linux-gnu/ld-2.27.so
7ff8fc10f000-7ff8fc110000 rw-p 00028000 08:05 2626889                    /lib/x86_64-linux-gnu/ld-2.27.so
7ff8fc110000-7ff8fc111000 rw-p 00000000 00:00 0 
7ffdbfa6b000-7ffdbfa8c000 rw-p 00000000 00:00 0                          [stack]
7ffdbfafb000-7ffdbfafe000 r--p 00000000 00:00 0                          [vvar]
7ffdbfafe000-7ffdbfb00000 r-xp 00000000 00:00 0                          [vdso]
ffffffffff600000-ffffffffff601000 r-xp 00000000 00:00 0                  [vsyscall]

VM Arguments:
jvm_args: -Xmx256m -Xss4m -Dant.home=/opt/idea/lib/ant -Dant.library.dir=/opt/idea/lib/ant/lib -Dfile.encoding=UTF-8 
java_command: com.intellij.rt.ant.execution.AntMain2 -logger com.intellij.rt.ant.execution.IdeaAntLogger2 -inputhandler com.intellij.rt.ant.execution.IdeaInputHandler -buildfile /media/sigit/Lain/PROJECT/simrs-web/bin/build.xml deploy
java_class_path (initial): /opt/idea/lib/ant/lib/ant.jar:/opt/idea/lib/ant/lib/ant-jai.jar:/opt/idea/lib/ant/lib/ant-apache-xalan2.jar:/opt/idea/lib/ant/lib/ant-swing.jar:/opt/idea/lib/ant/lib/ant-apache-bcel.jar:/opt/idea/lib/ant/lib/ant-antlr.jar:/opt/idea/lib/ant/lib/ant-apache-bsf.jar:/opt/idea/lib/ant/lib/ant-junit4.jar:/opt/idea/lib/ant/lib/ant-junit.jar:/opt/idea/lib/ant/lib/ant-apache-oro.jar:/opt/idea/lib/ant/lib/ant-jsch.jar:/opt/idea/lib/ant/lib/ant-jdepend.jar:/opt/idea/lib/ant/lib/ant-testutil.jar:/opt/idea/lib/ant/lib/ant-apache-resolver.jar:/opt/idea/lib/ant/lib/ant-commons-net.jar:/opt/idea/lib/ant/lib/ant-commons-logging.jar:/opt/idea/lib/ant/lib/ant-launcher.jar:/opt/idea/lib/ant/lib/ant-javamail.jar:/opt/idea/lib/ant/lib/ant-netrexx.jar:/opt/idea/lib/ant/lib/ant-apache-log4j.jar:/opt/idea/lib/ant/lib/ant-jmf.jar:/opt/idea/lib/ant/lib/ant-apache-regexp.jar:/usr/lib/jvm/java-1.8.0-openjdk-amd64/lib/tools.jar:/opt/idea/lib/idea_rt.jar
Launcher Type: SUN_STANDARD

Environment Variables:
PATH=/usr/local/sbin:/usr/local/bin:/usr/sbin:/usr/bin:/sbin:/bin:/usr/games:/usr/local/games:/snap/bin
LD_LIBRARY_PATH=/opt/idea/bin:
SHELL=/bin/bash
DISPLAY=:0

Signal Handlers:
SIGSEGV: [libjvm.so+0xabc3b0], sa_mask[0]=11111111011111111101111111111110, sa_flags=SA_RESTART|SA_SIGINFO
SIGBUS: [libjvm.so+0xabc3b0], sa_mask[0]=11111111011111111101111111111110, sa_flags=SA_RESTART|SA_SIGINFO
SIGFPE: [libjvm.so+0x8f0bb0], sa_mask[0]=11111111011111111101111111111110, sa_flags=SA_RESTART|SA_SIGINFO
SIGPIPE: [libjvm.so+0x8f0bb0], sa_mask[0]=11111111011111111101111111111110, sa_flags=SA_RESTART|SA_SIGINFO
SIGXFSZ: [libjvm.so+0x8f0bb0], sa_mask[0]=11111111011111111101111111111110, sa_flags=SA_RESTART|SA_SIGINFO
SIGILL: [libjvm.so+0x8f0bb0], sa_mask[0]=11111111011111111101111111111110, sa_flags=SA_RESTART|SA_SIGINFO
SIGUSR1: SIG_DFL, sa_mask[0]=00000000000000000000000000000000, sa_flags=none
SIGUSR2: [libjvm.so+0x8f0a60], sa_mask[0]=00100000000000000000000000000000, sa_flags=SA_RESTART|SA_SIGINFO
SIGHUP: [libjvm.so+0x8f10d0], sa_mask[0]=11111111011111111101111111111110, sa_flags=SA_RESTART|SA_SIGINFO
SIGINT: [libjvm.so+0x8f10d0], sa_mask[0]=11111111011111111101111111111110, sa_flags=SA_RESTART|SA_SIGINFO
SIGTERM: [libjvm.so+0x8f10d0], sa_mask[0]=11111111011111111101111111111110, sa_flags=SA_RESTART|SA_SIGINFO
SIGQUIT: [libjvm.so+0x8f10d0], sa_mask[0]=11111111011111111101111111111110, sa_flags=SA_RESTART|SA_SIGINFO


---------------  S Y S T E M  ---------------

OS:DISTRIB_ID=elementary
DISTRIB_RELEASE=5.1.3
DISTRIB_CODENAME=hera
DISTRIB_DESCRIPTION="elementary OS 5.1.3 Hera"

uname:Linux 4.15.0-91-generic #92-Ubuntu SMP Fri Feb 28 11:09:48 UTC 2020 x86_64
libc:glibc 2.27 NPTL 2.27 
rlimit: STACK 8192k, CORE 0k, NPROC 14284, NOFILE 1048576, AS infinity
load average:2,69 1,79 1,90

/proc/meminfo:
MemTotal:        3722004 kB
MemFree:           86992 kB
MemAvailable:       8640 kB
Buffers:             920 kB
Cached:           219344 kB
SwapCached:          428 kB
Active:          2811788 kB
Inactive:         575816 kB
Active(anon):    2799016 kB
Inactive(anon):   559836 kB
Active(file):      12772 kB
Inactive(file):    15980 kB
Unevictable:          64 kB
Mlocked:              64 kB
SwapTotal:       2097148 kB
SwapFree:              4 kB
Dirty:                96 kB
Writeback:             0 kB
AnonPages:       3167764 kB
Mapped:            25664 kB
Shmem:            190908 kB
Slab:             103604 kB
SReclaimable:      49064 kB
SUnreclaim:        54540 kB
KernelStack:       13568 kB
PageTables:        71220 kB
NFS_Unstable:          0 kB
Bounce:                0 kB
WritebackTmp:          0 kB
CommitLimit:     3958148 kB
Committed_AS:   11321916 kB
VmallocTotal:   34359738367 kB
VmallocUsed:           0 kB
VmallocChunk:          0 kB
HardwareCorrupted:     0 kB
AnonHugePages:         0 kB
ShmemHugePages:        0 kB
ShmemPmdMapped:        0 kB
CmaTotal:              0 kB
CmaFree:               0 kB
HugePages_Total:       0
HugePages_Free:        0
HugePages_Rsvd:        0
HugePages_Surp:        0
Hugepagesize:       2048 kB
DirectMap4k:      488120 kB
DirectMap2M:     3385344 kB
DirectMap1G:           0 kB

container (cgroup) information:
container_type: cgroupv1
cpu_cpuset_cpus: 0-3
cpu_memory_nodes: 0
active_processor_count: 4
cpu_quota: -1
cpu_period: 100000
cpu_shares: -1
memory_limit_in_bytes: -1
memory_and_swap_limit_in_bytes: -2
memory_soft_limit_in_bytes: -1
memory_usage_in_bytes: 3473260544
memory_max_usage_in_bytes: 24125440


CPU:total 4 (initial active 4) (2 cores per cpu, 2 threads per core) family 6 model 69 stepping 1, cmov, cx8, fxsr, mmx, sse, sse2, sse3, ssse3, sse4.1, sse4.2, popcnt, avx, avx2, aes, clmul, erms, lzcnt, ht, tsc, tscinvbit, bmi1, bmi2

/proc/cpuinfo:
processor	: 0
vendor_id	: GenuineIntel
cpu family	: 6
model		: 69
model name	: Intel(R) Core(TM) i5-4300U CPU @ 1.90GHz
stepping	: 1
microcode	: 0x25
cpu MHz		: 2594.102
cache size	: 3072 KB
physical id	: 0
siblings	: 4
core id		: 0
cpu cores	: 2
apicid		: 0
initial apicid	: 0
fpu		: yes
fpu_exception	: yes
cpuid level	: 13
wp		: yes
flags		: fpu vme de pse tsc msr pae mce cx8 apic sep mtrr pge mca cmov pat pse36 clflush dts acpi mmx fxsr sse sse2 ss ht tm pbe syscall nx pdpe1gb rdtscp lm constant_tsc arch_perfmon pebs bts rep_good nopl xtopology nonstop_tsc cpuid aperfmperf pni pclmulqdq dtes64 monitor ds_cpl vmx smx est tm2 ssse3 sdbg fma cx16 xtpr pdcm pcid sse4_1 sse4_2 x2apic movbe popcnt tsc_deadline_timer aes xsave avx f16c rdrand lahf_lm abm cpuid_fault epb invpcid_single pti ssbd ibrs ibpb stibp tpr_shadow vnmi flexpriority ept vpid fsgsbase tsc_adjust bmi1 avx2 smep bmi2 erms invpcid xsaveopt dtherm ida arat pln pts md_clear flush_l1d
bugs		: cpu_meltdown spectre_v1 spectre_v2 spec_store_bypass l1tf mds swapgs itlb_multihit
bogomips	: 4988.62
clflush size	: 64
cache_alignment	: 64
address sizes	: 39 bits physical, 48 bits virtual
power management:

processor	: 1
vendor_id	: GenuineIntel
cpu family	: 6
model		: 69
model name	: Intel(R) Core(TM) i5-4300U CPU @ 1.90GHz
stepping	: 1
microcode	: 0x25
cpu MHz		: 2594.088
cache size	: 3072 KB
physical id	: 0
siblings	: 4
core id		: 0
cpu cores	: 2
apicid		: 1
initial apicid	: 1
fpu		: yes
fpu_exception	: yes
cpuid level	: 13
wp		: yes
flags		: fpu vme de pse tsc msr pae mce cx8 apic sep mtrr pge mca cmov pat pse36 clflush dts acpi mmx fxsr sse sse2 ss ht tm pbe syscall nx pdpe1gb rdtscp lm constant_tsc arch_perfmon pebs bts rep_good nopl xtopology nonstop_tsc cpuid aperfmperf pni pclmulqdq dtes64 monitor ds_cpl vmx smx est tm2 ssse3 sdbg fma cx16 xtpr pdcm pcid sse4_1 sse4_2 x2apic movbe popcnt tsc_deadline_timer aes xsave avx f16c rdrand lahf_lm abm cpuid_fault epb invpcid_single pti ssbd ibrs ibpb stibp tpr_shadow vnmi flexpriority ept vpid fsgsbase tsc_adjust bmi1 avx2 smep bmi2 erms invpcid xsaveopt dtherm ida arat pln pts md_clear flush_l1d
bugs		: cpu_meltdown spectre_v1 spectre_v2 spec_store_bypass l1tf mds swapgs itlb_multihit
bogomips	: 4988.62
clflush size	: 64
cache_alignment	: 64
address sizes	: 39 bits physical, 48 bits virtual
power management:

processor	: 2
vendor_id	: GenuineIntel
cpu family	: 6
model		: 69
model name	: Intel(R) Core(TM) i5-4300U CPU @ 1.90GHz
stepping	: 1
microcode	: 0x25
cpu MHz		: 2594.090
cache size	: 3072 KB
physical id	: 0
siblings	: 4
core id		: 1
cpu cores	: 2
apicid		: 2
initial apicid	: 2
fpu		: yes
fpu_exception	: yes
cpuid level	: 13
wp		: yes
flags		: fpu vme de pse tsc msr pae mce cx8 apic sep mtrr pge mca cmov pat pse36 clflush dts acpi mmx fxsr sse sse2 ss ht tm pbe syscall nx pdpe1gb rdtscp lm constant_tsc arch_perfmon pebs bts rep_good nopl xtopology nonstop_tsc cpuid aperfmperf pni pclmulqdq dtes64 monitor ds_cpl vmx smx est tm2 ssse3 sdbg fma cx16 xtpr pdcm pcid sse4_1 sse4_2 x2apic movbe popcnt tsc_deadline_timer aes xsave avx f16c rdrand lahf_lm abm cpuid_fault epb invpcid_single pti ssbd ibrs ibpb stibp tpr_shadow vnmi flexpriority ept vpid fsgsbase tsc_adjust bmi1 avx2 smep bmi2 erms invpcid xsaveopt dtherm ida arat pln pts md_clear flush_l1d
bugs		: cpu_meltdown spectre_v1 spectre_v2 spec_store_bypass l1tf mds swapgs itlb_multihit
bogomips	: 4988.62
clflush size	: 64
cache_alignment	: 64
address sizes	: 39 bits physical, 48 bits virtual
power management:

processor	: 3
vendor_id	: GenuineIntel
cpu family	: 6
model		: 69
model name	: Intel(R) Core(TM) i5-4300U CPU @ 1.90GHz
stepping	: 1
microcode	: 0x25
cpu MHz		: 2594.075
cache size	: 3072 KB
physical id	: 0
siblings	: 4
core id		: 1
cpu cores	: 2
apicid		: 3
initial apicid	: 3
fpu		: yes
fpu_exception	: yes
cpuid level	: 13
wp		: yes
flags		: fpu vme de pse tsc msr pae mce cx8 apic sep mtrr pge mca cmov pat pse36 clflush dts acpi mmx fxsr sse sse2 ss ht tm pbe syscall nx pdpe1gb rdtscp lm constant_tsc arch_perfmon pebs bts rep_good nopl xtopology nonstop_tsc cpuid aperfmperf pni pclmulqdq dtes64 monitor ds_cpl vmx smx est tm2 ssse3 sdbg fma cx16 xtpr pdcm pcid sse4_1 sse4_2 x2apic movbe popcnt tsc_deadline_timer aes xsave avx f16c rdrand lahf_lm abm cpuid_fault epb invpcid_single pti ssbd ibrs ibpb stibp tpr_shadow vnmi flexpriority ept vpid fsgsbase tsc_adjust bmi1 avx2 smep bmi2 erms invpcid xsaveopt dtherm ida arat pln pts md_clear flush_l1d
bugs		: cpu_meltdown spectre_v1 spectre_v2 spec_store_bypass l1tf mds swapgs itlb_multihit
bogomips	: 4988.62
clflush size	: 64
cache_alignment	: 64
address sizes	: 39 bits physical, 48 bits virtual
power management:



Memory: 4k page, physical 3722004k(84460k free), swap 2097148k(0k free)

vm_info: OpenJDK 64-Bit Server VM (25.242-b08) for linux-amd64 JRE (1.8.0_242-8u242-b08-0ubuntu3~18.04-b08), built on Jan 17 2020 23:41:21 by "buildd" with gcc 7.4.0

time: Tue Apr  7 13:10:50 2020
timezone: WIB
elapsed time: 37 seconds (0d 0h 0m 37s)

