#
# A fatal error has been detected by the Java Runtime Environment:
#
#  EXCEPTION_ACCESS_VIOLATION (0xc0000005) at pc=0x000000006729c154, pid=12952, tid=0x00000000000015dc
#
# JRE version: Java(TM) SE Runtime Environment (8.0_181-b13) (build 1.8.0_181-b13)
# Java VM: Java HotSpot(TM) 64-Bit Server VM (25.181-b13 mixed mode windows-amd64 compressed oops)
# Problematic frame:
# V  [jvm.dll+0x4ac154]
#
# Failed to write core dump. Minidumps are not enabled by default on client versions of Windows
#
# If you would like to submit a bug report, please visit:
#   http://bugreport.java.com/bugreport/crash.jsp
#

---------------  T H R E A D  ---------------

Current thread (0x00000000136b2800):  JavaThread "C2 CompilerThread1" daemon [_thread_in_native, id=5596, stack(0x0000000015220000,0x0000000015320000)]

siginfo: ExceptionCode=0xc0000005, reading address 0x0000000000000028

Registers:
RAX=0x000000001531df10, RBX=0x0000000000000000, RCX=0x00000000136df650, RDX=0x0000000015cc8e58
RSP=0x000000001531d760, RBP=0x000000001602ca00, RSI=0x0000000000000000, RDI=0x000000001531d880
R8 =0x000000001602ca00, R9 =0x0000000000000003, R10=0x00000000136d7dc0, R11=0x0000000000000000
R12=0x0000000015439fb8, R13=0x000000001602fe58, R14=0x00000000154386a8, R15=0x000000001543a408
RIP=0x000000006729c154, EFLAGS=0x0000000000010246

Top of Stack: (sp=0x000000001531d760)
0x000000001531d760:   0000000015680a50 0000000000000000
0x000000001531d770:   000000001531df10 0000000067302f2a
0x000000001531d780:   000000001543acf8 0000000000000a0f
0x000000001531d790:   0000000044148000 0000000000000000
0x000000001531d7a0:   000000001531d880 000000006729e012
0x000000001531d7b0:   0000000015439f48 0000000000000000
0x000000001531d7c0:   000000001602fe58 0000000015439f48
0x000000001531d7d0:   0000000000000000 0000000000000000
0x000000001531d7e0:   0000000000000001 0000000088ca6c00
0x000000001531d7f0:   000000b6000000b6 00000000136774d0
0x000000001531d800:   0000000015e15a00 000000006729ba89
0x000000001531d810:   00000000fffffffc 0000000066df0000
0x000000001531d820:   00000000000009df 0000000016a0a270
0x000000001531d830:   000000001531e970 0000000016596030
0x000000001531d840:   0000000000000168 00000000672ade10
0x000000001531d850:   000000001543a6e8 000000001543a1c8 

Instructions: (pc=0x000000006729c154)
0x000000006729c134:   49 8b e8 48 8b da 0f 28 f3 48 8b f9 e8 7b 58 fe
0x000000006729c144:   ff 84 c0 74 07 33 c0 e9 11 01 00 00 48 8b 47 20
0x000000006729c154:   8b 53 28 48 8b 48 50 48 8b 05 9e 91 37 00 48 39
0x000000006729c164:   04 d1 74 e1 48 8b 47 28 f3 0f 10 05 b8 52 17 00 


Register to memory mapping:

RAX=0x000000001531df10 is pointing into the stack for thread: 0x00000000136b2800
RBX=0x0000000000000000 is an unknown value
RCX=0x00000000136df650 is an unknown value
RDX=0x0000000015cc8e58 is an unknown value
RSP=0x000000001531d760 is pointing into the stack for thread: 0x00000000136b2800
RBP=0x000000001602ca00 is an unknown value
RSI=0x0000000000000000 is an unknown value
RDI=0x000000001531d880 is pointing into the stack for thread: 0x00000000136b2800
R8 =0x000000001602ca00 is an unknown value
R9 =0x0000000000000003 is an unknown value
R10=0x00000000136d7dc0 is an unknown value
R11=0x0000000000000000 is an unknown value
R12=0x0000000015439fb8 is an unknown value
R13=0x000000001602fe58 is an unknown value
R14=0x00000000154386a8 is an unknown value
R15=0x000000001543a408 is an unknown value


Stack: [0x0000000015220000,0x0000000015320000],  sp=0x000000001531d760,  free space=1013k
Native frames: (J=compiled Java code, j=interpreted, Vv=VM code, C=native code)
V  [jvm.dll+0x4ac154]
V  [jvm.dll+0x4ae012]
V  [jvm.dll+0x4bde10]
V  [jvm.dll+0x482566]
V  [jvm.dll+0x50cf6d]
V  [jvm.dll+0x505a47]
V  [jvm.dll+0x505dc9]
V  [jvm.dll+0x50635f]
V  [jvm.dll+0x45cd10]
V  [jvm.dll+0x479255]
V  [jvm.dll+0x45bd02]
V  [jvm.dll+0xa6b02]
V  [jvm.dll+0xa744f]
V  [jvm.dll+0x245d2f]
V  [jvm.dll+0x29e64a]
C  [msvcr100.dll+0x21d9f]
C  [msvcr100.dll+0x21e3b]
C  [KERNEL32.DLL+0x17bd4]
C  [ntdll.dll+0x6ced1]


Current CompileTask:
C2: 104907 2004 %     4       com.sun.tools.javac.file.ZipFileIndex$ZipDirectory::readEntry @ 215 (587 bytes)


---------------  P R O C E S S  ---------------

Java Threads: ( => current thread )
  0x0000000015452800 JavaThread "Service Thread" daemon [_thread_blocked, id=2068, stack(0x0000000015820000,0x0000000015a20000)]
  0x00000000136bc000 JavaThread "C1 CompilerThread2" daemon [_thread_blocked, id=9272, stack(0x0000000015320000,0x0000000015420000)]
=>0x00000000136b2800 JavaThread "C2 CompilerThread1" daemon [_thread_in_native, id=5596, stack(0x0000000015220000,0x0000000015320000)]
  0x00000000136ae800 JavaThread "C2 CompilerThread0" daemon [_thread_blocked, id=4220, stack(0x0000000015120000,0x0000000015220000)]
  0x00000000136ad000 JavaThread "Attach Listener" daemon [_thread_blocked, id=12632, stack(0x0000000014f20000,0x0000000015120000)]
  0x00000000136ab800 JavaThread "Signal Dispatcher" daemon [_thread_blocked, id=1832, stack(0x0000000014d20000,0x0000000014f20000)]
  0x0000000002e4d800 JavaThread "Finalizer" daemon [_thread_blocked, id=7520, stack(0x0000000014a10000,0x0000000014c10000)]
  0x0000000013679800 JavaThread "Reference Handler" daemon [_thread_blocked, id=6484, stack(0x0000000014810000,0x0000000014a10000)]
  0x0000000002d53000 JavaThread "main" [_thread_in_native, id=13128, stack(0x0000000002ee0000,0x00000000030e0000)]

Other Threads:
  0x0000000013678000 VMThread [stack: 0x0000000014710000,0x0000000014810000] [id=7128]
  0x0000000015464800 WatcherThread [stack: 0x0000000015a20000,0x0000000015b20000] [id=4448]

VM state:not at safepoint (normal execution)

VM Mutex/Monitor currently owned by a thread: None

Heap:
 PSYoungGen      total 29184K, used 12556K [0x00000000fd580000, 0x0000000100000000, 0x0000000100000000)
  eden space 14848K, 52% used [0x00000000fd580000,0x00000000fdd1d0b0,0x00000000fe400000)
  from space 14336K, 33% used [0x00000000ff200000,0x00000000ff6a6178,0x0000000100000000)
  to   space 14336K, 0% used [0x00000000fe400000,0x00000000fe400000,0x00000000ff200000)
 ParOldGen       total 87552K, used 73877K [0x00000000f8000000, 0x00000000fd580000, 0x00000000fd580000)
  object space 87552K, 84% used [0x00000000f8000000,0x00000000fc825510,0x00000000fd580000)
 Metaspace       used 11998K, capacity 12062K, committed 12160K, reserved 1060864K
  class space    used 1350K, capacity 1370K, committed 1408K, reserved 1048576K

Card table byte_map: [0x0000000002e70000,0x0000000002ec0000] byte_map_base: 0x00000000026b0000

Marking Bits: (ParMarkBitMap*) 0x0000000067612d00
 Begin Bits: [0x00000000128d0000, 0x0000000012ad0000)
 End Bits:   [0x0000000012ad0000, 0x0000000012cd0000)

Polling page: 0x0000000001190000

CodeCache: size=245760Kb used=8828Kb max_used=8951Kb free=236931Kb
 bounds [0x00000000030e0000, 0x00000000039d0000, 0x00000000120e0000]
 total_blobs=2117 nmethods=1778 adapters=251
 compilation: enabled

Compilation events (10 events):
Event: 104.871 Thread 0x00000000136bc000 2010       1       com.sun.tools.javac.file.RelativePath::getPath (5 bytes)
Event: 104.871 Thread 0x00000000136bc000 nmethod 2010 0x00000000032b1fd0 code [0x00000000032b2120, 0x00000000032b2230]
Event: 104.871 Thread 0x00000000136bc000 2011       3       com.sun.tools.javac.file.ZipFileIndex::access$700 (6 bytes)
Event: 104.871 Thread 0x00000000136bc000 nmethod 2011 0x000000000343b010 code [0x000000000343b180, 0x000000000343b2e8]
Event: 104.872 Thread 0x00000000136bc000 2012       3       java.lang.String::compareTo (78 bytes)
Event: 104.872 Thread 0x00000000136bc000 nmethod 2012 0x000000000329f150 code [0x000000000329f2c0, 0x000000000329f610]
Event: 104.872 Thread 0x00000000136bc000 2013       3       com.sun.tools.javac.file.ZipFileIndex$Entry::compareTo (9 bytes)
Event: 104.872 Thread 0x00000000136bc000 nmethod 2013 0x000000000340e050 code [0x000000000340e1c0, 0x000000000340e448]
Event: 104.872 Thread 0x00000000136bc000 2014       3       com.sun.tools.javac.file.ZipFileIndex$Entry::compareTo (40 bytes)
Event: 104.873 Thread 0x00000000136bc000 nmethod 2014 0x00000000035c95d0 code [0x00000000035c9760, 0x00000000035c9bb8]

GC Heap History (10 events):
Event: 100.720 GC heap before
{Heap before GC invocations=14 (full 0):
 PSYoungGen      total 29184K, used 19806K [0x00000000fd580000, 0x0000000100000000, 0x0000000100000000)
  eden space 14848K, 100% used [0x00000000fd580000,0x00000000fe400000,0x00000000fe400000)
  from space 14336K, 34% used [0x00000000fe400000,0x00000000fe8d78f8,0x00000000ff200000)
  to   space 14336K, 0% used [0x00000000ff200000,0x00000000ff200000,0x0000000100000000)
 ParOldGen       total 87552K, used 49350K [0x00000000f8000000, 0x00000000fd580000, 0x00000000fd580000)
  object space 87552K, 56% used [0x00000000f8000000,0x00000000fb031950,0x00000000fd580000)
 Metaspace       used 11939K, capacity 12062K, committed 12160K, reserved 1060864K
  class space    used 1346K, capacity 1370K, committed 1408K, reserved 1048576K
Event: 100.729 GC heap after
Heap after GC invocations=14 (full 0):
 PSYoungGen      total 29184K, used 7972K [0x00000000fd580000, 0x0000000100000000, 0x0000000100000000)
  eden space 14848K, 0% used [0x00000000fd580000,0x00000000fd580000,0x00000000fe400000)
  from space 14336K, 55% used [0x00000000ff200000,0x00000000ff9c9310,0x0000000100000000)
  to   space 14336K, 0% used [0x00000000fe400000,0x00000000fe400000,0x00000000ff200000)
 ParOldGen       total 87552K, used 54206K [0x00000000f8000000, 0x00000000fd580000, 0x00000000fd580000)
  object space 87552K, 61% used [0x00000000f8000000,0x00000000fb4efa78,0x00000000fd580000)
 Metaspace       used 11939K, capacity 12062K, committed 12160K, reserved 1060864K
  class space    used 1346K, capacity 1370K, committed 1408K, reserved 1048576K
}
Event: 100.799 GC heap before
{Heap before GC invocations=15 (full 0):
 PSYoungGen      total 29184K, used 22438K [0x00000000fd580000, 0x0000000100000000, 0x0000000100000000)
  eden space 14848K, 97% used [0x00000000fd580000,0x00000000fe3a0868,0x00000000fe400000)
  from space 14336K, 55% used [0x00000000ff200000,0x00000000ff9c9310,0x0000000100000000)
  to   space 14336K, 0% used [0x00000000fe400000,0x00000000fe400000,0x00000000ff200000)
 ParOldGen       total 87552K, used 54206K [0x00000000f8000000, 0x00000000fd580000, 0x00000000fd580000)
  object space 87552K, 61% used [0x00000000f8000000,0x00000000fb4efa78,0x00000000fd580000)
 Metaspace       used 11939K, capacity 12062K, committed 12160K, reserved 1060864K
  class space    used 1346K, capacity 1370K, committed 1408K, reserved 1048576K
Event: 100.810 GC heap after
Heap after GC invocations=15 (full 0):
 PSYoungGen      total 29184K, used 2395K [0x00000000fd580000, 0x0000000100000000, 0x0000000100000000)
  eden space 14848K, 0% used [0x00000000fd580000,0x00000000fd580000,0x00000000fe400000)
  from space 14336K, 16% used [0x00000000fe400000,0x00000000fe656c78,0x00000000ff200000)
  to   space 14336K, 0% used [0x00000000ff200000,0x00000000ff200000,0x0000000100000000)
 ParOldGen       total 87552K, used 62163K [0x00000000f8000000, 0x00000000fd580000, 0x00000000fd580000)
  object space 87552K, 71% used [0x00000000f8000000,0x00000000fbcb4d88,0x00000000fd580000)
 Metaspace       used 11939K, capacity 12062K, committed 12160K, reserved 1060864K
  class space    used 1346K, capacity 1370K, committed 1408K, reserved 1048576K
}
Event: 101.726 GC heap before
{Heap before GC invocations=16 (full 0):
 PSYoungGen      total 29184K, used 17243K [0x00000000fd580000, 0x0000000100000000, 0x0000000100000000)
  eden space 14848K, 100% used [0x00000000fd580000,0x00000000fe400000,0x00000000fe400000)
  from space 14336K, 16% used [0x00000000fe400000,0x00000000fe656c78,0x00000000ff200000)
  to   space 14336K, 0% used [0x00000000ff200000,0x00000000ff200000,0x0000000100000000)
 ParOldGen       total 87552K, used 62163K [0x00000000f8000000, 0x00000000fd580000, 0x00000000fd580000)
  object space 87552K, 71% used [0x00000000f8000000,0x00000000fbcb4d88,0x00000000fd580000)
 Metaspace       used 11939K, capacity 12062K, committed 12160K, reserved 1060864K
  class space    used 1346K, capacity 1370K, committed 1408K, reserved 1048576K
Event: 101.733 GC heap after
Heap after GC invocations=16 (full 0):
 PSYoungGen      total 29184K, used 4872K [0x00000000fd580000, 0x0000000100000000, 0x0000000100000000)
  eden space 14848K, 0% used [0x00000000fd580000,0x00000000fd580000,0x00000000fe400000)
  from space 14336K, 33% used [0x00000000ff200000,0x00000000ff6c2240,0x0000000100000000)
  to   space 14336K, 0% used [0x00000000fe400000,0x00000000fe400000,0x00000000ff200000)
 ParOldGen       total 87552K, used 64089K [0x00000000f8000000, 0x00000000fd580000, 0x00000000fd580000)
  object space 87552K, 73% used [0x00000000f8000000,0x00000000fbe96518,0x00000000fd580000)
 Metaspace       used 11939K, capacity 12062K, committed 12160K, reserved 1060864K
  class space    used 1346K, capacity 1370K, committed 1408K, reserved 1048576K
}
Event: 102.708 GC heap before
{Heap before GC invocations=17 (full 0):
 PSYoungGen      total 29184K, used 19720K [0x00000000fd580000, 0x0000000100000000, 0x0000000100000000)
  eden space 14848K, 100% used [0x00000000fd580000,0x00000000fe400000,0x00000000fe400000)
  from space 14336K, 33% used [0x00000000ff200000,0x00000000ff6c2240,0x0000000100000000)
  to   space 14336K, 0% used [0x00000000fe400000,0x00000000fe400000,0x00000000ff200000)
 ParOldGen       total 87552K, used 64089K [0x00000000f8000000, 0x00000000fd580000, 0x00000000fd580000)
  object space 87552K, 73% used [0x00000000f8000000,0x00000000fbe96518,0x00000000fd580000)
 Metaspace       used 11939K, capacity 12062K, committed 12160K, reserved 1060864K
  class space    used 1346K, capacity 1370K, committed 1408K, reserved 1048576K
Event: 102.716 GC heap after
Heap after GC invocations=17 (full 0):
 PSYoungGen      total 29184K, used 5186K [0x00000000fd580000, 0x0000000100000000, 0x0000000100000000)
  eden space 14848K, 0% used [0x00000000fd580000,0x00000000fd580000,0x00000000fe400000)
  from space 14336K, 36% used [0x00000000fe400000,0x00000000fe910b08,0x00000000ff200000)
  to   space 14336K, 0% used [0x00000000ff200000,0x00000000ff200000,0x0000000100000000)
 ParOldGen       total 87552K, used 68792K [0x00000000f8000000, 0x00000000fd580000, 0x00000000fd580000)
  object space 87552K, 78% used [0x00000000f8000000,0x00000000fc32e208,0x00000000fd580000)
 Metaspace       used 11939K, capacity 12062K, committed 12160K, reserved 1060864K
  class space    used 1346K, capacity 1370K, committed 1408K, reserved 1048576K
}
Event: 104.083 GC heap before
{Heap before GC invocations=18 (full 0):
 PSYoungGen      total 29184K, used 20034K [0x00000000fd580000, 0x0000000100000000, 0x0000000100000000)
  eden space 14848K, 100% used [0x00000000fd580000,0x00000000fe400000,0x00000000fe400000)
  from space 14336K, 36% used [0x00000000fe400000,0x00000000fe910b08,0x00000000ff200000)
  to   space 14336K, 0% used [0x00000000ff200000,0x00000000ff200000,0x0000000100000000)
 ParOldGen       total 87552K, used 68792K [0x00000000f8000000, 0x00000000fd580000, 0x00000000fd580000)
  object space 87552K, 78% used [0x00000000f8000000,0x00000000fc32e208,0x00000000fd580000)
 Metaspace       used 11939K, capacity 12062K, committed 12160K, reserved 1060864K
  class space    used 1346K, capacity 1370K, committed 1408K, reserved 1048576K
Event: 104.092 GC heap after
Heap after GC invocations=18 (full 0):
 PSYoungGen      total 29184K, used 4760K [0x00000000fd580000, 0x0000000100000000, 0x0000000100000000)
  eden space 14848K, 0% used [0x00000000fd580000,0x00000000fd580000,0x00000000fe400000)
  from space 14336K, 33% used [0x00000000ff200000,0x00000000ff6a6178,0x0000000100000000)
  to   space 14336K, 0% used [0x00000000fe400000,0x00000000fe400000,0x00000000ff200000)
 ParOldGen       total 87552K, used 73877K [0x00000000f8000000, 0x00000000fd580000, 0x00000000fd580000)
  object space 87552K, 84% used [0x00000000f8000000,0x00000000fc825510,0x00000000fd580000)
 Metaspace       used 11939K, capacity 12062K, committed 12160K, reserved 1060864K
  class space    used 1346K, capacity 1370K, committed 1408K, reserved 1048576K
}

Deoptimization events (10 events):
Event: 99.379 Thread 0x0000000002d53000 Uncommon trap: reason=unstable_if action=reinterpret pc=0x0000000003763dc4 method=com.sun.tools.javac.util.ArrayUtils.ensureCapacity([BI)[B @ 3
Event: 100.011 Thread 0x0000000002d53000 Uncommon trap: reason=unstable_if action=reinterpret pc=0x0000000003719a88 method=sun.nio.cs.UTF_8$Decoder.decodeArrayLoop(Ljava/nio/ByteBuffer;Ljava/nio/CharBuffer;)Ljava/nio/charset/CoderResult; @ 84
Event: 104.468 Thread 0x0000000002d53000 Uncommon trap: reason=class_check action=maybe_recompile pc=0x000000000348f220 method=com.sun.tools.javac.parser.JavacParser.foldStrings(Lcom/sun/tools/javac/tree/JCTree$JCExpression;)Lcom/sun/tools/javac/tree/JCTree$JCExpression; @ 109
Event: 104.804 Thread 0x0000000002d53000 Uncommon trap: reason=unstable_if action=reinterpret pc=0x0000000003201638 method=com.sun.tools.javac.util.ArrayUtils.ensureCapacity([BI)[B @ 3
Event: 104.804 Thread 0x0000000002d53000 Uncommon trap: reason=unstable_if action=reinterpret pc=0x0000000003724b40 method=com.sun.tools.javac.util.Name$Table.equals([BI[BII)Z @ 22
Event: 104.840 Thread 0x0000000002d53000 Uncommon trap: reason=unstable_if action=reinterpret pc=0x0000000003660cfc method=java.io.WinNTFileSystem.isLetter(C)Z @ 3
Event: 104.840 Thread 0x0000000002d53000 Uncommon trap: reason=unstable_if action=reinterpret pc=0x00000000034a4824 method=java.io.WinNTFileSystem.isLetter(C)Z @ 3
Event: 104.849 Thread 0x0000000002d53000 Uncommon trap: reason=unstable_if action=reinterpret pc=0x00000000035c47dc method=java.util.LinkedHashMap.afterNodeInsertion(Z)V @ 18
Event: 104.859 Thread 0x0000000002d53000 Uncommon trap: reason=class_check action=maybe_recompile pc=0x0000000003417b94 method=java.util.Collections$UnmodifiableCollection$1.<init>(Ljava/util/Collections$UnmodifiableCollection;)V @ 17
Event: 104.871 Thread 0x0000000002d53000 Uncommon trap: reason=unstable_if action=reinterpret pc=0x0000000003492a94 method=java.lang.String.compareTo(Ljava/lang/String;)I @ 38

Classes redefined (0 events):
No events

Internal exceptions (8 events):
Event: 0.036 Thread 0x0000000002d53000 Exception <a 'java/lang/NoSuchMethodError': Method sun.misc.Unsafe.defineClass(Ljava/lang/String;[BII)Ljava/lang/Class; name or signature does not match> (0x00000000fd587cb0) thrown at [C:\re\workspace\8-2-build-windows-amd64-cygwin\jdk8u181\11358\hotspot
Event: 0.036 Thread 0x0000000002d53000 Exception <a 'java/lang/NoSuchMethodError': Method sun.misc.Unsafe.prefetchRead(Ljava/lang/Object;J)V name or signature does not match> (0x00000000fd587f98) thrown at [C:\re\workspace\8-2-build-windows-amd64-cygwin\jdk8u181\11358\hotspot\src\share\vm\prim
Event: 0.177 Thread 0x0000000002d53000 Exception <a 'java/security/PrivilegedActionException'> (0x00000000fd7faaf8) thrown at [C:\re\workspace\8-2-build-windows-amd64-cygwin\jdk8u181\11358\hotspot\src\share\vm\prims\jvm.cpp, line 1435]
Event: 0.177 Thread 0x0000000002d53000 Exception <a 'java/security/PrivilegedActionException'> (0x00000000fd7fad08) thrown at [C:\re\workspace\8-2-build-windows-amd64-cygwin\jdk8u181\11358\hotspot\src\share\vm\prims\jvm.cpp, line 1435]
Event: 0.178 Thread 0x0000000002d53000 Exception <a 'java/security/PrivilegedActionException'> (0x00000000fd7fee00) thrown at [C:\re\workspace\8-2-build-windows-amd64-cygwin\jdk8u181\11358\hotspot\src\share\vm\prims\jvm.cpp, line 1435]
Event: 0.178 Thread 0x0000000002d53000 Exception <a 'java/security/PrivilegedActionException'> (0x00000000fd7ff010) thrown at [C:\re\workspace\8-2-build-windows-amd64-cygwin\jdk8u181\11358\hotspot\src\share\vm\prims\jvm.cpp, line 1435]
Event: 0.604 Thread 0x0000000002d53000 Exception <a 'java/lang/ClassNotFoundException': org/apache/tools/ant/helper/DefaultExecutor> (0x00000000fe158408) thrown at [C:\re\workspace\8-2-build-windows-amd64-cygwin\jdk8u181\11358\hotspot\src\share\vm\classfile\systemDictionary.cpp, line 210]
Event: 2.702 Thread 0x0000000002d53000 Implicit null exception at 0x00000000033ee6ed to 0x00000000033ee7b5

Events (10 events):
Event: 104.860 loading class java/util/zip/DataFormatException done
Event: 104.861 loading class com/sun/tools/javac/file/ZipFileIndex$ZipDirectory
Event: 104.861 loading class com/sun/tools/javac/file/ZipFileIndex$ZipDirectory done
Event: 104.862 loading class com/sun/tools/javac/file/ZipFileIndex$DirectoryEntry
Event: 104.862 loading class com/sun/tools/javac/file/ZipFileIndex$DirectoryEntry done
Event: 104.863 loading class com/sun/tools/javac/file/ZipFileIndex$Entry
Event: 104.863 loading class com/sun/tools/javac/file/ZipFileIndex$Entry done
Event: 104.871 Thread 0x0000000002d53000 Uncommon trap: trap_request=0xffffff65 fr.pc=0x0000000003492a94
Event: 104.871 Thread 0x0000000002d53000 DEOPT PACKING pc=0x0000000003492a94 sp=0x00000000030dcc80
Event: 104.871 Thread 0x0000000002d53000 DEOPT UNPACKING pc=0x000000000312583b sp=0x00000000030dcbf0 mode 2


Dynamic libraries:
0x00007ff6a44e0000 - 0x00007ff6a4517000 	C:\Program Files\Java\jdk1.8.0_181\bin\java.exe
0x00007ff85b680000 - 0x00007ff85b870000 	C:\WINDOWS\SYSTEM32\ntdll.dll
0x00007ff859bd0000 - 0x00007ff859c82000 	C:\WINDOWS\System32\KERNEL32.DLL
0x00007ff859280000 - 0x00007ff859523000 	C:\WINDOWS\System32\KERNELBASE.dll
0x00007ff859f30000 - 0x00007ff859fd3000 	C:\WINDOWS\System32\ADVAPI32.dll
0x00007ff85b0c0000 - 0x00007ff85b15e000 	C:\WINDOWS\System32\msvcrt.dll
0x00007ff85b1d0000 - 0x00007ff85b267000 	C:\WINDOWS\System32\sechost.dll
0x00007ff85b380000 - 0x00007ff85b4a0000 	C:\WINDOWS\System32\RPCRT4.dll
0x00007ff85af20000 - 0x00007ff85b0b4000 	C:\WINDOWS\System32\USER32.dll
0x00007ff8590d0000 - 0x00007ff8590f1000 	C:\WINDOWS\System32\win32u.dll
0x00007ff85a300000 - 0x00007ff85a326000 	C:\WINDOWS\System32\GDI32.dll
0x00007ff858f30000 - 0x00007ff8590c4000 	C:\WINDOWS\System32\gdi32full.dll
0x00007ff858e90000 - 0x00007ff858f2e000 	C:\WINDOWS\System32\msvcp_win.dll
0x00007ff859100000 - 0x00007ff8591fa000 	C:\WINDOWS\System32\ucrtbase.dll
0x00007ff8424e0000 - 0x00007ff842765000 	C:\WINDOWS\WinSxS\amd64_microsoft.windows.common-controls_6595b64144ccf1df_6.0.18362.476_none_e6c4b11b130f2595\COMCTL32.dll
0x00007ff859890000 - 0x00007ff859bc6000 	C:\WINDOWS\System32\combase.dll
0x00007ff859200000 - 0x00007ff859280000 	C:\WINDOWS\System32\bcryptPrimitives.dll
0x00007ff859d00000 - 0x00007ff859d2e000 	C:\WINDOWS\System32\IMM32.DLL
0x00000000676a0000 - 0x0000000067772000 	C:\Program Files\Java\jdk1.8.0_181\jre\bin\msvcr100.dll
0x0000000066df0000 - 0x0000000067692000 	C:\Program Files\Java\jdk1.8.0_181\jre\bin\server\jvm.dll
0x00007ff85b270000 - 0x00007ff85b278000 	C:\WINDOWS\System32\PSAPI.DLL
0x00007ff845440000 - 0x00007ff845449000 	C:\WINDOWS\SYSTEM32\WSOCK32.dll
0x00007ff84f4f0000 - 0x00007ff84f514000 	C:\WINDOWS\SYSTEM32\WINMM.dll
0x00007ff859c90000 - 0x00007ff859cff000 	C:\WINDOWS\System32\WS2_32.dll
0x00007ff84f930000 - 0x00007ff84f93a000 	C:\WINDOWS\SYSTEM32\VERSION.dll
0x00007ff84f2b0000 - 0x00007ff84f2dd000 	C:\WINDOWS\SYSTEM32\winmmbase.dll
0x00007ff858e40000 - 0x00007ff858e8a000 	C:\WINDOWS\System32\cfgmgr32.dll
0x00000000687d0000 - 0x00000000687df000 	C:\Program Files\Java\jdk1.8.0_181\jre\bin\verify.dll
0x0000000066dc0000 - 0x0000000066de9000 	C:\Program Files\Java\jdk1.8.0_181\jre\bin\java.dll
0x00000000687b0000 - 0x00000000687c6000 	C:\Program Files\Java\jdk1.8.0_181\jre\bin\zip.dll
0x00007ff85a3b0000 - 0x00007ff85aa95000 	C:\WINDOWS\System32\SHELL32.dll
0x00007ff859e80000 - 0x00007ff859f29000 	C:\WINDOWS\System32\shcore.dll
0x00007ff858610000 - 0x00007ff858d8e000 	C:\WINDOWS\System32\windows.storage.dll
0x00007ff8585f0000 - 0x00007ff85860f000 	C:\WINDOWS\System32\profapi.dll
0x00007ff858580000 - 0x00007ff8585ca000 	C:\WINDOWS\System32\powrprof.dll
0x00007ff858550000 - 0x00007ff858560000 	C:\WINDOWS\System32\UMPDC.dll
0x00007ff85b4a0000 - 0x00007ff85b4f2000 	C:\WINDOWS\System32\shlwapi.dll
0x00007ff858560000 - 0x00007ff858571000 	C:\WINDOWS\System32\kernel.appcore.dll
0x00007ff859710000 - 0x00007ff859727000 	C:\WINDOWS\System32\cryptsp.dll
0x0000000066da0000 - 0x0000000066dba000 	C:\Program Files\Java\jdk1.8.0_181\jre\bin\net.dll
0x00007ff857dc0000 - 0x00007ff857e27000 	C:\WINDOWS\system32\mswsock.dll
0x0000000066d80000 - 0x0000000066d91000 	C:\Program Files\Java\jdk1.8.0_181\jre\bin\nio.dll
0x00007ff851bb0000 - 0x00007ff851da4000 	C:\WINDOWS\SYSTEM32\dbghelp.dll

VM Arguments:
jvm_args: -Xmx128m -Xss2m -Dant.home=C:\Program Files\JetBrains\IntelliJ IDEA 2017.1.2\lib\ant -Dant.library.dir=C:\Program Files\JetBrains\IntelliJ IDEA 2017.1.2\lib\ant\lib -Dfile.encoding=UTF-8 
java_command: com.intellij.rt.ant.execution.AntMain2 -logger com.intellij.rt.ant.execution.IdeaAntLogger2 -inputhandler com.intellij.rt.ant.execution.IdeaInputHandler -buildfile E:\PROJECT\onprogress\ptnmu\simrs-web\bin\build.xml deploy
java_class_path (initial): C:\Program Files\JetBrains\IntelliJ IDEA 2017.1.2\lib\ant\lib\ant-antlr.jar;C:\Program Files\JetBrains\IntelliJ IDEA 2017.1.2\lib\ant\lib\ant-apache-bcel.jar;C:\Program Files\JetBrains\IntelliJ IDEA 2017.1.2\lib\ant\lib\ant-apache-bsf.jar;C:\Program Files\JetBrains\IntelliJ IDEA 2017.1.2\lib\ant\lib\ant-apache-log4j.jar;C:\Program Files\JetBrains\IntelliJ IDEA 2017.1.2\lib\ant\lib\ant-apache-oro.jar;C:\Program Files\JetBrains\IntelliJ IDEA 2017.1.2\lib\ant\lib\ant-apache-regexp.jar;C:\Program Files\JetBrains\IntelliJ IDEA 2017.1.2\lib\ant\lib\ant-apache-resolver.jar;C:\Program Files\JetBrains\IntelliJ IDEA 2017.1.2\lib\ant\lib\ant-apache-xalan2.jar;C:\Program Files\JetBrains\IntelliJ IDEA 2017.1.2\lib\ant\lib\ant-commons-logging.jar;C:\Program Files\JetBrains\IntelliJ IDEA 2017.1.2\lib\ant\lib\ant-commons-net.jar;C:\Program Files\JetBrains\IntelliJ IDEA 2017.1.2\lib\ant\lib\ant-jai.jar;C:\Program Files\JetBrains\IntelliJ IDEA 2017.1.2\lib\ant\lib\ant-javamail.jar;C:\Program Files\JetBrains\IntelliJ IDEA 2017.1.2\lib\ant\lib\ant-jdepend.jar;C:\Program Files\JetBrains\IntelliJ IDEA 2017.1.2\lib\ant\lib\ant-jmf.jar;C:\Program Files\JetBrains\IntelliJ IDEA 2017.1.2\lib\ant\lib\ant-jsch.jar;C:\Program Files\JetBrains\IntelliJ IDEA 2017.1.2\lib\ant\lib\ant-junit.jar;C:\Program Files\JetBrains\IntelliJ IDEA 2017.1.2\lib\ant\lib\ant-junit4.jar;C:\Program Files\JetBrains\IntelliJ IDEA 2017.1.2\lib\ant\lib\ant-launcher.jar;C:\Program Files\JetBrains\IntelliJ IDEA 2017.1.2\lib\ant\lib\ant-netrexx.jar;C:\Program Files\JetBrains\IntelliJ IDEA 2017.1.2\lib\ant\lib\ant-swing.jar;C:\Program Files\JetBrains\IntelliJ IDEA 2017.1.2\lib\ant\lib\ant-testutil.jar;C:\Program Files\JetBrains\IntelliJ IDEA 2017.1.2\lib\ant\lib\ant.jar;C:\Program Files\Java\jdk1.8.0_181\lib\tools.jar;C:\Program Files\JetBrains\IntelliJ IDEA 2017.1.2\lib\idea_rt.jar
Launcher Type: SUN_STANDARD

Environment Variables:
JAVA_HOME=C:\Program Files\Java\jdk1.8.0_181
PATH=C:\Program Files (x86)\Common Files\Intel\Shared Files\cpp\bin\Intel64;C:\Program Files (x86)\Common Files\Oracle\Java\javapath;C:\WINDOWS\system32;C:\WINDOWS;C:\WINDOWS\System32\Wbem;C:\WINDOWS\System32\WindowsPowerShell\v1.0\;C:\WINDOWS\System32\OpenSSH\;C:\Program Files\Git\cmd;C:\Program Files\nodejs\;C:\Program Files\PuTTY\;C:\xampp\php;C:\ProgramData\ComposerSetup\bin;C:\Users\Toshiba\AppData\Local\Microsoft\WindowsApps;C:\Users\Toshiba\AppData\Roaming\npm;C:\Program Files\Java\jdk1.8.0_181\bin;C:\Users\Toshiba\AppData\Roaming\Composer\vendor\bin;
USERNAME=Toshiba
OS=Windows_NT
PROCESSOR_IDENTIFIER=Intel64 Family 6 Model 69 Stepping 1, GenuineIntel



---------------  S Y S T E M  ---------------

OS: Windows 10.0 , 64 bit Build 18362 (10.0.18362.329)

CPU:total 4 (initial active 4) (2 cores per cpu, 2 threads per core) family 6 model 69 stepping 1, cmov, cx8, fxsr, mmx, sse, sse2, sse3, ssse3, sse4.1, sse4.2, popcnt, avx, avx2, aes, clmul, erms, lzcnt, ht, tsc, tscinvbit, bmi1, bmi2

Memory: 4k page, physical 8291668k(2045640k free), swap 11568468k(2867848k free)

vm_info: Java HotSpot(TM) 64-Bit Server VM (25.181-b13) for windows-amd64 JRE (1.8.0_181-b13), built on Jul  7 2018 04:01:33 by "java_re" with MS VC++ 10.0 (VS2010)

time: Wed Nov 20 16:33:35 2019
elapsed time: 104 seconds (0d 0h 1m 44s)

