#
# There is insufficient memory for the Java Runtime Environment to continue.
# Native memory allocation (mmap) failed to map 91750400 bytes for committing reserved memory.
# Possible reasons:
#   The system is out of physical RAM or swap space
#   The process is running with CompressedOops enabled, and the Java Heap may be blocking the growth of the native heap
# Possible solutions:
#   Reduce memory load on the system
#   Increase physical memory or swap space
#   Check if swap backing store is full
#   Decrease Java heap size (-Xmx/-Xms)
#   Decrease number of Java threads
#   Decrease Java thread stack sizes (-Xss)
#   Set larger code cache with -XX:ReservedCodeCacheSize=
#   JVM is running with Unscaled Compressed Oops mode in which the Java heap is
#     placed in the first 4GB address space. The Java Heap base address is the
#     maximum limit for the native heap growth. Please use -XX:HeapBaseMinAddress
#     to set the Java Heap base and to place the Java Heap above 4GB virtual address.
# This output file may be truncated or incomplete.
#
#  Out of Memory Error (os_linux.cpp:2749), pid=13714, tid=0x00007fc644dfd700
#
# JRE version: Java(TM) SE Runtime Environment (8.0_201-b09) (build 1.8.0_201-b09)
# Java VM: Java HotSpot(TM) 64-Bit Server VM (25.201-b09 mixed mode linux-amd64 compressed oops)
# Failed to write core dump. Core dumps have been disabled. To enable core dumping, try "ulimit -c unlimited" before starting Java again
#

---------------  T H R E A D  ---------------

Current thread (0x00007fc65407a000):  VMThread [stack: 0x00007fc644cfe000,0x00007fc644dfe000] [id=13720]

Stack: [0x00007fc644cfe000,0x00007fc644dfe000],  sp=0x00007fc644dfc3d0,  free space=1016k
Native frames: (J=compiled Java code, j=interpreted, Vv=VM code, C=native code)
V  [libjvm.so+0xad3525]  VMError::report_and_die()+0x2e5
V  [libjvm.so+0x4e0457]  report_vm_out_of_memory(char const*, int, unsigned long, VMErrorType, char const*)+0x67
V  [libjvm.so+0x9102f0]  os::pd_commit_memory(char*, unsigned long, unsigned long, bool)+0x100
V  [libjvm.so+0x90791f]  os::commit_memory(char*, unsigned long, unsigned long, bool)+0x1f
V  [libjvm.so+0x98c806]  PSVirtualSpace::expand_by(unsigned long)+0x56
V  [libjvm.so+0x97badb]  PSOldGen::expand_by(unsigned long) [clone .part.28]+0x1b
V  [libjvm.so+0x97bc98]  PSOldGen::expand(unsigned long) [clone .part.29]+0xa8
V  [libjvm.so+0x97c841]  PSOldGen::resize(unsigned long)+0xe1
V  [libjvm.so+0x98297c]  PSParallelCompact::invoke_no_policy(bool) [clone .part.118]+0xa2c
V  [libjvm.so+0x98a795]  PSScavenge::invoke()+0x215
V  [libjvm.so+0x93a318]  ParallelScavengeHeap::failed_mem_allocate(unsigned long)+0x68
V  [libjvm.so+0xad5073]  VM_ParallelGCFailedAllocation::doit()+0x93
V  [libjvm.so+0xada296]  VM_Operation::evaluate()+0x46
V  [libjvm.so+0xad85cd]  VMThread::evaluate_operation(VM_Operation*) [clone .constprop.44]+0xcd
V  [libjvm.so+0xad8bb3]  VMThread::loop()+0x3a3
V  [libjvm.so+0xad8f88]  VMThread::run()+0x78
V  [libjvm.so+0x90d922]  java_start(Thread*)+0x102

VM_Operation (0x00007fc65b797570): ParallelGCFailedAllocation, mode: safepoint, requested by thread 0x00007fc65400c000


---------------  P R O C E S S  ---------------

Java Threads: ( => current thread )
  0x00007fc6540cb800 JavaThread "Service Thread" daemon [_thread_blocked, id=13727, stack(0x00007fc6441f6000,0x00007fc6443f7000)]
  0x00007fc6540c0800 JavaThread "C1 CompilerThread2" daemon [_thread_blocked, id=13726, stack(0x00007fc6443f8000,0x00007fc6444f8000)]
  0x00007fc6540be800 JavaThread "C2 CompilerThread1" daemon [_thread_blocked, id=13725, stack(0x00007fc6444f9000,0x00007fc6445f9000)]
  0x00007fc6540bb800 JavaThread "C2 CompilerThread0" daemon [_thread_blocked, id=13724, stack(0x00007fc6445fa000,0x00007fc6446fa000)]
  0x00007fc6540ba000 JavaThread "Signal Dispatcher" daemon [_thread_blocked, id=13723, stack(0x00007fc6446fa000,0x00007fc6448fb000)]
  0x00007fc654086800 JavaThread "Finalizer" daemon [_thread_blocked, id=13722, stack(0x00007fc6448fb000,0x00007fc644afc000)]
  0x00007fc654084000 JavaThread "Reference Handler" daemon [_thread_blocked, id=13721, stack(0x00007fc644afc000,0x00007fc644cfd000)]
  0x00007fc65400c000 JavaThread "main" [_thread_blocked, id=13715, stack(0x00007fc65b59c000,0x00007fc65b79c000)]

Other Threads:
=>0x00007fc65407a000 VMThread [stack: 0x00007fc644cfe000,0x00007fc644dfe000] [id=13720]
  0x00007fc6540ce000 WatcherThread [stack: 0x00007fc6440f6000,0x00007fc6441f6000] [id=13728]

VM state:at safepoint (normal execution)

VM Mutex/Monitor currently owned by a thread:  ([mutex/lock_event])
[0x00007fc6540081f0] ExpandHeap_lock - owner thread: 0x00007fc65407a000
[0x00007fc654008870] Threads_lock - owner thread: 0x00007fc65407a000
[0x00007fc654008d70] Heap_lock - owner thread: 0x00007fc65400c000

heap address: 0x00000000c0000000, size: 1024 MB, Compressed Oops mode: 32-bit
Narrow klass base: 0x0000000000000000, Narrow klass shift: 3
Compressed class space size: 1073741824 Address: 0x0000000100000000

Heap:
 PSYoungGen      total 276480K, used 0K [0x00000000eab00000, 0x0000000100000000, 0x0000000100000000)
  eden space 203776K, 0% used [0x00000000eab00000,0x00000000eab00000,0x00000000f7200000)
  from space 72704K, 0% used [0x00000000f7200000,0x00000000f7200000,0x00000000fb900000)
  to   space 70656K, 0% used [0x00000000fbb00000,0x00000000fbb00000,0x0000000100000000)
 ParOldGen       total 158720K, used 137083K [0x00000000c0000000, 0x00000000c9b00000, 0x00000000eab00000)
  object space 158720K, 86% used [0x00000000c0000000,0x00000000c85dee60,0x00000000c9b00000)
 Metaspace       used 14887K, capacity 14980K, committed 15104K, reserved 1062912K
  class space    used 1500K, capacity 1528K, committed 1536K, reserved 1048576K

Card table byte_map: [0x00007fc659f36000,0x00007fc65a137000] byte_map_base: 0x00007fc659936000

Marking Bits: (ParMarkBitMap*) 0x00007fc65cb05d80
 Begin Bits: [0x00007fc63e000000, 0x00007fc63f000000)
 End Bits:   [0x00007fc63f000000, 0x00007fc640000000)

Polling page: 0x00007fc65d775000

CodeCache: size=245760Kb used=18852Kb max_used=18852Kb free=226907Kb
 bounds [0x00007fc645000000, 0x00007fc646280000, 0x00007fc654000000]
 total_blobs=4849 nmethods=4499 adapters=262
 compilation: enabled

Compilation events (10 events):
Event: 10,249 Thread 0x00007fc6540be800 nmethod 3926 0x00007fc64625b210 code [0x00007fc64625b360, 0x00007fc64625b478]
Event: 10,249 Thread 0x00007fc6540be800 4762       4       java.util.regex.Pattern$Curly::match (86 bytes)
Event: 10,276 Thread 0x00007fc6540be800 nmethod 4762 0x00007fc6462768d0 code [0x00007fc646276ba0, 0x00007fc646277ec8]
Event: 10,276 Thread 0x00007fc6540be800 4630       4       com.sun.tools.javac.comp.Lower::access (714 bytes)
Event: 10,304 Thread 0x00007fc6540c0800 5081       2       com.sun.tools.javac.code.Types::isDerivedRawInternal (57 bytes)
Event: 10,305 Thread 0x00007fc6540c0800 nmethod 5081 0x00007fc646257550 code [0x00007fc646257720, 0x00007fc646257ae8]
Event: 10,385 Thread 0x00007fc6540c0800 5083       2       com.sun.tools.javac.comp.Attr$TypeAnnotationsValidator::validateAnnotatedType (716 bytes)
Event: 10,391 Thread 0x00007fc6540c0800 nmethod 5083 0x00007fc64627a790 code [0x00007fc64627ada0, 0x00007fc64627ce78]
Event: 10,464 Thread 0x00007fc6540c0800 5088       3       com.sun.tools.javac.jvm.Code::adjustAliveRanges (109 bytes)
Event: 10,464 Thread 0x00007fc6540c0800 nmethod 5088 0x00007fc64625c3d0 code [0x00007fc64625c5a0, 0x00007fc64625cd68]

GC Heap History (10 events):
Event: 4,929 GC heap after
Heap after GC invocations=8 (full 0):
 PSYoungGen      total 251904K, used 36346K [0x00000000eab00000, 0x00000000ff300000, 0x0000000100000000)
  eden space 215552K, 0% used [0x00000000eab00000,0x00000000eab00000,0x00000000f7d80000)
  from space 36352K, 99% used [0x00000000fb080000,0x00000000fd3feaa8,0x00000000fd400000)
  to   space 52224K, 0% used [0x00000000f7d80000,0x00000000f7d80000,0x00000000fb080000)
 ParOldGen       total 84992K, used 67875K [0x00000000c0000000, 0x00000000c5300000, 0x00000000eab00000)
  object space 84992K, 79% used [0x00000000c0000000,0x00000000c4248cc0,0x00000000c5300000)
 Metaspace       used 11784K, capacity 11940K, committed 12160K, reserved 1060864K
  class space    used 1326K, capacity 1368K, committed 1408K, reserved 1048576K
}
Event: 4,929 GC heap before
{Heap before GC invocations=9 (full 1):
 PSYoungGen      total 251904K, used 36346K [0x00000000eab00000, 0x00000000ff300000, 0x0000000100000000)
  eden space 215552K, 0% used [0x00000000eab00000,0x00000000eab00000,0x00000000f7d80000)
  from space 36352K, 99% used [0x00000000fb080000,0x00000000fd3feaa8,0x00000000fd400000)
  to   space 52224K, 0% used [0x00000000f7d80000,0x00000000f7d80000,0x00000000fb080000)
 ParOldGen       total 84992K, used 67875K [0x00000000c0000000, 0x00000000c5300000, 0x00000000eab00000)
  object space 84992K, 79% used [0x00000000c0000000,0x00000000c4248cc0,0x00000000c5300000)
 Metaspace       used 11784K, capacity 11940K, committed 12160K, reserved 1060864K
  class space    used 1326K, capacity 1368K, committed 1408K, reserved 1048576K
Event: 5,255 GC heap after
Heap after GC invocations=9 (full 1):
 PSYoungGen      total 251904K, used 16309K [0x00000000eab00000, 0x00000000ff300000, 0x0000000100000000)
  eden space 215552K, 0% used [0x00000000eab00000,0x00000000eab00000,0x00000000f7d80000)
  from space 36352K, 44% used [0x00000000fb080000,0x00000000fc06d7f0,0x00000000fd400000)
  to   space 52224K, 0% used [0x00000000f7d80000,0x00000000f7d80000,0x00000000fb080000)
 ParOldGen       total 158720K, used 84851K [0x00000000c0000000, 0x00000000c9b00000, 0x00000000eab00000)
  object space 158720K, 53% used [0x00000000c0000000,0x00000000c52dcc70,0x00000000c9b00000)
 Metaspace       used 11784K, capacity 11940K, committed 12160K, reserved 1060864K
  class space    used 1326K, capacity 1368K, committed 1408K, reserved 1048576K
}
Event: 7,436 GC heap before
{Heap before GC invocations=10 (full 1):
 PSYoungGen      total 251904K, used 231861K [0x00000000eab00000, 0x00000000ff300000, 0x0000000100000000)
  eden space 215552K, 100% used [0x00000000eab00000,0x00000000f7d80000,0x00000000f7d80000)
  from space 36352K, 44% used [0x00000000fb080000,0x00000000fc06d7f0,0x00000000fd400000)
  to   space 52224K, 0% used [0x00000000f7d80000,0x00000000f7d80000,0x00000000fb080000)
 ParOldGen       total 158720K, used 84851K [0x00000000c0000000, 0x00000000c9b00000, 0x00000000eab00000)
  object space 158720K, 53% used [0x00000000c0000000,0x00000000c52dcc70,0x00000000c9b00000)
 Metaspace       used 14335K, capacity 14468K, committed 14592K, reserved 1062912K
  class space    used 1492K, capacity 1528K, committed 1536K, reserved 1048576K
Event: 7,513 GC heap after
Heap after GC invocations=10 (full 1):
 PSYoungGen      total 267776K, used 52195K [0x00000000eab00000, 0x0000000100000000, 0x0000000100000000)
  eden space 215552K, 0% used [0x00000000eab00000,0x00000000eab00000,0x00000000f7d80000)
  from space 52224K, 99% used [0x00000000f7d80000,0x00000000fb078ec0,0x00000000fb080000)
  to   space 67072K, 0% used [0x00000000fbe80000,0x00000000fbe80000,0x0000000100000000)
 ParOldGen       total 158720K, used 97842K [0x00000000c0000000, 0x00000000c9b00000, 0x00000000eab00000)
  object space 158720K, 61% used [0x00000000c0000000,0x00000000c5f8c8a0,0x00000000c9b00000)
 Metaspace       used 14335K, capacity 14468K, committed 14592K, reserved 1062912K
  class space    used 1492K, capacity 1528K, committed 1536K, reserved 1048576K
}
Event: 9,125 GC heap before
{Heap before GC invocations=11 (full 1):
 PSYoungGen      total 267776K, used 267747K [0x00000000eab00000, 0x0000000100000000, 0x0000000100000000)
  eden space 215552K, 100% used [0x00000000eab00000,0x00000000f7d80000,0x00000000f7d80000)
  from space 52224K, 99% used [0x00000000f7d80000,0x00000000fb078ec0,0x00000000fb080000)
  to   space 67072K, 0% used [0x00000000fbe80000,0x00000000fbe80000,0x0000000100000000)
 ParOldGen       total 158720K, used 97842K [0x00000000c0000000, 0x00000000c9b00000, 0x00000000eab00000)
  object space 158720K, 61% used [0x00000000c0000000,0x00000000c5f8c8a0,0x00000000c9b00000)
 Metaspace       used 14810K, capacity 14916K, committed 15104K, reserved 1062912K
  class space    used 1500K, capacity 1528K, committed 1536K, reserved 1048576K
Event: 9,230 GC heap after
Heap after GC invocations=11 (full 1):
 PSYoungGen      total 270848K, used 49780K [0x00000000eab00000, 0x0000000100000000, 0x0000000100000000)
  eden space 203776K, 0% used [0x00000000eab00000,0x00000000eab00000,0x00000000f7200000)
  from space 67072K, 74% used [0x00000000fbe80000,0x00000000fef1d2b8,0x0000000100000000)
  to   space 72704K, 0% used [0x00000000f7200000,0x00000000f7200000,0x00000000fb900000)
 ParOldGen       total 158720K, used 104784K [0x00000000c0000000, 0x00000000c9b00000, 0x00000000eab00000)
  object space 158720K, 66% used [0x00000000c0000000,0x00000000c66542a0,0x00000000c9b00000)
 Metaspace       used 14810K, capacity 14916K, committed 15104K, reserved 1062912K
  class space    used 1500K, capacity 1528K, committed 1536K, reserved 1048576K
}
Event: 10,479 GC heap before
{Heap before GC invocations=12 (full 1):
 PSYoungGen      total 270848K, used 253556K [0x00000000eab00000, 0x0000000100000000, 0x0000000100000000)
  eden space 203776K, 100% used [0x00000000eab00000,0x00000000f7200000,0x00000000f7200000)
  from space 67072K, 74% used [0x00000000fbe80000,0x00000000fef1d2b8,0x0000000100000000)
  to   space 72704K, 0% used [0x00000000f7200000,0x00000000f7200000,0x00000000fb900000)
 ParOldGen       total 158720K, used 104784K [0x00000000c0000000, 0x00000000c9b00000, 0x00000000eab00000)
  object space 158720K, 66% used [0x00000000c0000000,0x00000000c66542a0,0x00000000c9b00000)
 Metaspace       used 14887K, capacity 14980K, committed 15104K, reserved 1062912K
  class space    used 1500K, capacity 1528K, committed 1536K, reserved 1048576K
Event: 10,584 GC heap after
Heap after GC invocations=12 (full 1):
 PSYoungGen      total 276480K, used 9491K [0x00000000eab00000, 0x0000000100000000, 0x0000000100000000)
  eden space 203776K, 0% used [0x00000000eab00000,0x00000000eab00000,0x00000000f7200000)
  from space 72704K, 13% used [0x00000000f7200000,0x00000000f7b44df8,0x00000000fb900000)
  to   space 70656K, 0% used [0x00000000fbb00000,0x00000000fbb00000,0x0000000100000000)
 ParOldGen       total 158720K, used 149327K [0x00000000c0000000, 0x00000000c9b00000, 0x00000000eab00000)
  object space 158720K, 94% used [0x00000000c0000000,0x00000000c91d3c20,0x00000000c9b00000)
 Metaspace       used 14887K, capacity 14980K, committed 15104K, reserved 1062912K
  class space    used 1500K, capacity 1528K, committed 1536K, reserved 1048576K
}
Event: 10,584 GC heap before
{Heap before GC invocations=13 (full 2):
 PSYoungGen      total 276480K, used 9491K [0x00000000eab00000, 0x0000000100000000, 0x0000000100000000)
  eden space 203776K, 0% used [0x00000000eab00000,0x00000000eab00000,0x00000000f7200000)
  from space 72704K, 13% used [0x00000000f7200000,0x00000000f7b44df8,0x00000000fb900000)
  to   space 70656K, 0% used [0x00000000fbb00000,0x00000000fbb00000,0x0000000100000000)
 ParOldGen       total 158720K, used 149327K [0x00000000c0000000, 0x00000000c9b00000, 0x00000000eab00000)
  object space 158720K, 94% used [0x00000000c0000000,0x00000000c91d3c20,0x00000000c9b00000)
 Metaspace       used 14887K, capacity 14980K, committed 15104K, reserved 1062912K
  class space    used 1500K, capacity 1528K, committed 1536K, reserved 1048576K

Deoptimization events (10 events):
Event: 8,931 Thread 0x00007fc65400c000 Uncommon trap: reason=bimorphic action=maybe_recompile pc=0x00007fc6460b7034 method=com.sun.tools.javac.code.Types.closure(Lcom/sun/tools/javac/code/Type;)Lcom/sun/tools/javac/util/List; @ 25
Event: 8,931 Thread 0x00007fc65400c000 Uncommon trap: reason=unstable_if action=reinterpret pc=0x00007fc6453b17ec method=com.sun.tools.javac.comp.Check.checkDeprecated(Lcom/sun/tools/javac/util/JCDiagnostic$DiagnosticPosition;Lcom/sun/tools/javac/code/Symbol;Lcom/sun/tools/javac/code/Symbol;)V
Event: 8,937 Thread 0x00007fc65400c000 Uncommon trap: reason=unstable_if action=reinterpret pc=0x00007fc6451ab6c0 method=com.sun.tools.javac.tree.TreeScanner.scan(Lcom/sun/tools/javac/util/List;)V @ 1
Event: 8,955 Thread 0x00007fc65400c000 Uncommon trap: reason=class_check action=maybe_recompile pc=0x00007fc645c4030c method=java.util.regex.Pattern$BmpCharProperty.match(Ljava/util/regex/Matcher;ILjava/lang/CharSequence;)Z @ 31
Event: 9,025 Thread 0x00007fc65400c000 Uncommon trap: reason=predicate action=maybe_recompile pc=0x00007fc645d15320 method=com.sun.tools.javac.code.Type.containsAny(Lcom/sun/tools/javac/util/List;)Z @ 14
Event: 9,025 Thread 0x00007fc65400c000 Uncommon trap: reason=predicate action=maybe_recompile pc=0x00007fc645ccae44 method=com.sun.tools.javac.code.Type.containsAny(Lcom/sun/tools/javac/util/List;)Z @ 14
Event: 9,029 Thread 0x00007fc65400c000 Uncommon trap: reason=unstable_if action=reinterpret pc=0x00007fc645bfdae4 method=com.sun.tools.javac.comp.Resolve.findImmediateMemberType(Lcom/sun/tools/javac/comp/Env;Lcom/sun/tools/javac/code/Type;Lcom/sun/tools/javac/util/Name;Lcom/sun/tools/javac/cod
Event: 9,030 Thread 0x00007fc65400c000 Uncommon trap: reason=unstable_if action=reinterpret pc=0x00007fc6460e5904 method=com.sun.tools.javac.code.Types$SameTypeVisitor.visitClassType(Lcom/sun/tools/javac/code/Type$ClassType;Lcom/sun/tools/javac/code/Type;)Ljava/lang/Boolean; @ 14
Event: 9,031 Thread 0x00007fc65400c000 Uncommon trap: reason=unstable_if action=reinterpret pc=0x00007fc645c00c24 method=com.sun.tools.javac.code.Type$ClassType.getTypeArguments()Lcom/sun/tools/javac/util/List; @ 15
Event: 10,128 Thread 0x00007fc65400c000 Uncommon trap: reason=class_check action=maybe_recompile pc=0x00007fc6460b7a20 method=com.sun.tools.javac.code.Types.closure(Lcom/sun/tools/javac/code/Type;)Lcom/sun/tools/javac/util/List; @ 119

Classes redefined (0 events):
No events

Internal exceptions (10 events):
Event: 0,022 Thread 0x00007fc65400c000 Exception <a 'java/lang/NoSuchMethodError': Method sun.misc.Unsafe.defineClass(Ljava/lang/String;[BII)Ljava/lang/Class; name or signature does not match> (0x00000000eab07cb0) thrown at [/HUDSON/workspace/8-2-build-linux-amd64/jdk8u201/12317/hotspot/src/sh
Event: 0,022 Thread 0x00007fc65400c000 Exception <a 'java/lang/NoSuchMethodError': Method sun.misc.Unsafe.prefetchRead(Ljava/lang/Object;J)V name or signature does not match> (0x00000000eab07f98) thrown at [/HUDSON/workspace/8-2-build-linux-amd64/jdk8u201/12317/hotspot/src/share/vm/prims/jni.c
Event: 0,087 Thread 0x00007fc65400c000 Exception <a 'java/security/PrivilegedActionException'> (0x00000000ead12298) thrown at [/HUDSON/workspace/8-2-build-linux-amd64/jdk8u201/12317/hotspot/src/share/vm/prims/jvm.cpp, line 1502]
Event: 0,087 Thread 0x00007fc65400c000 Exception <a 'java/security/PrivilegedActionException'> (0x00000000ead124a8) thrown at [/HUDSON/workspace/8-2-build-linux-amd64/jdk8u201/12317/hotspot/src/share/vm/prims/jvm.cpp, line 1502]
Event: 0,087 Thread 0x00007fc65400c000 Exception <a 'java/security/PrivilegedActionException'> (0x00000000ead14af8) thrown at [/HUDSON/workspace/8-2-build-linux-amd64/jdk8u201/12317/hotspot/src/share/vm/prims/jvm.cpp, line 1502]
Event: 0,087 Thread 0x00007fc65400c000 Exception <a 'java/security/PrivilegedActionException'> (0x00000000ead14d08) thrown at [/HUDSON/workspace/8-2-build-linux-amd64/jdk8u201/12317/hotspot/src/share/vm/prims/jvm.cpp, line 1502]
Event: 0,320 Thread 0x00007fc65400c000 Exception <a 'java/lang/ClassNotFoundException': org/apache/tools/ant/helper/DefaultExecutor> (0x00000000eb547258) thrown at [/HUDSON/workspace/8-2-build-linux-amd64/jdk8u201/12317/hotspot/src/share/vm/classfile/systemDictionary.cpp, line 210]
Event: 5,345 Thread 0x00007fc65400c000 Exception <a 'java/io/FileNotFoundException'> (0x00000000eba1a668) thrown at [/HUDSON/workspace/8-2-build-linux-amd64/jdk8u201/12317/hotspot/src/share/vm/prims/jni.cpp, line 709]
Event: 5,349 Thread 0x00007fc65400c000 Exception <a 'java/io/FileNotFoundException'> (0x00000000eba51250) thrown at [/HUDSON/workspace/8-2-build-linux-amd64/jdk8u201/12317/hotspot/src/share/vm/prims/jni.cpp, line 709]
Event: 6,066 Thread 0x00007fc65400c000 Implicit null exception at 0x00007fc645139742 to 0x00007fc6451399bd

Events (10 events):
Event: 10,128 Thread 0x00007fc65400c000 DEOPT UNPACKING pc=0x00007fc64504573a sp=0x00007fc65b797750 mode 2
Event: 10,213 Thread 0x00007fc65400c000 DEOPT PACKING pc=0x00007fc645f294fc sp=0x00007fc65b798890
Event: 10,213 Thread 0x00007fc65400c000 DEOPT UNPACKING pc=0x00007fc645047784 sp=0x00007fc65b798640 mode 0
Event: 10,324 Thread 0x00007fc65400c000 DEOPT PACKING pc=0x00007fc64604612c sp=0x00007fc65b798430
Event: 10,324 Thread 0x00007fc65400c000 DEOPT UNPACKING pc=0x00007fc645047784 sp=0x00007fc65b798360 mode 0
Event: 10,385 Thread 0x00007fc65400c000 DEOPT PACKING pc=0x00007fc645b7a5a5 sp=0x00007fc65b798740
Event: 10,385 Thread 0x00007fc65400c000 DEOPT UNPACKING pc=0x00007fc645047784 sp=0x00007fc65b798540 mode 0
Event: 10,464 Thread 0x00007fc65400c000 DEOPT PACKING pc=0x00007fc645ef3d56 sp=0x00007fc65b797e30
Event: 10,464 Thread 0x00007fc65400c000 DEOPT UNPACKING pc=0x00007fc645047784 sp=0x00007fc65b797b68 mode 0
Event: 10,479 Executing VM operation: ParallelGCFailedAllocation


Dynamic libraries:
00400000-00401000 r-xp 00000000 08:06 2490838                            /usr/lib/jvm/java-8-oracle/bin/java
00600000-00601000 r--p 00000000 08:06 2490838                            /usr/lib/jvm/java-8-oracle/bin/java
00601000-00602000 rw-p 00001000 08:06 2490838                            /usr/lib/jvm/java-8-oracle/bin/java
00778000-00799000 rw-p 00000000 00:00 0                                  [heap]
c0000000-c9b00000 rw-p 00000000 00:00 0 
cf280000-eab00000 ---p 00000000 00:00 0 
eab00000-100000000 rw-p 00000000 00:00 0 
100000000-100180000 rw-p 00000000 00:00 0 
100180000-140000000 ---p 00000000 00:00 0 
7fc608000000-7fc608021000 rw-p 00000000 00:00 0 
7fc608021000-7fc60c000000 ---p 00000000 00:00 0 
7fc610000000-7fc6111df000 rw-p 00000000 00:00 0 
7fc6111df000-7fc614000000 ---p 00000000 00:00 0 
7fc614000000-7fc614021000 rw-p 00000000 00:00 0 
7fc614021000-7fc618000000 ---p 00000000 00:00 0 
7fc618000000-7fc6197e9000 rw-p 00000000 00:00 0 
7fc6197e9000-7fc61c000000 ---p 00000000 00:00 0 
7fc61c000000-7fc61e786000 rw-p 00000000 00:00 0 
7fc61e786000-7fc620000000 ---p 00000000 00:00 0 
7fc620000000-7fc620021000 rw-p 00000000 00:00 0 
7fc620021000-7fc624000000 ---p 00000000 00:00 0 
7fc624000000-7fc624021000 rw-p 00000000 00:00 0 
7fc624021000-7fc628000000 ---p 00000000 00:00 0 
7fc628000000-7fc6282c5000 rw-p 00000000 00:00 0 
7fc6282c5000-7fc62c000000 ---p 00000000 00:00 0 
7fc62c000000-7fc62c021000 rw-p 00000000 00:00 0 
7fc62c021000-7fc630000000 ---p 00000000 00:00 0 
7fc630000000-7fc630021000 rw-p 00000000 00:00 0 
7fc630021000-7fc634000000 ---p 00000000 00:00 0 
7fc634000000-7fc634021000 rw-p 00000000 00:00 0 
7fc634021000-7fc638000000 ---p 00000000 00:00 0 
7fc638000000-7fc638021000 rw-p 00000000 00:00 0 
7fc638021000-7fc63c000000 ---p 00000000 00:00 0 
7fc63c8f7000-7fc63ca37000 rw-p 00000000 00:00 0 
7fc63ca37000-7fc63caf7000 ---p 00000000 00:00 0 
7fc63caf7000-7fc63ccf7000 rw-p 00000000 00:00 0 
7fc63ccf7000-7fc63cd05000 r--s 00092000 08:06 2006192                    /home/reza/AndroidStudioProjects/simrs-web/lib/xwork-core-2.3.16.3.jar
7fc63cd05000-7fc63cd12000 r--s 00077000 08:06 2006191                    /home/reza/AndroidStudioProjects/simrs-web/lib/xstream-1.4.8.jar
7fc63cd12000-7fc63cd1a000 r--s 00028000 08:06 2006190                    /home/reza/AndroidStudioProjects/simrs-web/lib/xml-apis.jar
7fc63cd1a000-7fc63cd1f000 r--s 00010000 08:06 2006189                    /home/reza/AndroidStudioProjects/simrs-web/lib/xml-apis-ext.jar
7fc63cd1f000-7fc63cd21000 r--s 00009000 08:06 2006188                    /home/reza/AndroidStudioProjects/simrs-web/lib/tiles-jsp-2.0.6.jar
7fc63cd21000-7fc63cd25000 r--s 0001c000 08:06 2006187                    /home/reza/AndroidStudioProjects/simrs-web/lib/tiles-core-2.0.6.jar
7fc63cd25000-7fc63cd27000 r--s 00003000 08:06 2006186                    /home/reza/AndroidStudioProjects/simrs-web/lib/tiles-api-2.0.6.jar
7fc63cd27000-7fc63cd29000 r--s 00004000 08:06 2006185                    /home/reza/AndroidStudioProjects/simrs-web/lib/struts2-tiles-plugin-2.3.16.3.jar
7fc63cd29000-7fc63cd2b000 r--s 00004000 08:06 2006184                    /home/reza/AndroidStudioProjects/simrs-web/lib/struts2-spring-plugin-2.3.16.3.jar
7fc63cd2b000-7fc63cd2d000 r--s 00009000 08:06 2006183                    /home/reza/AndroidStudioProjects/simrs-web/lib/struts2-rest-plugin-2.3.16.3.jar
7fc63cd2d000-7fc63cd2e000 r--s 00004000 08:06 2006182                    /home/reza/AndroidStudioProjects/simrs-web/lib/struts2-junit-plugin-2.3.16.3.jar
7fc63cd2e000-7fc63cd30000 r--s 00010000 08:06 2006181                    /home/reza/AndroidStudioProjects/simrs-web/lib/struts2-json-plugin-2.3.16.3.jar
7fc63cd30000-7fc63cd33000 r--s 00026000 08:06 2006180                    /home/reza/AndroidStudioProjects/simrs-web/lib/struts2-jquery-tree-plugin-3.7.1.jar
7fc63cd33000-7fc63cd6c000 r--s 00302000 08:06 2006179                    /home/reza/AndroidStudioProjects/simrs-web/lib/struts2-jquery-richtext-plugin-3.7.1.jar
7fc63cd6c000-7fc63cd85000 r--s 00274000 08:06 2006178                    /home/reza/AndroidStudioProjects/simrs-web/lib/struts2-jquery-plugin-4.0.3.jar
7fc63cd85000-7fc63cd88000 r--s 0005c000 08:06 2006177                    /home/reza/AndroidStudioProjects/simrs-web/lib/struts2-jquery-grid-plugin-3.7.1.jar
7fc63cd88000-7fc63cd8a000 r--s 0002a000 08:06 2006176                    /home/reza/AndroidStudioProjects/simrs-web/lib/struts2-jquery-chart-plugin-3.7.1.jar
7fc63cd8a000-7fc63cd8c000 r--s 00005000 08:06 2006175                    /home/reza/AndroidStudioProjects/simrs-web/lib/struts2-jasperreports-plugin-2.3.16.3u.jar
7fc63cd8c000-7fc63cd95000 r--s 0009d000 08:06 2006174                    /home/reza/AndroidStudioProjects/simrs-web/lib/struts2-embeddedjsp-plugin-2.3.16.3.jar
7fc63cd95000-7fc63cd96000 r--s 00002000 08:06 2006173                    /home/reza/AndroidStudioProjects/simrs-web/lib/struts2-dwr-plugin-2.3.16.3.jar
7fc63cd96000-7fc63cdb0000 r--s 0018d000 08:06 2006172                    /home/reza/AndroidStudioProjects/simrs-web/lib/struts2-dojo-plugin-2.3.16.3.jar
7fc63cdb0000-7fc63cdc0000 r--s 000b4000 08:06 2006171                    /home/reza/AndroidStudioProjects/simrs-web/lib/struts2-core-2.3.16.3.jar
7fc63cdc0000-7fc63cdc2000 r--s 0000f000 08:06 2006170                    /home/reza/AndroidStudioProjects/simrs-web/lib/struts2-convention-plugin-2.3.16.3.jar
7fc63cdc2000-7fc63cdc3000 r--s 0000a000 08:06 2006169                    /home/reza/AndroidStudioProjects/simrs-web/lib/struts2-config-browser-plugin-2.3.16.3.jar
7fc63cdc3000-7fc63cdc6000 r--s 00065000 08:06 2006168                    /home/reza/AndroidStudioProjects/simrs-web/lib/struts2-bootstrap-plugin-2.5.2.jar
7fc63cdc6000-7fc63cdd1000 r--s 00072000 08:06 2006167                    /home/reza/AndroidStudioProjects/simrs-web/lib/standard-1.0.6.jar
7fc63cdd1000-7fc63cdd5000 r--s 0002a000 08:06 2006166                    /home/reza/AndroidStudioProjects/simrs-web/lib/spring-webmvc-portlet-3.2.8.RELEASE.jar
7fc63cdd5000-7fc63cde1000 r--s 00090000 08:06 2006165                    /home/reza/AndroidStudioProjects/simrs-web/lib/spring-webmvc-3.2.8.RELEASE.jar
7fc63cde1000-7fc63cdef000 r--s 0008c000 08:06 2006164                    /home/reza/AndroidStudioProjects/simrs-web/lib/spring-web-3.2.8.RELEASE.jar
7fc63cdef000-7fc63cdf7000 r--s 00034000 08:06 2006163                    /home/reza/AndroidStudioProjects/simrs-web/lib/spring-tx-3.2.8.RELEASE.jar
7fc63cdf7000-7fc63ce02000 r--s 00065000 08:06 2006162                    /home/reza/AndroidStudioProjects/simrs-web/lib/spring-test-3.2.8.RELEASE.jar
7fc63ce02000-7fc63ce03000 r--s 00008000 08:06 2006161                    /home/reza/AndroidStudioProjects/simrs-web/lib/spring-struts-3.2.8.RELEASE.jar
7fc63ce03000-7fc63ce0d000 r--s 0004a000 08:06 2006160                    /home/reza/AndroidStudioProjects/simrs-web/lib/spring-security-web-3.2.3.RELEASE.jar
7fc63ce0d000-7fc63ce0e000 r--s 00005000 08:06 2006159                    /home/reza/AndroidStudioProjects/simrs-web/lib/spring-security-taglibs-3.2.3.RELEASE.jar
7fc63ce0e000-7fc63ce19000 r--s 0004d000 08:06 2006158                    /home/reza/AndroidStudioProjects/simrs-web/lib/spring-security-core-3.2.3.RELEASE.jar
7fc63ce19000-7fc63ce21000 r--s 0005c000 08:06 2006157                    /home/reza/AndroidStudioProjects/simrs-web/lib/spring-security-config-3.2.3.RELEASE.jar
7fc63ce21000-7fc63ce24000 r--s 00012000 08:06 2006156                    /home/reza/AndroidStudioProjects/simrs-web/lib/spring-security-acl-3.2.3.RELEASE.jar
7fc63ce24000-7fc63ce26000 r--s 00011000 08:06 2006155                    /home/reza/AndroidStudioProjects/simrs-web/lib/spring-oxm-3.2.8.RELEASE.jar
7fc63ce26000-7fc63ce2f000 r--s 00056000 08:06 2006154                    /home/reza/AndroidStudioProjects/simrs-web/lib/spring-orm-3.2.8.RELEASE.jar
7fc63ce2f000-7fc63ce34000 r--s 0002e000 08:06 2006153                    /home/reza/AndroidStudioProjects/simrs-web/lib/spring-jms-3.2.8.RELEASE.jar
7fc63ce34000-7fc63ce3e000 r--s 0005a000 08:06 2006152                    /home/reza/AndroidStudioProjects/simrs-web/lib/spring-jdbc-3.2.8.RELEASE.jar
7fc63ce3e000-7fc63ce3f000 r--s 00002000 08:06 2006151                    /home/reza/AndroidStudioProjects/simrs-web/lib/spring-instrument-tomcat-3.2.8.RELEASE.jar
7fc63ce3f000-7fc63ce40000 r--s 00001000 08:06 2006150                    /home/reza/AndroidStudioProjects/simrs-web/lib/spring-instrument-3.2.8.RELEASE.jar
7fc63ce40000-7fc63ce44000 r--s 0002c000 08:06 2006149                    /home/reza/AndroidStudioProjects/simrs-web/lib/spring-expression-3.2.8.RELEASE.jar
7fc63ce44000-7fc63ce56000 r--s 000c4000 08:06 2006148                    /home/reza/AndroidStudioProjects/simrs-web/lib/spring-core-3.2.8.RELEASE.jar
7fc63ce56000-7fc63ce5a000 r--s 0001c000 08:06 2006147                    /home/reza/AndroidStudioProjects/simrs-web/lib/spring-context-support-3.2.8.RELEASE.jar
7fc63ce5a000-7fc63ce6f000 r--s 000bf000 08:06 2006146                    /home/reza/AndroidStudioProjects/simrs-web/lib/spring-context-3.2.8.RELEASE.jar
7fc63ce6f000-7fc63ce7b000 r--s 0008a000 08:06 2006145                    /home/reza/AndroidStudioProjects/simrs-web/lib/spring-beans-3.2.8.RELEASE.jar
7fc63ce7b000-7fc63ce7d000 r--s 0000b000 08:06 2006144                    /home/reza/AndroidStudioProjects/simrs-web/lib/spring-aspects-3.2.8.RELEASE.jar
7fc63ce7d000-7fc63ce86000 r--s 0004a000 08:06 2005973                    /home/reza/AndroidStudioProjects/simrs-web/lib/spring-aop-3.2.8.RELEASE.jar
7fc63ce86000-7fc63ce87000 r--s 00002000 08:06 2005968                    /home/reza/AndroidStudioProjects/simrs-web/lib/slf4j-log4j12-1.6.1.jar
7fc63ce87000-7fc63ce89000 r--s 00005000 08:06 2005963                    /home/reza/AndroidStudioProjects/simrs-web/lib/slf4j-api-1.6.1.jar
7fc63ce89000-7fc63ce8c000 r--s 00014000 08:06 2008294                    /home/reza/AndroidStudioProjects/simrs-web/lib/retrofit-2.4.0.jar
7fc63ce8c000-7fc63ce93000 r--s 0008a000 08:06 2005959                    /home/reza/AndroidStudioProjects/simrs-web/lib/postgresql-9.3-1102.jdbc4.jar
7fc63ce93000-7fc63ce94000 r--s 00000000 08:06 2005957                    /home/reza/AndroidStudioProjects/simrs-web/lib/postgis-stubs-1.3.3.jar
7fc63ce94000-7fc63ce96000 r--s 00011000 08:06 2005901                    /home/reza/AndroidStudioProjects/simrs-web/lib/postgis-jdbc-1.3.3.jar
7fc63ce96000-7fc63ceb1000 r--s 00142000 08:06 2005895                    /home/reza/AndroidStudioProjects/simrs-web/lib/poi-3.2-FINAL.jar
7fc63ceb1000-7fc63ceb2000 r--s 00014000 08:06 2008274                    /home/reza/AndroidStudioProjects/simrs-web/lib/okio-1.14.0.jar
7fc63ceb2000-7fc63ceb7000 r--s 00060000 08:06 2008273                    /home/reza/AndroidStudioProjects/simrs-web/lib/okhttp-3.10.0.jar
7fc63ceb7000-7fc63ceba000 r--s 00035000 08:06 2005403                    /home/reza/AndroidStudioProjects/simrs-web/lib/ognl-3.0.5.jar
7fc63ceba000-7fc63cec3000 r--s 0006d000 08:06 2005378                    /home/reza/AndroidStudioProjects/simrs-web/lib/log4j-1.2.16.jar
7fc63cec3000-7fc63ced2000 r--s 0009f000 08:06 2005362                    /home/reza/AndroidStudioProjects/simrs-web/lib/jts-1.11.jar
7fc63ced2000-7fc63ced4000 r--s 00004000 08:06 2005247                    /home/reza/AndroidStudioProjects/simrs-web/lib/jstl-1.1.2.jar
7fc63ced4000-7fc63ced8000 r--s 00022000 08:06 2005241                    /home/reza/AndroidStudioProjects/simrs-web/lib/json-lib-2.3-jdk15.jar
7fc63ced8000-7fc63cedd000 r--s 000bc000 08:06 2005232                    /home/reza/AndroidStudioProjects/simrs-web/lib/jrobin-1.5.9.jar
7fc63cedd000-7fc63ceed000 r--s 00080000 08:06 2004777                    /home/reza/AndroidStudioProjects/simrs-web/lib/joda-time-2.4.jar
7fc63ceed000-7fc63cefd000 r--s 0013f000 08:06 2004644                    /home/reza/AndroidStudioProjects/simrs-web/lib/jfreechart-1.0.12.jar
7fc63cefd000-7fc63cf07000 r--s 0011e000 08:06 2004638                    /home/reza/AndroidStudioProjects/simrs-web/lib/jdt-compiler-3.1.1.jar
7fc63cf07000-7fc63cf0d000 r--s 00046000 08:06 1999744                    /home/reza/AndroidStudioProjects/simrs-web/lib/jcommon-1.0.15.jar
7fc63cf0d000-7fc63cf0f000 r--s 0000d000 08:06 1999742                    /home/reza/AndroidStudioProjects/simrs-web/lib/jboss-logging-3.1.0.GA.jar
7fc63cf0f000-7fc63cf17000 r--s 0008e000 08:06 1999740                    /home/reza/AndroidStudioProjects/simrs-web/lib/javassist-3.11.0.GA.jar
7fc63cf17000-7fc63cf28000 r--s 00138000 08:06 1999736                    /home/reza/AndroidStudioProjects/simrs-web/lib/javamelody-core-1.75.0.jar
7fc63cf28000-7fc63cf7f000 r--s 0045f000 08:06 1999729                    /home/reza/AndroidStudioProjects/simrs-web/lib/jasperreports-5.6.0.jar
7fc63cf7f000-7fc63cf8f000 r--s 0006e000 08:06 1999728                    /home/reza/AndroidStudioProjects/simrs-web/lib/j2ee.jar
7fc63cf8f000-7fc63cf9b000 r--s 00108000 08:06 1999726                    /home/reza/AndroidStudioProjects/simrs-web/lib/iText-2.1.7.jar
7fc63cf9b000-7fc63d006000 r--s 00685000 08:06 1999716                    /home/reza/AndroidStudioProjects/simrs-web/lib/groovy-all-2.3.6.jar
7fc63d006000-7fc63d206000 rw-p 00000000 00:00 0 
7fc63d206000-7fc63d217000 r-xp 00000000 08:06 2509926                    /usr/lib/jvm/java-8-oracle/jre/lib/amd64/libnio.so
7fc63d217000-7fc63d416000 ---p 00011000 08:06 2509926                    /usr/lib/jvm/java-8-oracle/jre/lib/amd64/libnio.so
7fc63d416000-7fc63d417000 r--p 00010000 08:06 2509926                    /usr/lib/jvm/java-8-oracle/jre/lib/amd64/libnio.so
7fc63d417000-7fc63d418000 rw-p 00011000 08:06 2509926                    /usr/lib/jvm/java-8-oracle/jre/lib/amd64/libnio.so
7fc63d418000-7fc63d42e000 r-xp 00000000 08:06 2509923                    /usr/lib/jvm/java-8-oracle/jre/lib/amd64/libnet.so
7fc63d42e000-7fc63d62e000 ---p 00016000 08:06 2509923                    /usr/lib/jvm/java-8-oracle/jre/lib/amd64/libnet.so
7fc63d62e000-7fc63d62f000 r--p 00016000 08:06 2509923                    /usr/lib/jvm/java-8-oracle/jre/lib/amd64/libnet.so
7fc63d62f000-7fc63d630000 rw-p 00017000 08:06 2509923                    /usr/lib/jvm/java-8-oracle/jre/lib/amd64/libnet.so
7fc63d630000-7fc63e000000 r--p 00000000 08:06 1053276                    /usr/lib/locale/locale-archive
7fc63e000000-7fc640000000 rw-p 00000000 00:00 0 
7fc640000000-7fc640021000 rw-p 00000000 00:00 0 
7fc640021000-7fc644000000 ---p 00000000 00:00 0 
7fc644000000-7fc644001000 r--s 00003000 08:06 2005361                    /home/reza/AndroidStudioProjects/simrs-web/lib/jta-1.1.jar
7fc644001000-7fc644002000 r--s 00009000 08:06 1999738                    /home/reza/AndroidStudioProjects/simrs-web/lib/javase-2.2.jar
7fc644002000-7fc644003000 r--s 00014000 08:06 1999734                    /home/reza/AndroidStudioProjects/simrs-web/lib/java-json.jar
7fc644003000-7fc644006000 r--s 0000c000 08:06 1999732                    /home/reza/AndroidStudioProjects/simrs-web/lib/jasperreports-wms-component-1.0.1.jar
7fc644006000-7fc644008000 r--s 0025c000 08:06 1999730                    /home/reza/AndroidStudioProjects/simrs-web/lib/jasperreports-fonts-5.6.0.jar
7fc644008000-7fc644050000 r--s 003b1000 08:06 1999724                    /home/reza/AndroidStudioProjects/simrs-web/lib/hibernate3.jar
7fc644050000-7fc644051000 r--s 00003000 08:06 1999722                    /home/reza/AndroidStudioProjects/simrs-web/lib/hibernate-spatial-postgis-1.1.1.jar
7fc644051000-7fc644053000 r--s 00014000 08:06 1999720                    /home/reza/AndroidStudioProjects/simrs-web/lib/hibernate-spatial-1.1.1.jar
7fc644053000-7fc644058000 r--s 00015000 08:06 1999718                    /home/reza/AndroidStudioProjects/simrs-web/lib/hibernate-jpa-2.0-api-1.0.1.Final.jar
7fc644058000-7fc64405d000 r--s 00036000 08:06 2008253                    /home/reza/AndroidStudioProjects/simrs-web/lib/gson-2.8.5.jar
7fc64405d000-7fc644062000 r--s 00034000 08:06 2008251                    /home/reza/AndroidStudioProjects/simrs-web/lib/gson-2.8.2.jar
7fc644062000-7fc644063000 r--s 00003000 08:06 1999714                    /home/reza/AndroidStudioProjects/simrs-web/lib/gpxparser-20130603.jar
7fc644063000-7fc644074000 r--s 000d3000 08:06 1999712                    /home/reza/AndroidStudioProjects/simrs-web/lib/freemarker-2.3.19.jar
7fc644074000-7fc644077000 r--s 00013000 08:06 1999710                    /home/reza/AndroidStudioProjects/simrs-web/lib/ezmorph-1.0.6.jar
7fc644077000-7fc644079000 r--s 00003000 08:06 2008240                    /home/reza/AndroidStudioProjects/simrs-web/lib/expo-push-sdk-0.1.4.jar
7fc644079000-7fc64408d000 r--s 0010f000 08:06 1999708                    /home/reza/AndroidStudioProjects/simrs-web/lib/dwr.jar
7fc64408d000-7fc644092000 r--s 00048000 08:06 1999706                    /home/reza/AndroidStudioProjects/simrs-web/lib/dom4j-1.6.1.jar
7fc644092000-7fc644094000 r--s 00001000 08:06 1999705                    /home/reza/AndroidStudioProjects/simrs-web/lib/displaytag-portlet-1.2.jar
7fc644094000-7fc644096000 r--s 00002000 08:06 1999698                    /home/reza/AndroidStudioProjects/simrs-web/lib/displaytag-export-poi-1.2.jar
7fc644096000-7fc64409a000 r--s 00032000 08:06 1999642                    /home/reza/AndroidStudioProjects/simrs-web/lib/displaytag-1.2.jar
7fc64409a000-7fc6440a2000 r--s 00078000 08:06 1999630                    /home/reza/AndroidStudioProjects/simrs-web/lib/core-2.2.jar
7fc6440a2000-7fc6440a3000 r--s 00001000 08:06 2006972                    /home/reza/AndroidStudioProjects/simrs-web/lib/converter-gson-2.4.0.jar
7fc6440a3000-7fc6440a6000 r--s 0001f000 08:06 1999628                    /home/reza/AndroidStudioProjects/simrs-web/lib/commons-validator-1.3.1.jar
7fc6440a6000-7fc6440a8000 r--s 0000d000 08:06 1999626                    /home/reza/AndroidStudioProjects/simrs-web/lib/commons-logging-1.1.1.jar
7fc6440a8000-7fc6440ae000 r--s 00048000 08:06 1999624                    /home/reza/AndroidStudioProjects/simrs-web/lib/commons-lang3-3.1.jar
7fc6440ae000-7fc6440b2000 r--s 00038000 08:06 1999622                    /home/reza/AndroidStudioProjects/simrs-web/lib/commons-lang-2.3.jar
7fc6440b2000-7fc6440b5000 r--s 00024000 08:06 1999620                    /home/reza/AndroidStudioProjects/simrs-web/lib/commons-io-2.0.1.jar
7fc6440b5000-7fc6440b7000 r--s 0000d000 08:06 1999618                    /home/reza/AndroidStudioProjects/simrs-web/lib/commons-fileupload-1.2.2.jar
7fc6440b7000-7fc6440bb000 r--s 00021000 08:06 1999616                    /home/reza/AndroidStudioProjects/simrs-web/lib/commons-digester-2.0.jar
7fc6440bb000-7fc6440c8000 r--s 0007c000 08:06 1999614                    /home/reza/AndroidStudioProjects/simrs-web/lib/commons-collections-3.1.jar
7fc6440c8000-7fc6440cb000 r--s 00014000 08:06 1999612                    /home/reza/AndroidStudioProjects/simrs-web/lib/commons-chain-1.2.jar
7fc6440cb000-7fc6440d0000 r--s 00034000 08:06 1999610                    /home/reza/AndroidStudioProjects/simrs-web/lib/commons-beanutils-1.8.0.jar
7fc6440d0000-7fc6440d2000 r--s 00008000 08:06 1999608                    /home/reza/AndroidStudioProjects/simrs-web/lib/classworlds-1.1.jar
7fc6440d2000-7fc6440d9000 r--s 0003e000 08:06 1999606                    /home/reza/AndroidStudioProjects/simrs-web/lib/cglib-2.2.jar
7fc6440d9000-7fc6440da000 r--s 00007000 08:06 1999604                    /home/reza/AndroidStudioProjects/simrs-web/lib/batik-xml.jar
7fc6440da000-7fc6440dd000 r--s 0001d000 08:06 1999602                    /home/reza/AndroidStudioProjects/simrs-web/lib/batik-util.jar
7fc6440dd000-7fc6440ea000 r--s 00087000 08:06 1999600                    /home/reza/AndroidStudioProjects/simrs-web/lib/batik-svg-dom.jar
7fc6440ea000-7fc6440ed000 r--s 0000d000 08:06 1999598                    /home/reza/AndroidStudioProjects/simrs-web/lib/batik-script.jar
7fc6440ed000-7fc6440f1000 r--s 00038000 08:06 1999594                    /home/reza/AndroidStudioProjects/simrs-web/lib/batik-gvt.jar
7fc6440f1000-7fc6440f5000 r--s 00027000 08:06 1999590                    /home/reza/AndroidStudioProjects/simrs-web/lib/batik-dom.jar
7fc6440f5000-7fc6440f6000 ---p 00000000 00:00 0 
7fc6440f6000-7fc6441f6000 rw-p 00000000 00:00 0 
7fc6441f6000-7fc6441f9000 ---p 00000000 00:00 0 
7fc6441f9000-7fc6443f7000 rw-p 00000000 00:00 0 
7fc6443f7000-7fc6443f8000 ---p 00000000 00:00 0 
7fc6443f8000-7fc6443fb000 ---p 00000000 00:00 0 
7fc6443fb000-7fc6444f8000 rw-p 00000000 00:00 0 
7fc6444f8000-7fc6444f9000 ---p 00000000 00:00 0 
7fc6444f9000-7fc6444fc000 ---p 00000000 00:00 0 
7fc6444fc000-7fc6445f9000 rw-p 00000000 00:00 0 
7fc6445f9000-7fc6445fa000 ---p 00000000 00:00 0 
7fc6445fa000-7fc6445fd000 ---p 00000000 00:00 0 
7fc6445fd000-7fc6446fa000 rw-p 00000000 00:00 0 
7fc6446fa000-7fc6446fd000 ---p 00000000 00:00 0 
7fc6446fd000-7fc6448fb000 rw-p 00000000 00:00 0 
7fc6448fb000-7fc6448fe000 ---p 00000000 00:00 0 
7fc6448fe000-7fc644afc000 rw-p 00000000 00:00 0 
7fc644afc000-7fc644aff000 ---p 00000000 00:00 0 
7fc644aff000-7fc644cfd000 rw-p 00000000 00:00 0 
7fc644cfd000-7fc644cfe000 ---p 00000000 00:00 0 
7fc644cfe000-7fc645000000 rw-p 00000000 00:00 0 
7fc645000000-7fc646280000 rwxp 00000000 00:00 0 
7fc646280000-7fc654000000 ---p 00000000 00:00 0 
7fc654000000-7fc654ea1000 rw-p 00000000 00:00 0 
7fc654ea1000-7fc658000000 ---p 00000000 00:00 0 
7fc658000000-7fc658002000 r--s 00010000 08:06 1999596                    /home/reza/AndroidStudioProjects/simrs-web/lib/batik-parser.jar
7fc658002000-7fc658003000 r--s 00002000 08:06 1999592                    /home/reza/AndroidStudioProjects/simrs-web/lib/batik-ext.jar
7fc658003000-7fc65800b000 r--s 00045000 08:06 1999588                    /home/reza/AndroidStudioProjects/simrs-web/lib/batik-css.jar
7fc65800b000-7fc658015000 r--s 00080000 08:06 1999586                    /home/reza/AndroidStudioProjects/simrs-web/lib/batik-bridge.jar
7fc658015000-7fc65801c000 r--s 0005c000 08:06 1999584                    /home/reza/AndroidStudioProjects/simrs-web/lib/batik-awt-util.jar
7fc65801c000-7fc65801f000 r--s 00015000 08:06 1999582                    /home/reza/AndroidStudioProjects/simrs-web/lib/batik-anim.jar
7fc65801f000-7fc658024000 r--s 0003e000 08:06 1999580                    /home/reza/AndroidStudioProjects/simrs-web/lib/barcode4j-2.1.jar
7fc658024000-7fc658026000 r--s 00004000 08:06 1999578                    /home/reza/AndroidStudioProjects/simrs-web/lib/asm-tree-3.3.jar
7fc658026000-7fc658028000 r--s 00008000 08:06 1999576                    /home/reza/AndroidStudioProjects/simrs-web/lib/asm-commons-3.3.jar
7fc658028000-7fc65802a000 r--s 00000000 08:06 1999572                    /home/reza/AndroidStudioProjects/simrs-web/lib/aopalliance-1.0.jar
7fc65802a000-7fc65802f000 r--s 00068000 08:06 1999570                    /home/reza/AndroidStudioProjects/simrs-web/lib/antlr-2.7.7.jar
7fc65802f000-7fc658031000 r--s 0001a000 08:06 1870347                    /opt/idea/idea-IU-182.5262.2/lib/idea_rt.jar
7fc658031000-7fc6580aa000 r--s 010fd000 08:06 2490937                    /usr/lib/jvm/java-8-oracle/lib/tools.jar
7fc6580aa000-7fc6580c8000 r--s 001cf000 08:06 1870259                    /opt/idea/idea-IU-182.5262.2/lib/ant/lib/ant.jar
7fc6580c8000-7fc658e87000 rw-p 00000000 00:00 0 
7fc658e87000-7fc659061000 r--s 03d6f000 08:06 2509707                    /usr/lib/jvm/java-8-oracle/jre/lib/rt.jar
7fc659061000-7fc659b32000 rw-p 00000000 00:00 0 
7fc659b32000-7fc659b33000 ---p 00000000 00:00 0 
7fc659b33000-7fc659c33000 rw-p 00000000 00:00 0 
7fc659c33000-7fc659c34000 ---p 00000000 00:00 0 
7fc659c34000-7fc659d34000 rw-p 00000000 00:00 0 
7fc659d34000-7fc659d35000 ---p 00000000 00:00 0 
7fc659d35000-7fc659e35000 rw-p 00000000 00:00 0 
7fc659e35000-7fc659e36000 ---p 00000000 00:00 0 
7fc659e36000-7fc659f84000 rw-p 00000000 00:00 0 
7fc659f84000-7fc65a08b000 ---p 00000000 00:00 0 
7fc65a08b000-7fc65a136000 rw-p 00000000 00:00 0 
7fc65a136000-7fc65a181000 rw-p 00000000 00:00 0 
7fc65a181000-7fc65a4f7000 ---p 00000000 00:00 0 
7fc65a4f7000-7fc65a512000 r-xp 00000000 08:06 2509919                    /usr/lib/jvm/java-8-oracle/jre/lib/amd64/libzip.so
7fc65a512000-7fc65a711000 ---p 0001b000 08:06 2509919                    /usr/lib/jvm/java-8-oracle/jre/lib/amd64/libzip.so
7fc65a711000-7fc65a712000 r--p 0001a000 08:06 2509919                    /usr/lib/jvm/java-8-oracle/jre/lib/amd64/libzip.so
7fc65a712000-7fc65a713000 rw-p 0001b000 08:06 2509919                    /usr/lib/jvm/java-8-oracle/jre/lib/amd64/libzip.so
7fc65a713000-7fc65a71e000 r-xp 00000000 08:06 136415                     /lib/x86_64-linux-gnu/libnss_files-2.27.so
7fc65a71e000-7fc65a91d000 ---p 0000b000 08:06 136415                     /lib/x86_64-linux-gnu/libnss_files-2.27.so
7fc65a91d000-7fc65a91e000 r--p 0000a000 08:06 136415                     /lib/x86_64-linux-gnu/libnss_files-2.27.so
7fc65a91e000-7fc65a91f000 rw-p 0000b000 08:06 136415                     /lib/x86_64-linux-gnu/libnss_files-2.27.so
7fc65a91f000-7fc65a925000 rw-p 00000000 00:00 0 
7fc65a925000-7fc65a93c000 r-xp 00000000 08:06 136409                     /lib/x86_64-linux-gnu/libnsl-2.27.so
7fc65a93c000-7fc65ab3b000 ---p 00017000 08:06 136409                     /lib/x86_64-linux-gnu/libnsl-2.27.so
7fc65ab3b000-7fc65ab3c000 r--p 00016000 08:06 136409                     /lib/x86_64-linux-gnu/libnsl-2.27.so
7fc65ab3c000-7fc65ab3d000 rw-p 00017000 08:06 136409                     /lib/x86_64-linux-gnu/libnsl-2.27.so
7fc65ab3d000-7fc65ab3f000 rw-p 00000000 00:00 0 
7fc65ab3f000-7fc65ab4a000 r-xp 00000000 08:06 136426                     /lib/x86_64-linux-gnu/libnss_nis-2.27.so
7fc65ab4a000-7fc65ad49000 ---p 0000b000 08:06 136426                     /lib/x86_64-linux-gnu/libnss_nis-2.27.so
7fc65ad49000-7fc65ad4a000 r--p 0000a000 08:06 136426                     /lib/x86_64-linux-gnu/libnss_nis-2.27.so
7fc65ad4a000-7fc65ad4b000 rw-p 0000b000 08:06 136426                     /lib/x86_64-linux-gnu/libnss_nis-2.27.so
7fc65ad4b000-7fc65ad53000 r-xp 00000000 08:06 136411                     /lib/x86_64-linux-gnu/libnss_compat-2.27.so
7fc65ad53000-7fc65af53000 ---p 00008000 08:06 136411                     /lib/x86_64-linux-gnu/libnss_compat-2.27.so
7fc65af53000-7fc65af54000 r--p 00008000 08:06 136411                     /lib/x86_64-linux-gnu/libnss_compat-2.27.so
7fc65af54000-7fc65af55000 rw-p 00009000 08:06 136411                     /lib/x86_64-linux-gnu/libnss_compat-2.27.so
7fc65af55000-7fc65af81000 r-xp 00000000 08:06 2509913                    /usr/lib/jvm/java-8-oracle/jre/lib/amd64/libjava.so
7fc65af81000-7fc65b181000 ---p 0002c000 08:06 2509913                    /usr/lib/jvm/java-8-oracle/jre/lib/amd64/libjava.so
7fc65b181000-7fc65b182000 r--p 0002c000 08:06 2509913                    /usr/lib/jvm/java-8-oracle/jre/lib/amd64/libjava.so
7fc65b182000-7fc65b184000 rw-p 0002d000 08:06 2509913                    /usr/lib/jvm/java-8-oracle/jre/lib/amd64/libjava.so
7fc65b184000-7fc65b191000 r-xp 00000000 08:06 2509918                    /usr/lib/jvm/java-8-oracle/jre/lib/amd64/libverify.so
7fc65b191000-7fc65b390000 ---p 0000d000 08:06 2509918                    /usr/lib/jvm/java-8-oracle/jre/lib/amd64/libverify.so
7fc65b390000-7fc65b392000 r--p 0000c000 08:06 2509918                    /usr/lib/jvm/java-8-oracle/jre/lib/amd64/libverify.so
7fc65b392000-7fc65b393000 rw-p 0000e000 08:06 2509918                    /usr/lib/jvm/java-8-oracle/jre/lib/amd64/libverify.so
7fc65b393000-7fc65b39a000 r-xp 00000000 08:06 136466                     /lib/x86_64-linux-gnu/librt-2.27.so
7fc65b39a000-7fc65b599000 ---p 00007000 08:06 136466                     /lib/x86_64-linux-gnu/librt-2.27.so
7fc65b599000-7fc65b59a000 r--p 00006000 08:06 136466                     /lib/x86_64-linux-gnu/librt-2.27.so
7fc65b59a000-7fc65b59b000 rw-p 00007000 08:06 136466                     /lib/x86_64-linux-gnu/librt-2.27.so
7fc65b59b000-7fc65b59c000 ---p 00000000 00:00 0 
7fc65b59c000-7fc65b59f000 ---p 00000000 00:00 0 
7fc65b59f000-7fc65b79c000 rw-p 00000000 00:00 0 
7fc65b79c000-7fc65b939000 r-xp 00000000 08:06 136388                     /lib/x86_64-linux-gnu/libm-2.27.so
7fc65b939000-7fc65bb38000 ---p 0019d000 08:06 136388                     /lib/x86_64-linux-gnu/libm-2.27.so
7fc65bb38000-7fc65bb39000 r--p 0019c000 08:06 136388                     /lib/x86_64-linux-gnu/libm-2.27.so
7fc65bb39000-7fc65bb3a000 rw-p 0019d000 08:06 136388                     /lib/x86_64-linux-gnu/libm-2.27.so
7fc65bb3a000-7fc65c822000 r-xp 00000000 08:06 2510511                    /usr/lib/jvm/java-8-oracle/jre/lib/amd64/server/libjvm.so
7fc65c822000-7fc65ca21000 ---p 00ce8000 08:06 2510511                    /usr/lib/jvm/java-8-oracle/jre/lib/amd64/server/libjvm.so
7fc65ca21000-7fc65cab7000 r--p 00ce7000 08:06 2510511                    /usr/lib/jvm/java-8-oracle/jre/lib/amd64/server/libjvm.so
7fc65cab7000-7fc65cae8000 rw-p 00d7d000 08:06 2510511                    /usr/lib/jvm/java-8-oracle/jre/lib/amd64/server/libjvm.so
7fc65cae8000-7fc65cb23000 rw-p 00000000 00:00 0 
7fc65cb23000-7fc65cd0a000 r-xp 00000000 08:06 136325                     /lib/x86_64-linux-gnu/libc-2.27.so
7fc65cd0a000-7fc65cf0a000 ---p 001e7000 08:06 136325                     /lib/x86_64-linux-gnu/libc-2.27.so
7fc65cf0a000-7fc65cf0e000 r--p 001e7000 08:06 136325                     /lib/x86_64-linux-gnu/libc-2.27.so
7fc65cf0e000-7fc65cf10000 rw-p 001eb000 08:06 136325                     /lib/x86_64-linux-gnu/libc-2.27.so
7fc65cf10000-7fc65cf14000 rw-p 00000000 00:00 0 
7fc65cf14000-7fc65cf17000 r-xp 00000000 08:06 136348                     /lib/x86_64-linux-gnu/libdl-2.27.so
7fc65cf17000-7fc65d116000 ---p 00003000 08:06 136348                     /lib/x86_64-linux-gnu/libdl-2.27.so
7fc65d116000-7fc65d117000 r--p 00002000 08:06 136348                     /lib/x86_64-linux-gnu/libdl-2.27.so
7fc65d117000-7fc65d118000 rw-p 00003000 08:06 136348                     /lib/x86_64-linux-gnu/libdl-2.27.so
7fc65d118000-7fc65d12f000 r-xp 00000000 08:06 2509653                    /usr/lib/jvm/java-8-oracle/lib/amd64/jli/libjli.so
7fc65d12f000-7fc65d32e000 ---p 00017000 08:06 2509653                    /usr/lib/jvm/java-8-oracle/lib/amd64/jli/libjli.so
7fc65d32e000-7fc65d32f000 r--p 00016000 08:06 2509653                    /usr/lib/jvm/java-8-oracle/lib/amd64/jli/libjli.so
7fc65d32f000-7fc65d330000 rw-p 00017000 08:06 2509653                    /usr/lib/jvm/java-8-oracle/lib/amd64/jli/libjli.so
7fc65d330000-7fc65d34a000 r-xp 00000000 08:06 136458                     /lib/x86_64-linux-gnu/libpthread-2.27.so
7fc65d34a000-7fc65d549000 ---p 0001a000 08:06 136458                     /lib/x86_64-linux-gnu/libpthread-2.27.so
7fc65d549000-7fc65d54a000 r--p 00019000 08:06 136458                     /lib/x86_64-linux-gnu/libpthread-2.27.so
7fc65d54a000-7fc65d54b000 rw-p 0001a000 08:06 136458                     /lib/x86_64-linux-gnu/libpthread-2.27.so
7fc65d54b000-7fc65d54f000 rw-p 00000000 00:00 0 
7fc65d54f000-7fc65d576000 r-xp 00000000 08:06 136297                     /lib/x86_64-linux-gnu/ld-2.27.so
7fc65d576000-7fc65d577000 r--s 0000a000 08:06 1999574                    /home/reza/AndroidStudioProjects/simrs-web/lib/asm-3.3.jar
7fc65d577000-7fc65d578000 r--s 00002000 08:06 1865999                    /opt/idea/idea-IU-182.5262.2/lib/ant/lib/ant-antlr.jar
7fc65d578000-7fc65d579000 r--s 00002000 08:06 1868615                    /opt/idea/idea-IU-182.5262.2/lib/ant/lib/ant-apache-bsf.jar
7fc65d579000-7fc65d57a000 r--s 00002000 08:06 1869878                    /opt/idea/idea-IU-182.5262.2/lib/ant/lib/ant-commons-logging.jar
7fc65d57a000-7fc65d57b000 r--s 00003000 08:06 1870245                    /opt/idea/idea-IU-182.5262.2/lib/ant/lib/ant-netrexx.jar
7fc65d57b000-7fc65d57d000 r--s 00002000 08:06 1870171                    /opt/idea/idea-IU-182.5262.2/lib/ant/lib/ant-jmf.jar
7fc65d57d000-7fc65d57f000 r--s 0000a000 08:06 1870179                    /opt/idea/idea-IU-182.5262.2/lib/ant/lib/ant-jsch.jar
7fc65d57f000-7fc65d582000 r--s 00014000 08:06 1869928                    /opt/idea/idea-IU-182.5262.2/lib/ant/lib/ant-commons-net.jar
7fc65d582000-7fc65d64e000 rw-p 00000000 00:00 0 
7fc65d64e000-7fc65d756000 ---p 00000000 00:00 0 
7fc65d756000-7fc65d75a000 rw-p 00000000 00:00 0 
7fc65d75a000-7fc65d75b000 r--s 00006000 08:06 1869970                    /opt/idea/idea-IU-182.5262.2/lib/ant/lib/ant-jai.jar
7fc65d75b000-7fc65d75c000 r--s 00003000 08:06 1870166                    /opt/idea/idea-IU-182.5262.2/lib/ant/lib/ant-jdepend.jar
7fc65d75c000-7fc65d75d000 r--s 00002000 08:06 1868744                    /opt/idea/idea-IU-182.5262.2/lib/ant/lib/ant-apache-regexp.jar
7fc65d75d000-7fc65d75e000 r--s 00002000 08:06 1868633                    /opt/idea/idea-IU-182.5262.2/lib/ant/lib/ant-apache-oro.jar
7fc65d75e000-7fc65d75f000 r--s 00001000 08:06 1869494                    /opt/idea/idea-IU-182.5262.2/lib/ant/lib/ant-apache-xalan2.jar
7fc65d75f000-7fc65d760000 r--s 00002000 08:06 1869407                    /opt/idea/idea-IU-182.5262.2/lib/ant/lib/ant-apache-resolver.jar
7fc65d760000-7fc65d762000 r--s 00004000 08:06 1870255                    /opt/idea/idea-IU-182.5262.2/lib/ant/lib/ant-testutil.jar
7fc65d762000-7fc65d764000 r--s 00002000 08:06 1870217                    /opt/idea/idea-IU-182.5262.2/lib/ant/lib/ant-junit4.jar
7fc65d764000-7fc65d765000 r--s 00003000 08:06 1866444                    /opt/idea/idea-IU-182.5262.2/lib/ant/lib/ant-apache-bcel.jar
7fc65d765000-7fc65d766000 r--s 00003000 08:06 1870251                    /opt/idea/idea-IU-182.5262.2/lib/ant/lib/ant-swing.jar
7fc65d766000-7fc65d767000 r--s 00004000 08:06 1870229                    /opt/idea/idea-IU-182.5262.2/lib/ant/lib/ant-launcher.jar
7fc65d767000-7fc65d769000 r--s 0001b000 08:06 1870186                    /opt/idea/idea-IU-182.5262.2/lib/ant/lib/ant-junit.jar
7fc65d769000-7fc65d76b000 r--s 00001000 08:06 1868620                    /opt/idea/idea-IU-182.5262.2/lib/ant/lib/ant-apache-log4j.jar
7fc65d76b000-7fc65d76c000 r--s 00003000 08:06 1870139                    /opt/idea/idea-IU-182.5262.2/lib/ant/lib/ant-javamail.jar
7fc65d76c000-7fc65d774000 rw-s 00000000 08:06 915804                     /tmp/hsperfdata_root/13714
7fc65d774000-7fc65d775000 rw-p 00000000 00:00 0 
7fc65d775000-7fc65d776000 ---p 00000000 00:00 0 
7fc65d776000-7fc65d777000 r--p 00027000 08:06 136297                     /lib/x86_64-linux-gnu/ld-2.27.so
7fc65d777000-7fc65d778000 rw-p 00028000 08:06 136297                     /lib/x86_64-linux-gnu/ld-2.27.so
7fc65d778000-7fc65d779000 rw-p 00000000 00:00 0 
7fffab453000-7fffab474000 rw-p 00000000 00:00 0                          [stack]
7fffab4b9000-7fffab4bc000 r--p 00000000 00:00 0                          [vvar]
7fffab4bc000-7fffab4be000 r-xp 00000000 00:00 0                          [vdso]
ffffffffff600000-ffffffffff601000 r-xp 00000000 00:00 0                  [vsyscall]

VM Arguments:
jvm_args: -Xmx1024m -Xss2m -Dant.home=/opt/idea/idea-IU-182.5262.2/lib/ant -Dant.library.dir=/opt/idea/idea-IU-182.5262.2/lib/ant/lib -Dfile.encoding=UTF-8 
java_command: com.intellij.rt.ant.execution.AntMain2 -logger com.intellij.rt.ant.execution.IdeaAntLogger2 -inputhandler com.intellij.rt.ant.execution.IdeaInputHandler -buildfile /home/reza/AndroidStudioProjects/simrs-web/bin/build.xml deploy
java_class_path (initial): /opt/idea/idea-IU-182.5262.2/lib/ant/lib/ant-javamail.jar:/opt/idea/idea-IU-182.5262.2/lib/ant/lib/ant-apache-log4j.jar:/opt/idea/idea-IU-182.5262.2/lib/ant/lib/ant-junit.jar:/opt/idea/idea-IU-182.5262.2/lib/ant/lib/ant-launcher.jar:/opt/idea/idea-IU-182.5262.2/lib/ant/lib/ant-swing.jar:/opt/idea/idea-IU-182.5262.2/lib/ant/lib/ant-apache-bcel.jar:/opt/idea/idea-IU-182.5262.2/lib/ant/lib/ant-junit4.jar:/opt/idea/idea-IU-182.5262.2/lib/ant/lib/ant-testutil.jar:/opt/idea/idea-IU-182.5262.2/lib/ant/lib/ant.jar:/opt/idea/idea-IU-182.5262.2/lib/ant/lib/ant-apache-resolver.jar:/opt/idea/idea-IU-182.5262.2/lib/ant/lib/ant-apache-xalan2.jar:/opt/idea/idea-IU-182.5262.2/lib/ant/lib/ant-apache-oro.jar:/opt/idea/idea-IU-182.5262.2/lib/ant/lib/ant-apache-regexp.jar:/opt/idea/idea-IU-182.5262.2/lib/ant/lib/ant-commons-net.jar:/opt/idea/idea-IU-182.5262.2/lib/ant/lib/ant-jdepend.jar:/opt/idea/idea-IU-182.5262.2/lib/ant/lib/ant-jai.jar:/opt/idea/idea-IU-182.5262.2/lib/ant/lib/ant-jsch.jar:/opt/idea/idea-IU-182.5262.2/lib/ant/lib/ant-jmf.jar:/opt/idea/idea-IU-182.5262.2/lib/ant/lib/ant-netrexx.jar:/opt/idea/idea-IU-182.5262.2/lib/ant/lib/ant-commons-logging.jar:/opt/idea/idea-IU-182.5262.2/lib/ant/lib/ant-apache-bsf.jar:/opt/idea/idea-IU-182.5262.2/lib/ant/lib/ant-antlr.jar:/usr/lib/jvm/java-8-oracle/lib/tools.jar:/opt/idea/idea-IU-182.5262.2/lib/idea_rt.jar
Launcher Type: SUN_STANDARD

Environment Variables:
PATH=/usr/local/sbin:/usr/local/bin:/usr/sbin:/usr/bin:/sbin:/bin:/snap/bin
USERNAME=root
SHELL=/bin/bash
DISPLAY=:0

Signal Handlers:
SIGSEGV: [libjvm.so+0xad3e60], sa_mask[0]=11111111011111111101111111111110, sa_flags=SA_RESTART|SA_SIGINFO
SIGBUS: [libjvm.so+0xad3e60], sa_mask[0]=11111111011111111101111111111110, sa_flags=SA_RESTART|SA_SIGINFO
SIGFPE: [libjvm.so+0x90b880], sa_mask[0]=11111111011111111101111111111110, sa_flags=SA_RESTART|SA_SIGINFO
SIGPIPE: [libjvm.so+0x90b880], sa_mask[0]=11111111011111111101111111111110, sa_flags=SA_RESTART|SA_SIGINFO
SIGXFSZ: [libjvm.so+0x90b880], sa_mask[0]=11111111011111111101111111111110, sa_flags=SA_RESTART|SA_SIGINFO
SIGILL: [libjvm.so+0x90b880], sa_mask[0]=11111111011111111101111111111110, sa_flags=SA_RESTART|SA_SIGINFO
SIGUSR1: SIG_DFL, sa_mask[0]=00000000000000000000000000000000, sa_flags=none
SIGUSR2: [libjvm.so+0x90b750], sa_mask[0]=00100000000000000000000000000000, sa_flags=SA_RESTART|SA_SIGINFO
SIGHUP: [libjvm.so+0x90bd70], sa_mask[0]=11111111011111111101111111111110, sa_flags=SA_RESTART|SA_SIGINFO
SIGINT: [libjvm.so+0x90bd70], sa_mask[0]=11111111011111111101111111111110, sa_flags=SA_RESTART|SA_SIGINFO
SIGTERM: [libjvm.so+0x90bd70], sa_mask[0]=11111111011111111101111111111110, sa_flags=SA_RESTART|SA_SIGINFO
SIGQUIT: [libjvm.so+0x90bd70], sa_mask[0]=11111111011111111101111111111110, sa_flags=SA_RESTART|SA_SIGINFO


---------------  S Y S T E M  ---------------

OS:DISTRIB_ID=Ubuntu
DISTRIB_RELEASE=18.04
DISTRIB_CODENAME=bionic
DISTRIB_DESCRIPTION="Ubuntu 18.04.3 LTS"

uname:Linux 4.15.0-43-generic #46-Ubuntu SMP Thu Dec 6 14:45:28 UTC 2018 x86_64
libc:glibc 2.27 NPTL 2.27 
rlimit: STACK 8192k, CORE 0k, NPROC 30960, NOFILE 4096, AS infinity
load average:1,71 0,91 0,89

/proc/meminfo:
MemTotal:        8045268 kB
MemFree:          118972 kB
MemAvailable:      21476 kB
Buffers:            2072 kB
Cached:           388308 kB
SwapCached:            0 kB
Active:          7274480 kB
Inactive:         373664 kB
Active(anon):    7266304 kB
Inactive(anon):   365228 kB
Active(file):       8176 kB
Inactive(file):     8436 kB
Unevictable:          36 kB
Mlocked:              36 kB
SwapTotal:             0 kB
SwapFree:              0 kB
Dirty:                44 kB
Writeback:             0 kB
AnonPages:       7258132 kB
Mapped:           244416 kB
Shmem:            373436 kB
Slab:             121584 kB
SReclaimable:      57848 kB
SUnreclaim:        63736 kB
KernelStack:       15456 kB
PageTables:        71480 kB
NFS_Unstable:          0 kB
Bounce:                0 kB
WritebackTmp:          0 kB
CommitLimit:     4022632 kB
Committed_AS:   12350644 kB
VmallocTotal:   34359738367 kB
VmallocUsed:           0 kB
VmallocChunk:          0 kB
HardwareCorrupted:     0 kB
AnonHugePages:         0 kB
ShmemHugePages:        0 kB
ShmemPmdMapped:        0 kB
CmaTotal:              0 kB
CmaFree:               0 kB
HugePages_Total:       0
HugePages_Free:        0
HugePages_Rsvd:        0
HugePages_Surp:        0
Hugepagesize:       2048 kB
DirectMap4k:      211332 kB
DirectMap2M:     8054784 kB
DirectMap1G:     1048576 kB

container (cgroup) information:
container_type: cgroupv1
cpu_cpuset_cpus: 0-3
cpu_memory_nodes: 0
active_processor_count: 4
cpu_quota: -1
cpu_period: 100000
cpu_shares: -1
memory_limit_in_bytes: -1
memory_and_swap_limit_in_bytes: -2
memory_soft_limit_in_bytes: -1
memory_usage_in_bytes: 7832338432
memory_max_usage_in_bytes: 0


CPU:total 4 (initial active 4) (2 cores per cpu, 2 threads per core) family 6 model 69 stepping 1, cmov, cx8, fxsr, mmx, sse, sse2, sse3, ssse3, sse4.1, sse4.2, popcnt, avx, avx2, aes, clmul, erms, lzcnt, ht, tsc, tscinvbit, bmi1, bmi2

/proc/cpuinfo:
processor	: 0
vendor_id	: GenuineIntel
cpu family	: 6
model		: 69
model name	: Intel(R) Core(TM) i7-4600U CPU @ 2.10GHz
stepping	: 1
microcode	: 0x25
cpu MHz		: 2866.733
cache size	: 4096 KB
physical id	: 0
siblings	: 4
core id		: 0
cpu cores	: 2
apicid		: 0
initial apicid	: 0
fpu		: yes
fpu_exception	: yes
cpuid level	: 13
wp		: yes
flags		: fpu vme de pse tsc msr pae mce cx8 apic sep mtrr pge mca cmov pat pse36 clflush dts acpi mmx fxsr sse sse2 ss ht tm pbe syscall nx pdpe1gb rdtscp lm constant_tsc arch_perfmon pebs bts rep_good nopl xtopology nonstop_tsc cpuid aperfmperf pni pclmulqdq dtes64 monitor ds_cpl vmx smx est tm2 ssse3 sdbg fma cx16 xtpr pdcm pcid sse4_1 sse4_2 x2apic movbe popcnt tsc_deadline_timer aes xsave avx f16c rdrand lahf_lm abm cpuid_fault epb invpcid_single pti ssbd ibrs ibpb stibp tpr_shadow vnmi flexpriority ept vpid fsgsbase tsc_adjust bmi1 avx2 smep bmi2 erms invpcid xsaveopt dtherm ida arat pln pts flush_l1d
bugs		: cpu_meltdown spectre_v1 spectre_v2 spec_store_bypass l1tf
bogomips	: 5387.80
clflush size	: 64
cache_alignment	: 64
address sizes	: 39 bits physical, 48 bits virtual
power management:

processor	: 1
vendor_id	: GenuineIntel
cpu family	: 6
model		: 69
model name	: Intel(R) Core(TM) i7-4600U CPU @ 2.10GHz
stepping	: 1
microcode	: 0x25
cpu MHz		: 3001.592
cache size	: 4096 KB
physical id	: 0
siblings	: 4
core id		: 0
cpu cores	: 2
apicid		: 1
initial apicid	: 1
fpu		: yes
fpu_exception	: yes
cpuid level	: 13
wp		: yes
flags		: fpu vme de pse tsc msr pae mce cx8 apic sep mtrr pge mca cmov pat pse36 clflush dts acpi mmx fxsr sse sse2 ss ht tm pbe syscall nx pdpe1gb rdtscp lm constant_tsc arch_perfmon pebs bts rep_good nopl xtopology nonstop_tsc cpuid aperfmperf pni pclmulqdq dtes64 monitor ds_cpl vmx smx est tm2 ssse3 sdbg fma cx16 xtpr pdcm pcid sse4_1 sse4_2 x2apic movbe popcnt tsc_deadline_timer aes xsave avx f16c rdrand lahf_lm abm cpuid_fault epb invpcid_single pti ssbd ibrs ibpb stibp tpr_shadow vnmi flexpriority ept vpid fsgsbase tsc_adjust bmi1 avx2 smep bmi2 erms invpcid xsaveopt dtherm ida arat pln pts flush_l1d
bugs		: cpu_meltdown spectre_v1 spectre_v2 spec_store_bypass l1tf
bogomips	: 5387.80
clflush size	: 64
cache_alignment	: 64
address sizes	: 39 bits physical, 48 bits virtual
power management:

processor	: 2
vendor_id	: GenuineIntel
cpu family	: 6
model		: 69
model name	: Intel(R) Core(TM) i7-4600U CPU @ 2.10GHz
stepping	: 1
microcode	: 0x25
cpu MHz		: 2829.837
cache size	: 4096 KB
physical id	: 0
siblings	: 4
core id		: 1
cpu cores	: 2
apicid		: 2
initial apicid	: 2
fpu		: yes
fpu_exception	: yes
cpuid level	: 13
wp		: yes
flags		: fpu vme de pse tsc msr pae mce cx8 apic sep mtrr pge mca cmov pat pse36 clflush dts acpi mmx fxsr sse sse2 ss ht tm pbe syscall nx pdpe1gb rdtscp lm constant_tsc arch_perfmon pebs bts rep_good nopl xtopology nonstop_tsc cpuid aperfmperf pni pclmulqdq dtes64 monitor ds_cpl vmx smx est tm2 ssse3 sdbg fma cx16 xtpr pdcm pcid sse4_1 sse4_2 x2apic movbe popcnt tsc_deadline_timer aes xsave avx f16c rdrand lahf_lm abm cpuid_fault epb invpcid_single pti ssbd ibrs ibpb stibp tpr_shadow vnmi flexpriority ept vpid fsgsbase tsc_adjust bmi1 avx2 smep bmi2 erms invpcid xsaveopt dtherm ida arat pln pts flush_l1d
bugs		: cpu_meltdown spectre_v1 spectre_v2 spec_store_bypass l1tf
bogomips	: 5387.80
clflush size	: 64
cache_alignment	: 64
address sizes	: 39 bits physical, 48 bits virtual
power management:

processor	: 3
vendor_id	: GenuineIntel
cpu family	: 6
model		: 69
model name	: Intel(R) Core(TM) i7-4600U CPU @ 2.10GHz
stepping	: 1
microcode	: 0x25
cpu MHz		: 2945.567
cache size	: 4096 KB
physical id	: 0
siblings	: 4
core id		: 1
cpu cores	: 2
apicid		: 3
initial apicid	: 3
fpu		: yes
fpu_exception	: yes
cpuid level	: 13
wp		: yes
flags		: fpu vme de pse tsc msr pae mce cx8 apic sep mtrr pge mca cmov pat pse36 clflush dts acpi mmx fxsr sse sse2 ss ht tm pbe syscall nx pdpe1gb rdtscp lm constant_tsc arch_perfmon pebs bts rep_good nopl xtopology nonstop_tsc cpuid aperfmperf pni pclmulqdq dtes64 monitor ds_cpl vmx smx est tm2 ssse3 sdbg fma cx16 xtpr pdcm pcid sse4_1 sse4_2 x2apic movbe popcnt tsc_deadline_timer aes xsave avx f16c rdrand lahf_lm abm cpuid_fault epb invpcid_single pti ssbd ibrs ibpb stibp tpr_shadow vnmi flexpriority ept vpid fsgsbase tsc_adjust bmi1 avx2 smep bmi2 erms invpcid xsaveopt dtherm ida arat pln pts flush_l1d
bugs		: cpu_meltdown spectre_v1 spectre_v2 spec_store_bypass l1tf
bogomips	: 5387.80
clflush size	: 64
cache_alignment	: 64
address sizes	: 39 bits physical, 48 bits virtual
power management:



Memory: 4k page, physical 8045268k(118564k free), swap 0k(0k free)

vm_info: Java HotSpot(TM) 64-Bit Server VM (25.201-b09) for linux-amd64 JRE (1.8.0_201-b09), built on Dec 15 2018 11:35:59 by "java_re" with gcc 7.3.0

time: Thu Mar 12 13:53:08 2020
timezone: WIB
elapsed time: 11 seconds (0d 0h 0m 11s)

